#
# There is insufficient memory for the Java Runtime Environment to continue.
# Native memory allocation (malloc) failed to allocate 744176 bytes for Chunk::new
# Possible reasons:
#   The system is out of physical RAM or swap space
#   The process is running with CompressedOops enabled, and the Java Heap may be blocking the growth of the native heap
# Possible solutions:
#   Reduce memory load on the system
#   Increase physical memory or swap space
#   Check if swap backing store is full
#   Decrease Java heap size (-Xmx/-Xms)
#   Decrease number of Java threads
#   Decrease Java thread stack sizes (-Xss)
#   Set larger code cache with -XX:ReservedCodeCacheSize=
#   JVM is running with Unscaled Compressed Oops mode in which the Java heap is
#     placed in the first 4GB address space. The Java Heap base address is the
#     maximum limit for the native heap growth. Please use -XX:HeapBaseMinAddress
#     to set the Java Heap base and to place the Java Heap above 4GB virtual address.
# This output file may be truncated or incomplete.
#
#  Out of Memory Error (arena.cpp:191), pid=16232, tid=24024
#
# JRE version: OpenJDK Runtime Environment Temurin-17.0.9+9 (17.0.9+9) (build 17.0.9+9)
# Java VM: OpenJDK 64-Bit Server VM Temurin-17.0.9+9 (17.0.9+9, mixed mode, sharing, tiered, compressed oops, compressed class ptrs, g1 gc, windows-amd64)
# No core dump will be written. Minidumps are not enabled by default on client versions of Windows
#

---------------  S U M M A R Y ------------

Command Line: --add-opens=java.base/java.util=ALL-UNNAMED --add-opens=java.base/java.lang=ALL-UNNAMED --add-opens=java.base/java.lang.invoke=ALL-UNNAMED --add-opens=java.prefs/java.util.prefs=ALL-UNNAMED --add-opens=java.base/java.nio.charset=ALL-UNNAMED --add-opens=java.base/java.net=ALL-UNNAMED --add-opens=java.base/java.util.concurrent.atomic=ALL-UNNAMED -XX:MaxMetaspaceSize=384m -XX:+HeapDumpOnOutOfMemoryError -Xms256m -Xmx512m -Dfile.encoding=x-windows-949 -Duser.country=KR -Duser.language=ko -Duser.variant -javaagent:C:\Users\PC\.gradle\wrapper\dists\gradle-8.5-bin\5t9huq95ubn472n8rpzujfbqh\gradle-8.5\lib\agents\gradle-instrumentation-agent-8.5.jar org.gradle.launcher.daemon.bootstrap.GradleDaemon 8.5

Host: 12th Gen Intel(R) Core(TM) i7-1255U, 12 cores, 15G,  Windows 11 , 64 bit Build 22621 (10.0.22621.2506)
Time: Mon Jan 22 23:22:29 2024  Windows 11 , 64 bit Build 22621 (10.0.22621.2506) elapsed time: 109.719967 seconds (0d 0h 1m 49s)

---------------  T H R E A D  ---------------

Current thread (0x000001cce8e97640):  JavaThread "C2 CompilerThread0" daemon [_thread_in_native, id=24024, stack(0x0000007e19300000,0x0000007e19400000)]


Current CompileTask:
C2: 109720 7145   !   4       com.google.common.reflect.TypeVisitor::visit (225 bytes)

Stack: [0x0000007e19300000,0x0000007e19400000]
Native frames: (J=compiled Java code, j=interpreted, Vv=VM code, C=native code)
V  [jvm.dll+0x67cf49]
V  [jvm.dll+0x83478a]
V  [jvm.dll+0x83624e]
V  [jvm.dll+0x8368b3]
V  [jvm.dll+0x247f1f]
V  [jvm.dll+0xac43c]
V  [jvm.dll+0xaca8c]
V  [jvm.dll+0x2af45f]
V  [jvm.dll+0x5853f7]
V  [jvm.dll+0x222f62]
V  [jvm.dll+0x21c15e]
V  [jvm.dll+0x2198c1]
V  [jvm.dll+0x1a57cd]
V  [jvm.dll+0x2297ae]
V  [jvm.dll+0x22797c]
V  [jvm.dll+0x7e9877]
V  [jvm.dll+0x7e3c3a]
V  [jvm.dll+0x67be35]
C  [ucrtbase.dll+0x29363]
C  [KERNEL32.DLL+0x1257d]
C  [ntdll.dll+0x5aa58]


---------------  P R O C E S S  ---------------

Threads class SMR info:
_java_thread_list=0x000001cc84cc88c0, length=63, elements={
0x000001cccdecc980, 0x000001cce8e76d50, 0x000001cce8e77bd0, 0x000001cce8ea4940,
0x000001cce8e935c0, 0x000001cce8e95f90, 0x000001cce8e96950, 0x000001cce8e97640,
0x000001cce8e98040, 0x000001cce8e9aa50, 0x000001cce8e61260, 0x000001ccfe1b3ac0,
0x000001ccffb0fbf0, 0x000001ccfededfe0, 0x000001ccfe29ce20, 0x000001ccfe2228b0,
0x000001ccfee0a4e0, 0x000001ccfe042930, 0x000001ccfe040ad0, 0x000001ccfe040fe0,
0x000001ccfe0405c0, 0x000001ccfe0414f0, 0x000001ccfe041a00, 0x000001ccfe042e40,
0x000001ccfe043350, 0x000001ccfe041f10, 0x000001ccfe043860, 0x000001ccfe042420,
0x000001cc84ed7840, 0x000001cc84ed7d50, 0x000001cc84ed7330, 0x000001cc84ed8260,
0x000001cc84ed6400, 0x000001cc84ed4ab0, 0x000001cc84ed59e0, 0x000001cc84ed5ef0,
0x000001cc84ed54d0, 0x000001cc84ed6910, 0x000001ccff2da730, 0x000001ccff2d92f0,
0x000001ccff2d9d10, 0x000001ccff2d6f80, 0x000001ccff2d8de0, 0x000001ccff2d6a70,
0x000001ccff2d9800, 0x000001ccff2d83c0, 0x000001ccff2dac40, 0x000001ccff2d7eb0,
0x000001ccff2d7490, 0x000001ccff2dcfb0, 0x000001ccff2da220, 0x000001ccff2db150,
0x000001ccff2dd4c0, 0x000001ccff2d6050, 0x000001ccff2db660, 0x000001ccff2dc590,
0x000001ccff2dc080, 0x000001ccff2dcaa0, 0x000001ccff2dd9d0, 0x000001ccff2d6560,
0x000001cc87321ef0, 0x000001cc873265d0, 0x000001cc87322e20
}

Java Threads: ( => current thread )
  0x000001cccdecc980 JavaThread "main" [_thread_blocked, id=19988, stack(0x0000007e18600000,0x0000007e18700000)]
  0x000001cce8e76d50 JavaThread "Reference Handler" daemon [_thread_blocked, id=17856, stack(0x0000007e18d00000,0x0000007e18e00000)]
  0x000001cce8e77bd0 JavaThread "Finalizer" daemon [_thread_blocked, id=9416, stack(0x0000007e18e00000,0x0000007e18f00000)]
  0x000001cce8ea4940 JavaThread "Signal Dispatcher" daemon [_thread_blocked, id=1368, stack(0x0000007e18f00000,0x0000007e19000000)]
  0x000001cce8e935c0 JavaThread "Attach Listener" daemon [_thread_blocked, id=11464, stack(0x0000007e19000000,0x0000007e19100000)]
  0x000001cce8e95f90 JavaThread "Service Thread" daemon [_thread_blocked, id=5968, stack(0x0000007e19100000,0x0000007e19200000)]
  0x000001cce8e96950 JavaThread "Monitor Deflation Thread" daemon [_thread_blocked, id=16552, stack(0x0000007e19200000,0x0000007e19300000)]
=>0x000001cce8e97640 JavaThread "C2 CompilerThread0" daemon [_thread_in_native, id=24024, stack(0x0000007e19300000,0x0000007e19400000)]
  0x000001cce8e98040 JavaThread "C1 CompilerThread0" daemon [_thread_blocked, id=7704, stack(0x0000007e19400000,0x0000007e19500000)]
  0x000001cce8e9aa50 JavaThread "Sweeper thread" daemon [_thread_blocked, id=24004, stack(0x0000007e19500000,0x0000007e19600000)]
  0x000001cce8e61260 JavaThread "Common-Cleaner" daemon [_thread_blocked, id=17228, stack(0x0000007e19600000,0x0000007e19700000)]
  0x000001ccfe1b3ac0 JavaThread "Notification Thread" daemon [_thread_blocked, id=17548, stack(0x0000007e19700000,0x0000007e19800000)]
  0x000001ccffb0fbf0 JavaThread "Daemon health stats" [_thread_blocked, id=17996, stack(0x0000007e19e00000,0x0000007e19f00000)]
  0x000001ccfededfe0 JavaThread "Incoming local TCP Connector on port 10435" [_thread_in_native, id=25068, stack(0x0000007e19f00000,0x0000007e1a000000)]
  0x000001ccfe29ce20 JavaThread "Daemon periodic checks" [_thread_blocked, id=25084, stack(0x0000007e1a000000,0x0000007e1a100000)]
  0x000001ccfe2228b0 JavaThread "Daemon" [_thread_blocked, id=25132, stack(0x0000007e1a100000,0x0000007e1a200000)]
  0x000001ccfee0a4e0 JavaThread "Handler for socket connection from /127.0.0.1:10435 to /127.0.0.1:10436" [_thread_in_native, id=25148, stack(0x0000007e1a200000,0x0000007e1a300000)]
  0x000001ccfe042930 JavaThread "Cancel handler" [_thread_blocked, id=25156, stack(0x0000007e1a300000,0x0000007e1a400000)]
  0x000001ccfe040ad0 JavaThread "Daemon worker" [_thread_in_Java, id=25160, stack(0x0000007e1a400000,0x0000007e1a500000)]
  0x000001ccfe040fe0 JavaThread "Asynchronous log dispatcher for DefaultDaemonConnection: socket connection from /127.0.0.1:10435 to /127.0.0.1:10436" [_thread_blocked, id=25172, stack(0x0000007e1a500000,0x0000007e1a600000)]
  0x000001ccfe0405c0 JavaThread "Stdin handler" [_thread_blocked, id=25176, stack(0x0000007e1a600000,0x0000007e1a700000)]
  0x000001ccfe0414f0 JavaThread "Daemon client event forwarder" [_thread_blocked, id=25180, stack(0x0000007e1a700000,0x0000007e1a800000)]
  0x000001ccfe041a00 JavaThread "Cache worker for journal cache (C:\Users\PC\.gradle\caches\journal-1)" [_thread_blocked, id=25364, stack(0x0000007e1a800000,0x0000007e1a900000)]
  0x000001ccfe042e40 JavaThread "File lock request listener" [_thread_in_native, id=25376, stack(0x0000007e1a900000,0x0000007e1aa00000)]
  0x000001ccfe043350 JavaThread "File lock release action executor" [_thread_blocked, id=25632, stack(0x0000007e1aa00000,0x0000007e1ab00000)]
  0x000001ccfe041f10 JavaThread "Cache worker for file hash cache (C:\Users\PC\.gradle\caches\8.5\fileHashes)" [_thread_blocked, id=25668, stack(0x0000007e1ab00000,0x0000007e1ac00000)]
  0x000001ccfe043860 JavaThread "File watcher server" daemon [_thread_in_native, id=25776, stack(0x0000007e1ac00000,0x0000007e1ad00000)]
  0x000001ccfe042420 JavaThread "File watcher consumer" daemon [_thread_blocked, id=25788, stack(0x0000007e1ad00000,0x0000007e1ae00000)]
  0x000001cc84ed7840 JavaThread "Cache worker for checksums cache (C:\InteliJ\Works\spartabackoffice\.gradle\8.5\checksums)" [_thread_blocked, id=25908, stack(0x0000007e1b400000,0x0000007e1b500000)]
  0x000001cc84ed7d50 JavaThread "Cache worker for file hash cache (C:\InteliJ\Works\spartabackoffice\.gradle\8.5\fileHashes)" [_thread_blocked, id=25940, stack(0x0000007e1b500000,0x0000007e1b600000)]
  0x000001cc84ed7330 JavaThread "Cache worker for cache directory md-supplier (C:\Users\PC\.gradle\caches\8.5\md-supplier)" [_thread_blocked, id=25952, stack(0x0000007e1b600000,0x0000007e1b700000)]
  0x000001cc84ed8260 JavaThread "Cache worker for cache directory md-rule (C:\Users\PC\.gradle\caches\8.5\md-rule)" [_thread_blocked, id=25960, stack(0x0000007e1b700000,0x0000007e1b800000)]
  0x000001cc84ed6400 JavaThread "Cache worker for file content cache (C:\Users\PC\.gradle\caches\8.5\fileContent)" [_thread_blocked, id=26044, stack(0x0000007e1b800000,0x0000007e1b900000)]
  0x000001cc84ed4ab0 JavaThread "Cache worker for execution history cache (C:\Users\PC\.gradle\caches\8.5\executionHistory)" [_thread_blocked, id=26060, stack(0x0000007e1b900000,0x0000007e1ba00000)]
  0x000001cc84ed59e0 JavaThread "jar transforms" [_thread_blocked, id=26104, stack(0x0000007e1ba00000,0x0000007e1bb00000)]
  0x000001cc84ed5ef0 JavaThread "jar transforms Thread 2" [_thread_blocked, id=26436, stack(0x0000007e1bb00000,0x0000007e1bc00000)]
  0x000001cc84ed54d0 JavaThread "jar transforms Thread 3" [_thread_blocked, id=26504, stack(0x0000007e1bc00000,0x0000007e1bd00000)]
  0x000001cc84ed6910 JavaThread "jar transforms Thread 4" [_thread_blocked, id=26556, stack(0x0000007e1bd00000,0x0000007e1be00000)]
  0x000001ccff2da730 JavaThread "Cache worker for kotlin-dsl (C:\Users\PC\.gradle\caches\8.5\kotlin-dsl)" [_thread_blocked, id=10396, stack(0x0000007e1be00000,0x0000007e1bf00000)]
  0x000001ccff2d92f0 JavaThread "jar transforms Thread 5" [_thread_blocked, id=24888, stack(0x0000007e1c000000,0x0000007e1c100000)]
  0x000001ccff2d9d10 JavaThread "jar transforms Thread 6" [_thread_blocked, id=8928, stack(0x0000007e1c100000,0x0000007e1c200000)]
  0x000001ccff2d6f80 JavaThread "Cache worker for dependencies-accessors (C:\InteliJ\Works\spartabackoffice\.gradle\8.5\dependencies-accessors)" [_thread_blocked, id=26332, stack(0x0000007e1c200000,0x0000007e1c300000)]
  0x000001ccff2d8de0 JavaThread "Cache worker for Build Output Cleanup Cache (C:\InteliJ\Works\spartabackoffice\.gradle\buildOutputCleanup)" [_thread_blocked, id=2180, stack(0x0000007e1c300000,0x0000007e1c400000)]
  0x000001ccff2d6a70 JavaThread "jar transforms Thread 7" [_thread_blocked, id=27360, stack(0x0000007e1c600000,0x0000007e1c700000)]
  0x000001ccff2d9800 JavaThread "jar transforms Thread 8" [_thread_blocked, id=27364, stack(0x0000007e1c700000,0x0000007e1c800000)]
  0x000001ccff2d83c0 JavaThread "Unconstrained build operations" [_thread_blocked, id=4900, stack(0x0000007e1c800000,0x0000007e1c900000)]
  0x000001ccff2dac40 JavaThread "Unconstrained build operations Thread 2" [_thread_blocked, id=21196, stack(0x0000007e1c900000,0x0000007e1ca00000)]
  0x000001ccff2d7eb0 JavaThread "Unconstrained build operations Thread 3" [_thread_blocked, id=3380, stack(0x0000007e1ca00000,0x0000007e1cb00000)]
  0x000001ccff2d7490 JavaThread "Unconstrained build operations Thread 4" [_thread_blocked, id=13372, stack(0x0000007e1cb00000,0x0000007e1cc00000)]
  0x000001ccff2dcfb0 JavaThread "Unconstrained build operations Thread 5" [_thread_blocked, id=26684, stack(0x0000007e1cc00000,0x0000007e1cd00000)]
  0x000001ccff2da220 JavaThread "Unconstrained build operations Thread 6" [_thread_blocked, id=26744, stack(0x0000007e1cd00000,0x0000007e1ce00000)]
  0x000001ccff2db150 JavaThread "Unconstrained build operations Thread 7" [_thread_blocked, id=25792, stack(0x0000007e1ce00000,0x0000007e1cf00000)]
  0x000001ccff2dd4c0 JavaThread "Unconstrained build operations Thread 8" [_thread_blocked, id=26820, stack(0x0000007e1cf00000,0x0000007e1d000000)]
  0x000001ccff2d6050 JavaThread "Unconstrained build operations Thread 9" [_thread_blocked, id=12208, stack(0x0000007e1d000000,0x0000007e1d100000)]
  0x000001ccff2db660 JavaThread "Unconstrained build operations Thread 10" [_thread_blocked, id=7172, stack(0x0000007e1d100000,0x0000007e1d200000)]
  0x000001ccff2dc590 JavaThread "Unconstrained build operations Thread 11" [_thread_blocked, id=26704, stack(0x0000007e1d200000,0x0000007e1d300000)]
  0x000001ccff2dc080 JavaThread "jar transforms Thread 9" [_thread_blocked, id=26800, stack(0x0000007e1d300000,0x0000007e1d400000)]
  0x000001ccff2dcaa0 JavaThread "jar transforms Thread 10" [_thread_blocked, id=26324, stack(0x0000007e1d400000,0x0000007e1d500000)]
  0x000001ccff2dd9d0 JavaThread "jar transforms Thread 11" [_thread_blocked, id=13472, stack(0x0000007e1d500000,0x0000007e1d600000)]
  0x000001ccff2d6560 JavaThread "jar transforms Thread 12" [_thread_blocked, id=26880, stack(0x0000007e1d600000,0x0000007e1d700000)]
  0x000001cc87321ef0 JavaThread "build event listener" [_thread_blocked, id=9448, stack(0x0000007e1d700000,0x0000007e1d800000)]
  0x000001cc873265d0 JavaThread "Memory manager" [_thread_blocked, id=11852, stack(0x0000007e18300000,0x0000007e18400000)]
  0x000001cc87322e20 JavaThread "Daemon Thread 2" [_thread_blocked, id=29208, stack(0x0000007e18400000,0x0000007e18500000)]

Other Threads:
  0x000001cce8e72df0 VMThread "VM Thread" [stack: 0x0000007e18c00000,0x0000007e18d00000] [id=17420]
  0x000001cccdecd710 WatcherThread [stack: 0x0000007e19800000,0x0000007e19900000] [id=15152]
  0x000001cccdefa800 GCTaskThread "GC Thread#0" [stack: 0x0000007e18700000,0x0000007e18800000] [id=15784]
  0x000001ccfefb3730 GCTaskThread "GC Thread#1" [stack: 0x0000007e19900000,0x0000007e19a00000] [id=12688]
  0x000001ccfeb14e10 GCTaskThread "GC Thread#2" [stack: 0x0000007e19a00000,0x0000007e19b00000] [id=11436]
  0x000001ccfeb150d0 GCTaskThread "GC Thread#3" [stack: 0x0000007e19b00000,0x0000007e19c00000] [id=14896]
  0x000001ccfe9e95a0 GCTaskThread "GC Thread#4" [stack: 0x0000007e19c00000,0x0000007e19d00000] [id=14892]
  0x000001ccfe9e9860 GCTaskThread "GC Thread#5" [stack: 0x0000007e19d00000,0x0000007e19e00000] [id=10276]
  0x000001cc848ae5f0 GCTaskThread "GC Thread#6" [stack: 0x0000007e1ae00000,0x0000007e1af00000] [id=25852]
  0x000001cc848ae8b0 GCTaskThread "GC Thread#7" [stack: 0x0000007e1af00000,0x0000007e1b000000] [id=25856]
  0x000001cc848aee30 GCTaskThread "GC Thread#8" [stack: 0x0000007e1b000000,0x0000007e1b100000] [id=25860]
  0x000001cc848af0f0 GCTaskThread "GC Thread#9" [stack: 0x0000007e1b100000,0x0000007e1b200000] [id=25864]
  0x000001cccdeff750 ConcurrentGCThread "G1 Main Marker" [stack: 0x0000007e18800000,0x0000007e18900000] [id=10832]
  0x000001cccdf00170 ConcurrentGCThread "G1 Conc#0" [stack: 0x0000007e18900000,0x0000007e18a00000] [id=7220]
  0x000001cc848af930 ConcurrentGCThread "G1 Conc#1" [stack: 0x0000007e1b200000,0x0000007e1b300000] [id=25868]
  0x000001cc848afbf0 ConcurrentGCThread "G1 Conc#2" [stack: 0x0000007e1b300000,0x0000007e1b400000] [id=25872]
  0x000001cce8d34160 ConcurrentGCThread "G1 Refine#0" [stack: 0x0000007e18a00000,0x0000007e18b00000] [id=84]
  0x000001ccff81d750 ConcurrentGCThread "G1 Refine#1" [stack: 0x0000007e1bf00000,0x0000007e1c000000] [id=25748]
  0x000001cce8d34b90 ConcurrentGCThread "G1 Service" [stack: 0x0000007e18b00000,0x0000007e18c00000] [id=17740]

Threads with active compile tasks:
C2 CompilerThread0   109828 7145   !   4       com.google.common.reflect.TypeVisitor::visit (225 bytes)

VM state: not at safepoint (normal execution)

VM Mutex/Monitor currently owned by a thread: None

Heap address: 0x00000000e0000000, size: 512 MB, Compressed Oops mode: 32-bit

CDS archive(s) mapped at: [0x000001cce9000000-0x000001cce9ba0000-0x000001cce9ba0000), size 12189696, SharedBaseAddress: 0x000001cce9000000, ArchiveRelocationMode: 1.
Compressed class space mapped at: 0x000001ccea000000-0x000001ccfe000000, reserved size: 335544320
Narrow klass base: 0x000001cce9000000, Narrow klass shift: 0, Narrow klass range: 0x100000000

GC Precious Log:
 CPUs: 12 total, 12 available
 Memory: 16083M
 Large Page Support: Disabled
 NUMA Support: Disabled
 Compressed Oops: Enabled (32-bit)
 Heap Region Size: 1M
 Heap Min Capacity: 256M
 Heap Initial Capacity: 256M
 Heap Max Capacity: 512M
 Pre-touch: Disabled
 Parallel Workers: 10
 Concurrent Workers: 3
 Concurrent Refinement Workers: 10
 Periodic GC: Disabled

Heap:
 garbage-first heap   total 262144K, used 63378K [0x00000000e0000000, 0x0000000100000000)
  region size 1024K, 13 young (13312K), 6 survivors (6144K)
 Metaspace       used 60648K, committed 61312K, reserved 393216K
  class space    used 8513K, committed 8832K, reserved 327680K

Heap Regions: E=young(eden), S=young(survivor), O=old, HS=humongous(starts), HC=humongous(continues), CS=collection set, F=free, OA=open archive, CA=closed archive, TAMS=top-at-mark-start (previous, next)
|   0|0x00000000e0000000, 0x00000000e0100000, 0x00000000e0100000|100%|HS|  |TAMS 0x00000000e0100000, 0x00000000e0000000| Complete 
|   1|0x00000000e0100000, 0x00000000e0200000, 0x00000000e0200000|100%|HC|  |TAMS 0x00000000e0200000, 0x00000000e0100000| Complete 
|   2|0x00000000e0200000, 0x00000000e0300000, 0x00000000e0300000|100%|HC|  |TAMS 0x00000000e0300000, 0x00000000e0200000| Complete 
|   3|0x00000000e0300000, 0x00000000e0400000, 0x00000000e0400000|100%|HC|  |TAMS 0x00000000e0400000, 0x00000000e0300000| Complete 
|   4|0x00000000e0400000, 0x00000000e0500000, 0x00000000e0500000|100%| O|  |TAMS 0x00000000e0500000, 0x00000000e0400000| Untracked 
|   5|0x00000000e0500000, 0x00000000e0600000, 0x00000000e0600000|100%| O|  |TAMS 0x00000000e0600000, 0x00000000e0500000| Untracked 
|   6|0x00000000e0600000, 0x00000000e0700000, 0x00000000e0700000|100%| O|  |TAMS 0x00000000e0700000, 0x00000000e0600000| Untracked 
|   7|0x00000000e0700000, 0x00000000e0800000, 0x00000000e0800000|100%| O|  |TAMS 0x00000000e0800000, 0x00000000e0700000| Untracked 
|   8|0x00000000e0800000, 0x00000000e0900000, 0x00000000e0900000|100%| O|  |TAMS 0x00000000e0900000, 0x00000000e0800000| Untracked 
|   9|0x00000000e0900000, 0x00000000e0a00000, 0x00000000e0a00000|100%| O|  |TAMS 0x00000000e0a00000, 0x00000000e0900000| Untracked 
|  10|0x00000000e0a00000, 0x00000000e0b00000, 0x00000000e0b00000|100%| O|  |TAMS 0x00000000e0b00000, 0x00000000e0a00000| Untracked 
|  11|0x00000000e0b00000, 0x00000000e0c00000, 0x00000000e0c00000|100%| O|  |TAMS 0x00000000e0c00000, 0x00000000e0b00000| Untracked 
|  12|0x00000000e0c00000, 0x00000000e0d00000, 0x00000000e0d00000|100%| O|  |TAMS 0x00000000e0d00000, 0x00000000e0c00000| Untracked 
|  13|0x00000000e0d00000, 0x00000000e0e00000, 0x00000000e0e00000|100%| O|  |TAMS 0x00000000e0e00000, 0x00000000e0d00000| Untracked 
|  14|0x00000000e0e00000, 0x00000000e0f00000, 0x00000000e0f00000|100%| O|  |TAMS 0x00000000e0f00000, 0x00000000e0e00000| Untracked 
|  15|0x00000000e0f00000, 0x00000000e1000000, 0x00000000e1000000|100%| O|  |TAMS 0x00000000e1000000, 0x00000000e0f00000| Untracked 
|  16|0x00000000e1000000, 0x00000000e1100000, 0x00000000e1100000|100%| O|  |TAMS 0x00000000e1100000, 0x00000000e1000000| Untracked 
|  17|0x00000000e1100000, 0x00000000e1200000, 0x00000000e1200000|100%| O|  |TAMS 0x00000000e1200000, 0x00000000e1100000| Untracked 
|  18|0x00000000e1200000, 0x00000000e1300000, 0x00000000e1300000|100%| O|  |TAMS 0x00000000e1300000, 0x00000000e1200000| Untracked 
|  19|0x00000000e1300000, 0x00000000e1400000, 0x00000000e1400000|100%| O|  |TAMS 0x00000000e1400000, 0x00000000e1300000| Untracked 
|  20|0x00000000e1400000, 0x00000000e1400000, 0x00000000e1500000|  0%| F|  |TAMS 0x00000000e1400000, 0x00000000e1400000| Untracked 
|  21|0x00000000e1500000, 0x00000000e1600000, 0x00000000e1600000|100%| O|  |TAMS 0x00000000e1600000, 0x00000000e1500000| Untracked 
|  22|0x00000000e1600000, 0x00000000e1700000, 0x00000000e1700000|100%| O|  |TAMS 0x00000000e1700000, 0x00000000e1600000| Untracked 
|  23|0x00000000e1700000, 0x00000000e1800000, 0x00000000e1800000|100%| O|  |TAMS 0x00000000e1800000, 0x00000000e1700000| Untracked 
|  24|0x00000000e1800000, 0x00000000e1900000, 0x00000000e1900000|100%| O|  |TAMS 0x00000000e1900000, 0x00000000e1800000| Untracked 
|  25|0x00000000e1900000, 0x00000000e1a00000, 0x00000000e1a00000|100%| O|  |TAMS 0x00000000e1a00000, 0x00000000e1900000| Untracked 
|  26|0x00000000e1a00000, 0x00000000e1b00000, 0x00000000e1b00000|100%| O|  |TAMS 0x00000000e1b00000, 0x00000000e1a00000| Untracked 
|  27|0x00000000e1b00000, 0x00000000e1c00000, 0x00000000e1c00000|100%| O|  |TAMS 0x00000000e1c00000, 0x00000000e1b00000| Untracked 
|  28|0x00000000e1c00000, 0x00000000e1d00000, 0x00000000e1d00000|100%| O|  |TAMS 0x00000000e1d00000, 0x00000000e1c00000| Untracked 
|  29|0x00000000e1d00000, 0x00000000e1e00000, 0x00000000e1e00000|100%| O|  |TAMS 0x00000000e1e00000, 0x00000000e1d00000| Untracked 
|  30|0x00000000e1e00000, 0x00000000e1f00000, 0x00000000e1f00000|100%| O|  |TAMS 0x00000000e1f00000, 0x00000000e1e00000| Complete 
|  31|0x00000000e1f00000, 0x00000000e2000000, 0x00000000e2000000|100%|HS|  |TAMS 0x00000000e2000000, 0x00000000e1f00000| Complete 
|  32|0x00000000e2000000, 0x00000000e2100000, 0x00000000e2100000|100%|HC|  |TAMS 0x00000000e2100000, 0x00000000e2000000| Complete 
|  33|0x00000000e2100000, 0x00000000e2200000, 0x00000000e2200000|100%|HS|  |TAMS 0x00000000e2200000, 0x00000000e2100000| Complete 
|  34|0x00000000e2200000, 0x00000000e2300000, 0x00000000e2300000|100%|HC|  |TAMS 0x00000000e2300000, 0x00000000e2200000| Complete 
|  35|0x00000000e2300000, 0x00000000e2400000, 0x00000000e2400000|100%|HS|  |TAMS 0x00000000e2400000, 0x00000000e2300000| Complete 
|  36|0x00000000e2400000, 0x00000000e2500000, 0x00000000e2500000|100%|HC|  |TAMS 0x00000000e2500000, 0x00000000e2400000| Complete 
|  37|0x00000000e2500000, 0x00000000e2600000, 0x00000000e2600000|100%|HC|  |TAMS 0x00000000e2600000, 0x00000000e2500000| Complete 
|  38|0x00000000e2600000, 0x00000000e2700000, 0x00000000e2700000|100%|HC|  |TAMS 0x00000000e2700000, 0x00000000e2600000| Complete 
|  39|0x00000000e2700000, 0x00000000e2800000, 0x00000000e2800000|100%|HS|  |TAMS 0x00000000e2800000, 0x00000000e2700000| Complete 
|  40|0x00000000e2800000, 0x00000000e2900000, 0x00000000e2900000|100%|HC|  |TAMS 0x00000000e2900000, 0x00000000e2800000| Complete 
|  41|0x00000000e2900000, 0x00000000e2a00000, 0x00000000e2a00000|100%|HC|  |TAMS 0x00000000e2a00000, 0x00000000e2900000| Complete 
|  42|0x00000000e2a00000, 0x00000000e2b00000, 0x00000000e2b00000|100%|HC|  |TAMS 0x00000000e2b00000, 0x00000000e2a00000| Complete 
|  43|0x00000000e2b00000, 0x00000000e2c00000, 0x00000000e2c00000|100%| O|  |TAMS 0x00000000e2c00000, 0x00000000e2b00000| Untracked 
|  44|0x00000000e2c00000, 0x00000000e2d00000, 0x00000000e2d00000|100%| O|  |TAMS 0x00000000e2d00000, 0x00000000e2c00000| Untracked 
|  45|0x00000000e2d00000, 0x00000000e2e00000, 0x00000000e2e00000|100%| O|  |TAMS 0x00000000e2e00000, 0x00000000e2d00000| Untracked 
|  46|0x00000000e2e00000, 0x00000000e2f00000, 0x00000000e2f00000|100%| O|  |TAMS 0x00000000e2f00000, 0x00000000e2e00000| Untracked 
|  47|0x00000000e2f00000, 0x00000000e3000000, 0x00000000e3000000|100%| O|  |TAMS 0x00000000e3000000, 0x00000000e2f00000| Untracked 
|  48|0x00000000e3000000, 0x00000000e3100000, 0x00000000e3100000|100%| O|  |TAMS 0x00000000e3100000, 0x00000000e3000000| Untracked 
|  49|0x00000000e3100000, 0x00000000e3200000, 0x00000000e3200000|100%| O|  |TAMS 0x00000000e3200000, 0x00000000e3100000| Untracked 
|  50|0x00000000e3200000, 0x00000000e3300000, 0x00000000e3300000|100%| O|  |TAMS 0x00000000e3300000, 0x00000000e3200000| Untracked 
|  51|0x00000000e3300000, 0x00000000e3391400, 0x00000000e3400000| 56%| O|  |TAMS 0x00000000e3391208, 0x00000000e3300000| Untracked 
|  52|0x00000000e3400000, 0x00000000e3400000, 0x00000000e3500000|  0%| F|  |TAMS 0x00000000e3400000, 0x00000000e3400000| Untracked 
|  53|0x00000000e3500000, 0x00000000e3500000, 0x00000000e3600000|  0%| F|  |TAMS 0x00000000e3500000, 0x00000000e3500000| Untracked 
|  54|0x00000000e3600000, 0x00000000e3600000, 0x00000000e3700000|  0%| F|  |TAMS 0x00000000e3600000, 0x00000000e3600000| Untracked 
|  55|0x00000000e3700000, 0x00000000e3700000, 0x00000000e3800000|  0%| F|  |TAMS 0x00000000e3700000, 0x00000000e3700000| Untracked 
|  56|0x00000000e3800000, 0x00000000e3800000, 0x00000000e3900000|  0%| F|  |TAMS 0x00000000e3800000, 0x00000000e3800000| Untracked 
|  57|0x00000000e3900000, 0x00000000e3900000, 0x00000000e3a00000|  0%| F|  |TAMS 0x00000000e3900000, 0x00000000e3900000| Untracked 
|  58|0x00000000e3a00000, 0x00000000e3a00000, 0x00000000e3b00000|  0%| F|  |TAMS 0x00000000e3a00000, 0x00000000e3a00000| Untracked 
|  59|0x00000000e3b00000, 0x00000000e3b00000, 0x00000000e3c00000|  0%| F|  |TAMS 0x00000000e3b00000, 0x00000000e3b00000| Untracked 
|  60|0x00000000e3c00000, 0x00000000e3c00000, 0x00000000e3d00000|  0%| F|  |TAMS 0x00000000e3c00000, 0x00000000e3c00000| Untracked 
|  61|0x00000000e3d00000, 0x00000000e3d00000, 0x00000000e3e00000|  0%| F|  |TAMS 0x00000000e3d00000, 0x00000000e3d00000| Untracked 
|  62|0x00000000e3e00000, 0x00000000e3e00000, 0x00000000e3f00000|  0%| F|  |TAMS 0x00000000e3e00000, 0x00000000e3e00000| Untracked 
|  63|0x00000000e3f00000, 0x00000000e3f00000, 0x00000000e4000000|  0%| F|  |TAMS 0x00000000e3f00000, 0x00000000e3f00000| Untracked 
|  64|0x00000000e4000000, 0x00000000e4000000, 0x00000000e4100000|  0%| F|  |TAMS 0x00000000e4000000, 0x00000000e4000000| Untracked 
|  65|0x00000000e4100000, 0x00000000e4100000, 0x00000000e4200000|  0%| F|  |TAMS 0x00000000e4100000, 0x00000000e4100000| Untracked 
|  66|0x00000000e4200000, 0x00000000e4200000, 0x00000000e4300000|  0%| F|  |TAMS 0x00000000e4200000, 0x00000000e4200000| Untracked 
|  67|0x00000000e4300000, 0x00000000e4300000, 0x00000000e4400000|  0%| F|  |TAMS 0x00000000e4300000, 0x00000000e4300000| Untracked 
|  68|0x00000000e4400000, 0x00000000e4400000, 0x00000000e4500000|  0%| F|  |TAMS 0x00000000e4400000, 0x00000000e4400000| Untracked 
|  69|0x00000000e4500000, 0x00000000e4500000, 0x00000000e4600000|  0%| F|  |TAMS 0x00000000e4500000, 0x00000000e4500000| Untracked 
|  70|0x00000000e4600000, 0x00000000e4600000, 0x00000000e4700000|  0%| F|  |TAMS 0x00000000e4600000, 0x00000000e4600000| Untracked 
|  71|0x00000000e4700000, 0x00000000e4700000, 0x00000000e4800000|  0%| F|  |TAMS 0x00000000e4700000, 0x00000000e4700000| Untracked 
|  72|0x00000000e4800000, 0x00000000e4800000, 0x00000000e4900000|  0%| F|  |TAMS 0x00000000e4800000, 0x00000000e4800000| Untracked 
|  73|0x00000000e4900000, 0x00000000e4900000, 0x00000000e4a00000|  0%| F|  |TAMS 0x00000000e4900000, 0x00000000e4900000| Untracked 
|  74|0x00000000e4a00000, 0x00000000e4a00000, 0x00000000e4b00000|  0%| F|  |TAMS 0x00000000e4a00000, 0x00000000e4a00000| Untracked 
|  75|0x00000000e4b00000, 0x00000000e4b00000, 0x00000000e4c00000|  0%| F|  |TAMS 0x00000000e4b00000, 0x00000000e4b00000| Untracked 
|  76|0x00000000e4c00000, 0x00000000e4c00000, 0x00000000e4d00000|  0%| F|  |TAMS 0x00000000e4c00000, 0x00000000e4c00000| Untracked 
|  77|0x00000000e4d00000, 0x00000000e4d00000, 0x00000000e4e00000|  0%| F|  |TAMS 0x00000000e4d00000, 0x00000000e4d00000| Untracked 
|  78|0x00000000e4e00000, 0x00000000e4e00000, 0x00000000e4f00000|  0%| F|  |TAMS 0x00000000e4e00000, 0x00000000e4e00000| Untracked 
|  79|0x00000000e4f00000, 0x00000000e4f00000, 0x00000000e5000000|  0%| F|  |TAMS 0x00000000e4f00000, 0x00000000e4f00000| Untracked 
|  80|0x00000000e5000000, 0x00000000e5000000, 0x00000000e5100000|  0%| F|  |TAMS 0x00000000e5000000, 0x00000000e5000000| Untracked 
|  81|0x00000000e5100000, 0x00000000e5100000, 0x00000000e5200000|  0%| F|  |TAMS 0x00000000e5100000, 0x00000000e5100000| Untracked 
|  82|0x00000000e5200000, 0x00000000e5200000, 0x00000000e5300000|  0%| F|  |TAMS 0x00000000e5200000, 0x00000000e5200000| Untracked 
|  83|0x00000000e5300000, 0x00000000e5300000, 0x00000000e5400000|  0%| F|  |TAMS 0x00000000e5300000, 0x00000000e5300000| Untracked 
|  84|0x00000000e5400000, 0x00000000e5400000, 0x00000000e5500000|  0%| F|  |TAMS 0x00000000e5400000, 0x00000000e5400000| Untracked 
|  85|0x00000000e5500000, 0x00000000e5500000, 0x00000000e5600000|  0%| F|  |TAMS 0x00000000e5500000, 0x00000000e5500000| Untracked 
|  86|0x00000000e5600000, 0x00000000e5600000, 0x00000000e5700000|  0%| F|  |TAMS 0x00000000e5600000, 0x00000000e5600000| Untracked 
|  87|0x00000000e5700000, 0x00000000e5700000, 0x00000000e5800000|  0%| F|  |TAMS 0x00000000e5700000, 0x00000000e5700000| Untracked 
|  88|0x00000000e5800000, 0x00000000e5800000, 0x00000000e5900000|  0%| F|  |TAMS 0x00000000e5800000, 0x00000000e5800000| Untracked 
|  89|0x00000000e5900000, 0x00000000e5900000, 0x00000000e5a00000|  0%| F|  |TAMS 0x00000000e5900000, 0x00000000e5900000| Untracked 
|  90|0x00000000e5a00000, 0x00000000e5a00000, 0x00000000e5b00000|  0%| F|  |TAMS 0x00000000e5a00000, 0x00000000e5a00000| Untracked 
|  91|0x00000000e5b00000, 0x00000000e5b00000, 0x00000000e5c00000|  0%| F|  |TAMS 0x00000000e5b00000, 0x00000000e5b00000| Untracked 
|  92|0x00000000e5c00000, 0x00000000e5c00000, 0x00000000e5d00000|  0%| F|  |TAMS 0x00000000e5c00000, 0x00000000e5c00000| Untracked 
|  93|0x00000000e5d00000, 0x00000000e5d00000, 0x00000000e5e00000|  0%| F|  |TAMS 0x00000000e5d00000, 0x00000000e5d00000| Untracked 
|  94|0x00000000e5e00000, 0x00000000e5e00000, 0x00000000e5f00000|  0%| F|  |TAMS 0x00000000e5e00000, 0x00000000e5e00000| Untracked 
|  95|0x00000000e5f00000, 0x00000000e5f00000, 0x00000000e6000000|  0%| F|  |TAMS 0x00000000e5f00000, 0x00000000e5f00000| Untracked 
|  96|0x00000000e6000000, 0x00000000e6000000, 0x00000000e6100000|  0%| F|  |TAMS 0x00000000e6000000, 0x00000000e6000000| Untracked 
|  97|0x00000000e6100000, 0x00000000e6100000, 0x00000000e6200000|  0%| F|  |TAMS 0x00000000e6100000, 0x00000000e6100000| Untracked 
|  98|0x00000000e6200000, 0x00000000e6200000, 0x00000000e6300000|  0%| F|  |TAMS 0x00000000e6200000, 0x00000000e6200000| Untracked 
|  99|0x00000000e6300000, 0x00000000e6300000, 0x00000000e6400000|  0%| F|  |TAMS 0x00000000e6300000, 0x00000000e6300000| Untracked 
| 100|0x00000000e6400000, 0x00000000e6400000, 0x00000000e6500000|  0%| F|  |TAMS 0x00000000e6400000, 0x00000000e6400000| Untracked 
| 101|0x00000000e6500000, 0x00000000e6500000, 0x00000000e6600000|  0%| F|  |TAMS 0x00000000e6500000, 0x00000000e6500000| Untracked 
| 102|0x00000000e6600000, 0x00000000e6600000, 0x00000000e6700000|  0%| F|  |TAMS 0x00000000e6600000, 0x00000000e6600000| Untracked 
| 103|0x00000000e6700000, 0x00000000e6700000, 0x00000000e6800000|  0%| F|  |TAMS 0x00000000e6700000, 0x00000000e6700000| Untracked 
| 104|0x00000000e6800000, 0x00000000e6800000, 0x00000000e6900000|  0%| F|  |TAMS 0x00000000e6800000, 0x00000000e6800000| Untracked 
| 105|0x00000000e6900000, 0x00000000e6900000, 0x00000000e6a00000|  0%| F|  |TAMS 0x00000000e6900000, 0x00000000e6900000| Untracked 
| 106|0x00000000e6a00000, 0x00000000e6a00000, 0x00000000e6b00000|  0%| F|  |TAMS 0x00000000e6a00000, 0x00000000e6a00000| Untracked 
| 107|0x00000000e6b00000, 0x00000000e6b00000, 0x00000000e6c00000|  0%| F|  |TAMS 0x00000000e6b00000, 0x00000000e6b00000| Untracked 
| 108|0x00000000e6c00000, 0x00000000e6c00000, 0x00000000e6d00000|  0%| F|  |TAMS 0x00000000e6c00000, 0x00000000e6c00000| Untracked 
| 109|0x00000000e6d00000, 0x00000000e6d00000, 0x00000000e6e00000|  0%| F|  |TAMS 0x00000000e6d00000, 0x00000000e6d00000| Untracked 
| 110|0x00000000e6e00000, 0x00000000e6e00000, 0x00000000e6f00000|  0%| F|  |TAMS 0x00000000e6e00000, 0x00000000e6e00000| Untracked 
| 111|0x00000000e6f00000, 0x00000000e6f00000, 0x00000000e7000000|  0%| F|  |TAMS 0x00000000e6f00000, 0x00000000e6f00000| Untracked 
| 112|0x00000000e7000000, 0x00000000e7000000, 0x00000000e7100000|  0%| F|  |TAMS 0x00000000e7000000, 0x00000000e7000000| Untracked 
| 113|0x00000000e7100000, 0x00000000e7100000, 0x00000000e7200000|  0%| F|  |TAMS 0x00000000e7100000, 0x00000000e7100000| Untracked 
| 114|0x00000000e7200000, 0x00000000e7200000, 0x00000000e7300000|  0%| F|  |TAMS 0x00000000e7200000, 0x00000000e7200000| Untracked 
| 115|0x00000000e7300000, 0x00000000e7300000, 0x00000000e7400000|  0%| F|  |TAMS 0x00000000e7300000, 0x00000000e7300000| Untracked 
| 116|0x00000000e7400000, 0x00000000e7400000, 0x00000000e7500000|  0%| F|  |TAMS 0x00000000e7400000, 0x00000000e7400000| Untracked 
| 117|0x00000000e7500000, 0x00000000e7500000, 0x00000000e7600000|  0%| F|  |TAMS 0x00000000e7500000, 0x00000000e7500000| Untracked 
| 118|0x00000000e7600000, 0x00000000e7600000, 0x00000000e7700000|  0%| F|  |TAMS 0x00000000e7600000, 0x00000000e7600000| Untracked 
| 119|0x00000000e7700000, 0x00000000e7700000, 0x00000000e7800000|  0%| F|  |TAMS 0x00000000e7700000, 0x00000000e7700000| Untracked 
| 120|0x00000000e7800000, 0x00000000e7800000, 0x00000000e7900000|  0%| F|  |TAMS 0x00000000e7800000, 0x00000000e7800000| Untracked 
| 121|0x00000000e7900000, 0x00000000e7900000, 0x00000000e7a00000|  0%| F|  |TAMS 0x00000000e7900000, 0x00000000e7900000| Untracked 
| 122|0x00000000e7a00000, 0x00000000e7a00000, 0x00000000e7b00000|  0%| F|  |TAMS 0x00000000e7a00000, 0x00000000e7a00000| Untracked 
| 123|0x00000000e7b00000, 0x00000000e7b00000, 0x00000000e7c00000|  0%| F|  |TAMS 0x00000000e7b00000, 0x00000000e7b00000| Untracked 
| 124|0x00000000e7c00000, 0x00000000e7c00000, 0x00000000e7d00000|  0%| F|  |TAMS 0x00000000e7c00000, 0x00000000e7c00000| Untracked 
| 125|0x00000000e7d00000, 0x00000000e7d00000, 0x00000000e7e00000|  0%| F|  |TAMS 0x00000000e7d00000, 0x00000000e7d00000| Untracked 
| 126|0x00000000e7e00000, 0x00000000e7e00000, 0x00000000e7f00000|  0%| F|  |TAMS 0x00000000e7e00000, 0x00000000e7e00000| Untracked 
| 127|0x00000000e7f00000, 0x00000000e7f00000, 0x00000000e8000000|  0%| F|  |TAMS 0x00000000e7f00000, 0x00000000e7f00000| Untracked 
| 128|0x00000000e8000000, 0x00000000e8000000, 0x00000000e8100000|  0%| F|  |TAMS 0x00000000e8000000, 0x00000000e8000000| Untracked 
| 129|0x00000000e8100000, 0x00000000e8100000, 0x00000000e8200000|  0%| F|  |TAMS 0x00000000e8100000, 0x00000000e8100000| Untracked 
| 130|0x00000000e8200000, 0x00000000e8200000, 0x00000000e8300000|  0%| F|  |TAMS 0x00000000e8200000, 0x00000000e8200000| Untracked 
| 131|0x00000000e8300000, 0x00000000e8300000, 0x00000000e8400000|  0%| F|  |TAMS 0x00000000e8300000, 0x00000000e8300000| Untracked 
| 132|0x00000000e8400000, 0x00000000e8400000, 0x00000000e8500000|  0%| F|  |TAMS 0x00000000e8400000, 0x00000000e8400000| Untracked 
| 133|0x00000000e8500000, 0x00000000e8500000, 0x00000000e8600000|  0%| F|  |TAMS 0x00000000e8500000, 0x00000000e8500000| Untracked 
| 134|0x00000000e8600000, 0x00000000e8600000, 0x00000000e8700000|  0%| F|  |TAMS 0x00000000e8600000, 0x00000000e8600000| Untracked 
| 135|0x00000000e8700000, 0x00000000e8700000, 0x00000000e8800000|  0%| F|  |TAMS 0x00000000e8700000, 0x00000000e8700000| Untracked 
| 136|0x00000000e8800000, 0x00000000e8800000, 0x00000000e8900000|  0%| F|  |TAMS 0x00000000e8800000, 0x00000000e8800000| Untracked 
| 137|0x00000000e8900000, 0x00000000e8953418, 0x00000000e8a00000| 32%| S|CS|TAMS 0x00000000e8900000, 0x00000000e8900000| Complete 
| 138|0x00000000e8a00000, 0x00000000e8b00000, 0x00000000e8b00000|100%| S|CS|TAMS 0x00000000e8a00000, 0x00000000e8a00000| Complete 
| 139|0x00000000e8b00000, 0x00000000e8c00000, 0x00000000e8c00000|100%| S|CS|TAMS 0x00000000e8b00000, 0x00000000e8b00000| Complete 
| 140|0x00000000e8c00000, 0x00000000e8d00000, 0x00000000e8d00000|100%| S|CS|TAMS 0x00000000e8c00000, 0x00000000e8c00000| Complete 
| 141|0x00000000e8d00000, 0x00000000e8e00000, 0x00000000e8e00000|100%| S|CS|TAMS 0x00000000e8d00000, 0x00000000e8d00000| Complete 
| 142|0x00000000e8e00000, 0x00000000e8f00000, 0x00000000e8f00000|100%| S|CS|TAMS 0x00000000e8e00000, 0x00000000e8e00000| Complete 
| 143|0x00000000e8f00000, 0x00000000e8f00000, 0x00000000e9000000|  0%| F|  |TAMS 0x00000000e8f00000, 0x00000000e8f00000| Untracked 
| 144|0x00000000e9000000, 0x00000000e9000000, 0x00000000e9100000|  0%| F|  |TAMS 0x00000000e9000000, 0x00000000e9000000| Untracked 
| 145|0x00000000e9100000, 0x00000000e9100000, 0x00000000e9200000|  0%| F|  |TAMS 0x00000000e9100000, 0x00000000e9100000| Untracked 
| 146|0x00000000e9200000, 0x00000000e9200000, 0x00000000e9300000|  0%| F|  |TAMS 0x00000000e9200000, 0x00000000e9200000| Untracked 
| 147|0x00000000e9300000, 0x00000000e9300000, 0x00000000e9400000|  0%| F|  |TAMS 0x00000000e9300000, 0x00000000e9300000| Untracked 
| 148|0x00000000e9400000, 0x00000000e9400000, 0x00000000e9500000|  0%| F|  |TAMS 0x00000000e9400000, 0x00000000e9400000| Untracked 
| 149|0x00000000e9500000, 0x00000000e9500000, 0x00000000e9600000|  0%| F|  |TAMS 0x00000000e9500000, 0x00000000e9500000| Untracked 
| 150|0x00000000e9600000, 0x00000000e9600000, 0x00000000e9700000|  0%| F|  |TAMS 0x00000000e9600000, 0x00000000e9600000| Untracked 
| 151|0x00000000e9700000, 0x00000000e9700000, 0x00000000e9800000|  0%| F|  |TAMS 0x00000000e9700000, 0x00000000e9700000| Untracked 
| 152|0x00000000e9800000, 0x00000000e9800000, 0x00000000e9900000|  0%| F|  |TAMS 0x00000000e9800000, 0x00000000e9800000| Untracked 
| 153|0x00000000e9900000, 0x00000000e9900000, 0x00000000e9a00000|  0%| F|  |TAMS 0x00000000e9900000, 0x00000000e9900000| Untracked 
| 154|0x00000000e9a00000, 0x00000000e9a00000, 0x00000000e9b00000|  0%| F|  |TAMS 0x00000000e9a00000, 0x00000000e9a00000| Untracked 
| 155|0x00000000e9b00000, 0x00000000e9b00000, 0x00000000e9c00000|  0%| F|  |TAMS 0x00000000e9b00000, 0x00000000e9b00000| Untracked 
| 156|0x00000000e9c00000, 0x00000000e9c00000, 0x00000000e9d00000|  0%| F|  |TAMS 0x00000000e9c00000, 0x00000000e9c00000| Untracked 
| 157|0x00000000e9d00000, 0x00000000e9d00000, 0x00000000e9e00000|  0%| F|  |TAMS 0x00000000e9d00000, 0x00000000e9d00000| Untracked 
| 158|0x00000000e9e00000, 0x00000000e9e00000, 0x00000000e9f00000|  0%| F|  |TAMS 0x00000000e9e00000, 0x00000000e9e00000| Untracked 
| 159|0x00000000e9f00000, 0x00000000e9f00000, 0x00000000ea000000|  0%| F|  |TAMS 0x00000000e9f00000, 0x00000000e9f00000| Untracked 
| 160|0x00000000ea000000, 0x00000000ea000000, 0x00000000ea100000|  0%| F|  |TAMS 0x00000000ea000000, 0x00000000ea000000| Untracked 
| 161|0x00000000ea100000, 0x00000000ea100000, 0x00000000ea200000|  0%| F|  |TAMS 0x00000000ea100000, 0x00000000ea100000| Untracked 
| 162|0x00000000ea200000, 0x00000000ea200000, 0x00000000ea300000|  0%| F|  |TAMS 0x00000000ea200000, 0x00000000ea200000| Untracked 
| 163|0x00000000ea300000, 0x00000000ea300000, 0x00000000ea400000|  0%| F|  |TAMS 0x00000000ea300000, 0x00000000ea300000| Untracked 
| 164|0x00000000ea400000, 0x00000000ea400000, 0x00000000ea500000|  0%| F|  |TAMS 0x00000000ea400000, 0x00000000ea400000| Untracked 
| 165|0x00000000ea500000, 0x00000000ea500000, 0x00000000ea600000|  0%| F|  |TAMS 0x00000000ea500000, 0x00000000ea500000| Untracked 
| 166|0x00000000ea600000, 0x00000000ea600000, 0x00000000ea700000|  0%| F|  |TAMS 0x00000000ea600000, 0x00000000ea600000| Untracked 
| 167|0x00000000ea700000, 0x00000000ea700000, 0x00000000ea800000|  0%| F|  |TAMS 0x00000000ea700000, 0x00000000ea700000| Untracked 
| 168|0x00000000ea800000, 0x00000000ea800000, 0x00000000ea900000|  0%| F|  |TAMS 0x00000000ea800000, 0x00000000ea800000| Untracked 
| 169|0x00000000ea900000, 0x00000000ea900000, 0x00000000eaa00000|  0%| F|  |TAMS 0x00000000ea900000, 0x00000000ea900000| Untracked 
| 170|0x00000000eaa00000, 0x00000000eaa00000, 0x00000000eab00000|  0%| F|  |TAMS 0x00000000eaa00000, 0x00000000eaa00000| Untracked 
| 171|0x00000000eab00000, 0x00000000eab00000, 0x00000000eac00000|  0%| F|  |TAMS 0x00000000eab00000, 0x00000000eab00000| Untracked 
| 172|0x00000000eac00000, 0x00000000eac00000, 0x00000000ead00000|  0%| F|  |TAMS 0x00000000eac00000, 0x00000000eac00000| Untracked 
| 173|0x00000000ead00000, 0x00000000ead00000, 0x00000000eae00000|  0%| F|  |TAMS 0x00000000ead00000, 0x00000000ead00000| Untracked 
| 174|0x00000000eae00000, 0x00000000eae00000, 0x00000000eaf00000|  0%| F|  |TAMS 0x00000000eae00000, 0x00000000eae00000| Untracked 
| 175|0x00000000eaf00000, 0x00000000eaf00000, 0x00000000eb000000|  0%| F|  |TAMS 0x00000000eaf00000, 0x00000000eaf00000| Untracked 
| 176|0x00000000eb000000, 0x00000000eb000000, 0x00000000eb100000|  0%| F|  |TAMS 0x00000000eb000000, 0x00000000eb000000| Untracked 
| 177|0x00000000eb100000, 0x00000000eb100000, 0x00000000eb200000|  0%| F|  |TAMS 0x00000000eb100000, 0x00000000eb100000| Untracked 
| 178|0x00000000eb200000, 0x00000000eb200000, 0x00000000eb300000|  0%| F|  |TAMS 0x00000000eb200000, 0x00000000eb200000| Untracked 
| 179|0x00000000eb300000, 0x00000000eb300000, 0x00000000eb400000|  0%| F|  |TAMS 0x00000000eb300000, 0x00000000eb300000| Untracked 
| 180|0x00000000eb400000, 0x00000000eb400000, 0x00000000eb500000|  0%| F|  |TAMS 0x00000000eb400000, 0x00000000eb400000| Untracked 
| 181|0x00000000eb500000, 0x00000000eb500000, 0x00000000eb600000|  0%| F|  |TAMS 0x00000000eb500000, 0x00000000eb500000| Untracked 
| 182|0x00000000eb600000, 0x00000000eb600000, 0x00000000eb700000|  0%| F|  |TAMS 0x00000000eb600000, 0x00000000eb600000| Untracked 
| 183|0x00000000eb700000, 0x00000000eb700000, 0x00000000eb800000|  0%| F|  |TAMS 0x00000000eb700000, 0x00000000eb700000| Untracked 
| 184|0x00000000eb800000, 0x00000000eb800000, 0x00000000eb900000|  0%| F|  |TAMS 0x00000000eb800000, 0x00000000eb800000| Untracked 
| 185|0x00000000eb900000, 0x00000000eb900000, 0x00000000eba00000|  0%| F|  |TAMS 0x00000000eb900000, 0x00000000eb900000| Untracked 
| 186|0x00000000eba00000, 0x00000000eba00000, 0x00000000ebb00000|  0%| F|  |TAMS 0x00000000eba00000, 0x00000000eba00000| Untracked 
| 187|0x00000000ebb00000, 0x00000000ebb00000, 0x00000000ebc00000|  0%| F|  |TAMS 0x00000000ebb00000, 0x00000000ebb00000| Untracked 
| 188|0x00000000ebc00000, 0x00000000ebc00000, 0x00000000ebd00000|  0%| F|  |TAMS 0x00000000ebc00000, 0x00000000ebc00000| Untracked 
| 189|0x00000000ebd00000, 0x00000000ebd00000, 0x00000000ebe00000|  0%| F|  |TAMS 0x00000000ebd00000, 0x00000000ebd00000| Untracked 
| 190|0x00000000ebe00000, 0x00000000ebe00000, 0x00000000ebf00000|  0%| F|  |TAMS 0x00000000ebe00000, 0x00000000ebe00000| Untracked 
| 191|0x00000000ebf00000, 0x00000000ebf00000, 0x00000000ec000000|  0%| F|  |TAMS 0x00000000ebf00000, 0x00000000ebf00000| Untracked 
| 192|0x00000000ec000000, 0x00000000ec000000, 0x00000000ec100000|  0%| F|  |TAMS 0x00000000ec000000, 0x00000000ec000000| Untracked 
| 193|0x00000000ec100000, 0x00000000ec100000, 0x00000000ec200000|  0%| F|  |TAMS 0x00000000ec100000, 0x00000000ec100000| Untracked 
| 194|0x00000000ec200000, 0x00000000ec200000, 0x00000000ec300000|  0%| F|  |TAMS 0x00000000ec200000, 0x00000000ec200000| Untracked 
| 195|0x00000000ec300000, 0x00000000ec300000, 0x00000000ec400000|  0%| F|  |TAMS 0x00000000ec300000, 0x00000000ec300000| Untracked 
| 196|0x00000000ec400000, 0x00000000ec400000, 0x00000000ec500000|  0%| F|  |TAMS 0x00000000ec400000, 0x00000000ec400000| Untracked 
| 197|0x00000000ec500000, 0x00000000ec500000, 0x00000000ec600000|  0%| F|  |TAMS 0x00000000ec500000, 0x00000000ec500000| Untracked 
| 198|0x00000000ec600000, 0x00000000ec600000, 0x00000000ec700000|  0%| F|  |TAMS 0x00000000ec600000, 0x00000000ec600000| Untracked 
| 199|0x00000000ec700000, 0x00000000ec700000, 0x00000000ec800000|  0%| F|  |TAMS 0x00000000ec700000, 0x00000000ec700000| Untracked 
| 200|0x00000000ec800000, 0x00000000ec800000, 0x00000000ec900000|  0%| F|  |TAMS 0x00000000ec800000, 0x00000000ec800000| Untracked 
| 201|0x00000000ec900000, 0x00000000ec900000, 0x00000000eca00000|  0%| F|  |TAMS 0x00000000ec900000, 0x00000000ec900000| Untracked 
| 202|0x00000000eca00000, 0x00000000eca00000, 0x00000000ecb00000|  0%| F|  |TAMS 0x00000000eca00000, 0x00000000eca00000| Untracked 
| 203|0x00000000ecb00000, 0x00000000ecb00000, 0x00000000ecc00000|  0%| F|  |TAMS 0x00000000ecb00000, 0x00000000ecb00000| Untracked 
| 204|0x00000000ecc00000, 0x00000000ecc00000, 0x00000000ecd00000|  0%| F|  |TAMS 0x00000000ecc00000, 0x00000000ecc00000| Untracked 
| 205|0x00000000ecd00000, 0x00000000ecd00000, 0x00000000ece00000|  0%| F|  |TAMS 0x00000000ecd00000, 0x00000000ecd00000| Untracked 
| 206|0x00000000ece00000, 0x00000000ece00000, 0x00000000ecf00000|  0%| F|  |TAMS 0x00000000ece00000, 0x00000000ece00000| Untracked 
| 207|0x00000000ecf00000, 0x00000000ecf00000, 0x00000000ed000000|  0%| F|  |TAMS 0x00000000ecf00000, 0x00000000ecf00000| Untracked 
| 208|0x00000000ed000000, 0x00000000ed000000, 0x00000000ed100000|  0%| F|  |TAMS 0x00000000ed000000, 0x00000000ed000000| Untracked 
| 209|0x00000000ed100000, 0x00000000ed100000, 0x00000000ed200000|  0%| F|  |TAMS 0x00000000ed100000, 0x00000000ed100000| Untracked 
| 210|0x00000000ed200000, 0x00000000ed200000, 0x00000000ed300000|  0%| F|  |TAMS 0x00000000ed200000, 0x00000000ed200000| Untracked 
| 211|0x00000000ed300000, 0x00000000ed300000, 0x00000000ed400000|  0%| F|  |TAMS 0x00000000ed300000, 0x00000000ed300000| Untracked 
| 212|0x00000000ed400000, 0x00000000ed400000, 0x00000000ed500000|  0%| F|  |TAMS 0x00000000ed400000, 0x00000000ed400000| Untracked 
| 213|0x00000000ed500000, 0x00000000ed500000, 0x00000000ed600000|  0%| F|  |TAMS 0x00000000ed500000, 0x00000000ed500000| Untracked 
| 214|0x00000000ed600000, 0x00000000ed600000, 0x00000000ed700000|  0%| F|  |TAMS 0x00000000ed600000, 0x00000000ed600000| Untracked 
| 215|0x00000000ed700000, 0x00000000ed700000, 0x00000000ed800000|  0%| F|  |TAMS 0x00000000ed700000, 0x00000000ed700000| Untracked 
| 216|0x00000000ed800000, 0x00000000ed800000, 0x00000000ed900000|  0%| F|  |TAMS 0x00000000ed800000, 0x00000000ed800000| Untracked 
| 217|0x00000000ed900000, 0x00000000ed900000, 0x00000000eda00000|  0%| F|  |TAMS 0x00000000ed900000, 0x00000000ed900000| Untracked 
| 218|0x00000000eda00000, 0x00000000eda00000, 0x00000000edb00000|  0%| F|  |TAMS 0x00000000eda00000, 0x00000000eda00000| Untracked 
| 219|0x00000000edb00000, 0x00000000edb00000, 0x00000000edc00000|  0%| F|  |TAMS 0x00000000edb00000, 0x00000000edb00000| Untracked 
| 220|0x00000000edc00000, 0x00000000edc00000, 0x00000000edd00000|  0%| F|  |TAMS 0x00000000edc00000, 0x00000000edc00000| Untracked 
| 221|0x00000000edd00000, 0x00000000edd00000, 0x00000000ede00000|  0%| F|  |TAMS 0x00000000edd00000, 0x00000000edd00000| Untracked 
| 222|0x00000000ede00000, 0x00000000ede00000, 0x00000000edf00000|  0%| F|  |TAMS 0x00000000ede00000, 0x00000000ede00000| Untracked 
| 223|0x00000000edf00000, 0x00000000edf00000, 0x00000000ee000000|  0%| F|  |TAMS 0x00000000edf00000, 0x00000000edf00000| Untracked 
| 224|0x00000000ee000000, 0x00000000ee000000, 0x00000000ee100000|  0%| F|  |TAMS 0x00000000ee000000, 0x00000000ee000000| Untracked 
| 225|0x00000000ee100000, 0x00000000ee100000, 0x00000000ee200000|  0%| F|  |TAMS 0x00000000ee100000, 0x00000000ee100000| Untracked 
| 226|0x00000000ee200000, 0x00000000ee200000, 0x00000000ee300000|  0%| F|  |TAMS 0x00000000ee200000, 0x00000000ee200000| Untracked 
| 227|0x00000000ee300000, 0x00000000ee300000, 0x00000000ee400000|  0%| F|  |TAMS 0x00000000ee300000, 0x00000000ee300000| Untracked 
| 228|0x00000000ee400000, 0x00000000ee400000, 0x00000000ee500000|  0%| F|  |TAMS 0x00000000ee400000, 0x00000000ee400000| Untracked 
| 229|0x00000000ee500000, 0x00000000ee500000, 0x00000000ee600000|  0%| F|  |TAMS 0x00000000ee500000, 0x00000000ee500000| Untracked 
| 230|0x00000000ee600000, 0x00000000ee600000, 0x00000000ee700000|  0%| F|  |TAMS 0x00000000ee600000, 0x00000000ee600000| Untracked 
| 231|0x00000000ee700000, 0x00000000ee700000, 0x00000000ee800000|  0%| F|  |TAMS 0x00000000ee700000, 0x00000000ee700000| Untracked 
| 232|0x00000000ee800000, 0x00000000ee800000, 0x00000000ee900000|  0%| F|  |TAMS 0x00000000ee800000, 0x00000000ee800000| Untracked 
| 233|0x00000000ee900000, 0x00000000ee900000, 0x00000000eea00000|  0%| F|  |TAMS 0x00000000ee900000, 0x00000000ee900000| Untracked 
| 234|0x00000000eea00000, 0x00000000eea00000, 0x00000000eeb00000|  0%| F|  |TAMS 0x00000000eea00000, 0x00000000eea00000| Untracked 
| 235|0x00000000eeb00000, 0x00000000eeb00000, 0x00000000eec00000|  0%| F|  |TAMS 0x00000000eeb00000, 0x00000000eeb00000| Untracked 
| 236|0x00000000eec00000, 0x00000000eec00000, 0x00000000eed00000|  0%| F|  |TAMS 0x00000000eec00000, 0x00000000eec00000| Untracked 
| 237|0x00000000eed00000, 0x00000000eed00000, 0x00000000eee00000|  0%| F|  |TAMS 0x00000000eed00000, 0x00000000eed00000| Untracked 
| 238|0x00000000eee00000, 0x00000000eee00000, 0x00000000eef00000|  0%| F|  |TAMS 0x00000000eee00000, 0x00000000eee00000| Untracked 
| 239|0x00000000eef00000, 0x00000000eef00000, 0x00000000ef000000|  0%| F|  |TAMS 0x00000000eef00000, 0x00000000eef00000| Untracked 
| 240|0x00000000ef000000, 0x00000000ef000000, 0x00000000ef100000|  0%| F|  |TAMS 0x00000000ef000000, 0x00000000ef000000| Untracked 
| 241|0x00000000ef100000, 0x00000000ef100000, 0x00000000ef200000|  0%| F|  |TAMS 0x00000000ef100000, 0x00000000ef100000| Untracked 
| 242|0x00000000ef200000, 0x00000000ef200000, 0x00000000ef300000|  0%| F|  |TAMS 0x00000000ef200000, 0x00000000ef200000| Untracked 
| 243|0x00000000ef300000, 0x00000000ef300000, 0x00000000ef400000|  0%| F|  |TAMS 0x00000000ef300000, 0x00000000ef300000| Untracked 
| 244|0x00000000ef400000, 0x00000000ef400000, 0x00000000ef500000|  0%| F|  |TAMS 0x00000000ef400000, 0x00000000ef400000| Untracked 
| 245|0x00000000ef500000, 0x00000000ef500000, 0x00000000ef600000|  0%| F|  |TAMS 0x00000000ef500000, 0x00000000ef500000| Untracked 
| 246|0x00000000ef600000, 0x00000000ef600000, 0x00000000ef700000|  0%| F|  |TAMS 0x00000000ef600000, 0x00000000ef600000| Untracked 
| 247|0x00000000ef700000, 0x00000000ef700000, 0x00000000ef800000|  0%| F|  |TAMS 0x00000000ef700000, 0x00000000ef700000| Untracked 
| 248|0x00000000ef800000, 0x00000000ef800000, 0x00000000ef900000|  0%| F|  |TAMS 0x00000000ef800000, 0x00000000ef800000| Untracked 
| 249|0x00000000ef900000, 0x00000000ef992fb8, 0x00000000efa00000| 57%| E|  |TAMS 0x00000000ef900000, 0x00000000ef900000| Complete 
| 250|0x00000000efa00000, 0x00000000efb00000, 0x00000000efb00000|100%| E|CS|TAMS 0x00000000efa00000, 0x00000000efa00000| Complete 
| 251|0x00000000efb00000, 0x00000000efc00000, 0x00000000efc00000|100%| E|CS|TAMS 0x00000000efb00000, 0x00000000efb00000| Complete 
| 252|0x00000000efc00000, 0x00000000efd00000, 0x00000000efd00000|100%| E|CS|TAMS 0x00000000efc00000, 0x00000000efc00000| Complete 
| 253|0x00000000efd00000, 0x00000000efe00000, 0x00000000efe00000|100%| E|CS|TAMS 0x00000000efd00000, 0x00000000efd00000| Complete 
| 254|0x00000000efe00000, 0x00000000eff00000, 0x00000000eff00000|100%| E|CS|TAMS 0x00000000efe00000, 0x00000000efe00000| Complete 
| 255|0x00000000eff00000, 0x00000000f0000000, 0x00000000f0000000|100%| E|CS|TAMS 0x00000000eff00000, 0x00000000eff00000| Complete 

Card table byte_map: [0x000001cce5030000,0x000001cce5130000] _byte_map_base: 0x000001cce4930000

Marking Bits (Prev, Next): (CMBitMap*) 0x000001cccdefae60, (CMBitMap*) 0x000001cccdefae20
 Prev Bits: [0x000001cce5a30000, 0x000001cce6230000)
 Next Bits: [0x000001cce5230000, 0x000001cce5a30000)

Polling page: 0x000001cccd680000

Metaspace:

Usage:
  Non-class:     50.91 MB used.
      Class:      8.31 MB used.
       Both:     59.23 MB used.

Virtual space:
  Non-class space:       64.00 MB reserved,      51.25 MB ( 80%) committed,  1 nodes.
      Class space:      320.00 MB reserved,       8.62 MB (  3%) committed,  1 nodes.
             Both:      384.00 MB reserved,      59.88 MB ( 16%) committed. 

Chunk freelists:
   Non-Class:  12.61 MB
       Class:  7.30 MB
        Both:  19.91 MB

MaxMetaspaceSize: 384.00 MB
CompressedClassSpaceSize: 320.00 MB
Initial GC threshold: 21.00 MB
Current GC threshold: 99.00 MB
CDS: on
MetaspaceReclaimPolicy: balanced
 - commit_granule_bytes: 65536.
 - commit_granule_words: 8192.
 - virtual_space_node_default_size: 8388608.
 - enlarge_chunks_in_place: 1.
 - new_chunks_are_fully_committed: 0.
 - uncommit_free_chunks: 1.
 - use_allocation_guard: 0.
 - handle_deallocations: 1.


Internal statistics:

num_allocs_failed_limit: 12.
num_arena_births: 724.
num_arena_deaths: 0.
num_vsnodes_births: 2.
num_vsnodes_deaths: 0.
num_space_committed: 958.
num_space_uncommitted: 0.
num_chunks_returned_to_freelist: 12.
num_chunks_taken_from_freelist: 3160.
num_chunk_merges: 12.
num_chunk_splits: 2121.
num_chunks_enlarged: 1393.
num_inconsistent_stats: 0.

CodeHeap 'non-profiled nmethods': size=120000Kb used=3297Kb max_used=3297Kb free=116702Kb
 bounds [0x000001ccdd4b0000, 0x000001ccdd7f0000, 0x000001cce49e0000]
CodeHeap 'profiled nmethods': size=120000Kb used=12728Kb max_used=12728Kb free=107271Kb
 bounds [0x000001ccd59e0000, 0x000001ccd6650000, 0x000001ccdcf10000]
CodeHeap 'non-nmethods': size=5760Kb used=2360Kb max_used=2407Kb free=3399Kb
 bounds [0x000001ccdcf10000, 0x000001ccdd180000, 0x000001ccdd4b0000]
 total_blobs=7258 nmethods=6373 adapters=796
 compilation: enabled
              stopped_count=0, restarted_count=0
 full_count=0

Compilation events (20 events):
Event: 109.535 Thread 0x000001cce8e98040 7166       3       org.objectweb.asm.Type::getArgumentsAndReturnSizes (140 bytes)
Event: 109.537 Thread 0x000001cce8e98040 nmethod 7166 0x000001ccd6634e10 code [0x000001ccd6635220, 0x000001ccd6637218]
Event: 109.537 Thread 0x000001cce8e98040 7167       3       org.objectweb.asm.Frame::execute (2318 bytes)
Event: 109.542 Thread 0x000001cce8e98040 nmethod 7167 0x000001ccd6637e10 code [0x000001ccd6638d40, 0x000001ccd663f8b8]
Event: 109.542 Thread 0x000001cce8e98040 7168       3       org.objectweb.asm.Frame::getAbstractTypeFromDescriptor (462 bytes)
Event: 109.545 Thread 0x000001cce8e98040 nmethod 7168 0x000001ccd6641510 code [0x000001ccd6641a20, 0x000001ccd66442f8]
Event: 109.545 Thread 0x000001cce8e98040 7173       3       org.objectweb.asm.Frame::accept (264 bytes)
Event: 109.546 Thread 0x000001cce8e98040 nmethod 7173 0x000001ccd6645090 code [0x000001ccd66452c0, 0x000001ccd6645bf8]
Event: 109.546 Thread 0x000001cce8e98040 7169       3       org.objectweb.asm.MethodWriter::visitVarInsn (302 bytes)
Event: 109.547 Thread 0x000001cce8e98040 nmethod 7169 0x000001ccd6645f90 code [0x000001ccd66461e0, 0x000001ccd6646be8]
Event: 109.547 Thread 0x000001cce8e98040 7172       3       org.gradle.internal.instantiation.generator.AbstractClassGenerator$PropertyMetadata::addSetter (41 bytes)
Event: 109.547 Thread 0x000001cce8e98040 nmethod 7172 0x000001ccd6646e90 code [0x000001ccd6647060, 0x000001ccd6647578]
Event: 109.551 Thread 0x000001cce8e98040 7174       3       org.gradle.internal.instantiation.generator.AbstractClassGenerator$ExtensibleTypePropertyHandler::applyTo (273 bytes)
Event: 109.553 Thread 0x000001cce8e98040 nmethod 7174 0x000001ccd6647710 code [0x000001ccd6647b00, 0x000001ccd6649ac8]
Event: 109.553 Thread 0x000001cce8e98040 7175       3       org.gradle.internal.instantiation.generator.AsmBackedClassGenerator$ClassBuilderImpl::access$1400 (4 bytes)
Event: 109.553 Thread 0x000001cce8e98040 nmethod 7175 0x000001ccd664a410 code [0x000001ccd664a5a0, 0x000001ccd664a698]
Event: 109.559 Thread 0x000001cce8e98040 7176       3       java.lang.StrictMath::floorOrCeil (128 bytes)
Event: 109.559 Thread 0x000001cce8e98040 nmethod 7176 0x000001ccd664a710 code [0x000001ccd664a8e0, 0x000001ccd664ad78]
Event: 109.559 Thread 0x000001cce8e98040 7177       3       java.lang.Math::getExponent (17 bytes)
Event: 109.560 Thread 0x000001cce8e98040 nmethod 7177 0x000001ccd664ae90 code [0x000001ccd664b020, 0x000001ccd664b158]

GC Heap History (18 events):
Event: 3.344 GC heap before
{Heap before GC invocations=0 (full 0):
 garbage-first heap   total 262144K, used 26624K [0x00000000e0000000, 0x0000000100000000)
  region size 1024K, 23 young (23552K), 0 survivors (0K)
 Metaspace       used 3054K, committed 3200K, reserved 393216K
  class space    used 390K, committed 448K, reserved 327680K
}
Event: 3.417 GC heap after
{Heap after GC invocations=1 (full 0):
 garbage-first heap   total 262144K, used 10719K [0x00000000e0000000, 0x0000000100000000)
  region size 1024K, 3 young (3072K), 3 survivors (3072K)
 Metaspace       used 3054K, committed 3200K, reserved 393216K
  class space    used 390K, committed 448K, reserved 327680K
}
Event: 9.692 GC heap before
{Heap before GC invocations=1 (full 0):
 garbage-first heap   total 262144K, used 38367K [0x00000000e0000000, 0x0000000100000000)
  region size 1024K, 30 young (30720K), 3 survivors (3072K)
 Metaspace       used 4082K, committed 4224K, reserved 393216K
  class space    used 497K, committed 576K, reserved 327680K
}
Event: 9.695 GC heap after
{Heap after GC invocations=2 (full 0):
 garbage-first heap   total 262144K, used 11834K [0x00000000e0000000, 0x0000000100000000)
  region size 1024K, 1 young (1024K), 1 survivors (1024K)
 Metaspace       used 4082K, committed 4224K, reserved 393216K
  class space    used 497K, committed 576K, reserved 327680K
}
Event: 24.237 GC heap before
{Heap before GC invocations=2 (full 0):
 garbage-first heap   total 262144K, used 129594K [0x00000000e0000000, 0x0000000100000000)
  region size 1024K, 117 young (119808K), 1 survivors (1024K)
 Metaspace       used 21217K, committed 21504K, reserved 393216K
  class space    used 3109K, committed 3264K, reserved 327680K
}
Event: 24.247 GC heap after
{Heap after GC invocations=3 (full 0):
 garbage-first heap   total 262144K, used 22969K [0x00000000e0000000, 0x0000000100000000)
  region size 1024K, 12 young (12288K), 12 survivors (12288K)
 Metaspace       used 21217K, committed 21504K, reserved 393216K
  class space    used 3109K, committed 3264K, reserved 327680K
}
Event: 32.422 GC heap before
{Heap before GC invocations=4 (full 0):
 garbage-first heap   total 262144K, used 148921K [0x00000000e0000000, 0x0000000100000000)
  region size 1024K, 130 young (133120K), 12 survivors (12288K)
 Metaspace       used 35579K, committed 35968K, reserved 393216K
  class space    used 4835K, committed 5056K, reserved 327680K
}
Event: 32.439 GC heap after
{Heap after GC invocations=5 (full 0):
 garbage-first heap   total 262144K, used 31740K [0x00000000e0000000, 0x0000000100000000)
  region size 1024K, 9 young (9216K), 9 survivors (9216K)
 Metaspace       used 35579K, committed 35968K, reserved 393216K
  class space    used 4835K, committed 5056K, reserved 327680K
}
Event: 35.618 GC heap before
{Heap before GC invocations=5 (full 0):
 garbage-first heap   total 262144K, used 33788K [0x00000000e0000000, 0x0000000100000000)
  region size 1024K, 12 young (12288K), 9 survivors (9216K)
 Metaspace       used 35854K, committed 36288K, reserved 393216K
  class space    used 4890K, committed 5120K, reserved 327680K
}
Event: 35.624 GC heap after
{Heap after GC invocations=6 (full 0):
 garbage-first heap   total 262144K, used 31547K [0x00000000e0000000, 0x0000000100000000)
  region size 1024K, 2 young (2048K), 2 survivors (2048K)
 Metaspace       used 35854K, committed 36288K, reserved 393216K
  class space    used 4890K, committed 5120K, reserved 327680K
}
Event: 35.625 GC heap before
{Heap before GC invocations=6 (full 0):
 garbage-first heap   total 262144K, used 31547K [0x00000000e0000000, 0x0000000100000000)
  region size 1024K, 3 young (3072K), 2 survivors (2048K)
 Metaspace       used 35858K, committed 36288K, reserved 393216K
  class space    used 4890K, committed 5120K, reserved 327680K
}
Event: 35.626 GC heap after
{Heap after GC invocations=7 (full 0):
 garbage-first heap   total 262144K, used 30977K [0x00000000e0000000, 0x0000000100000000)
  region size 1024K, 1 young (1024K), 1 survivors (1024K)
 Metaspace       used 35858K, committed 36288K, reserved 393216K
  class space    used 4890K, committed 5120K, reserved 327680K
}
Event: 59.707 GC heap before
{Heap before GC invocations=8 (full 0):
 garbage-first heap   total 262144K, used 198913K [0x00000000e0000000, 0x0000000100000000)
  region size 1024K, 153 young (156672K), 1 survivors (1024K)
 Metaspace       used 51293K, committed 51776K, reserved 393216K
  class space    used 7178K, committed 7424K, reserved 327680K
}
Event: 59.714 GC heap after
{Heap after GC invocations=9 (full 0):
 garbage-first heap   total 262144K, used 52181K [0x00000000e0000000, 0x0000000100000000)
  region size 1024K, 10 young (10240K), 10 survivors (10240K)
 Metaspace       used 51293K, committed 51776K, reserved 393216K
  class space    used 7178K, committed 7424K, reserved 327680K
}
Event: 59.860 GC heap before
{Heap before GC invocations=9 (full 0):
 garbage-first heap   total 262144K, used 54229K [0x00000000e0000000, 0x0000000100000000)
  region size 1024K, 12 young (12288K), 10 survivors (10240K)
 Metaspace       used 51580K, committed 52032K, reserved 393216K
  class space    used 7212K, committed 7424K, reserved 327680K
}
Event: 59.866 GC heap after
{Heap after GC invocations=10 (full 0):
 garbage-first heap   total 262144K, used 52458K [0x00000000e0000000, 0x0000000100000000)
  region size 1024K, 1 young (1024K), 1 survivors (1024K)
 Metaspace       used 51580K, committed 52032K, reserved 393216K
  class space    used 7212K, committed 7424K, reserved 327680K
}
Event: 109.342 GC heap before
{Heap before GC invocations=10 (full 0):
 garbage-first heap   total 262144K, used 166122K [0x00000000e0000000, 0x0000000100000000)
  region size 1024K, 113 young (115712K), 1 survivors (1024K)
 Metaspace       used 60180K, committed 60736K, reserved 393216K
  class space    used 8429K, committed 8704K, reserved 327680K
}
Event: 109.418 GC heap after
{Heap after GC invocations=11 (full 0):
 garbage-first heap   total 262144K, used 57234K [0x00000000e0000000, 0x0000000100000000)
  region size 1024K, 6 young (6144K), 6 survivors (6144K)
 Metaspace       used 60180K, committed 60736K, reserved 393216K
  class space    used 8429K, committed 8704K, reserved 327680K
}

Dll operation events (14 events):
Event: 0.046 Loaded shared library C:\Program Files\Java\jdk-17.0.9.9-hotspot\bin\java.dll
Event: 0.106 Loaded shared library C:\Program Files\Java\jdk-17.0.9.9-hotspot\bin\jsvml.dll
Event: 0.257 Loaded shared library C:\Program Files\Java\jdk-17.0.9.9-hotspot\bin\zip.dll
Event: 0.268 Loaded shared library C:\Program Files\Java\jdk-17.0.9.9-hotspot\bin\instrument.dll
Event: 0.282 Loaded shared library C:\Program Files\Java\jdk-17.0.9.9-hotspot\bin\net.dll
Event: 0.289 Loaded shared library C:\Program Files\Java\jdk-17.0.9.9-hotspot\bin\nio.dll
Event: 0.298 Loaded shared library C:\Program Files\Java\jdk-17.0.9.9-hotspot\bin\zip.dll
Event: 1.757 Loaded shared library C:\Program Files\Java\jdk-17.0.9.9-hotspot\bin\jimage.dll
Event: 2.077 Loaded shared library C:\Program Files\Java\jdk-17.0.9.9-hotspot\bin\verify.dll
Event: 2.822 Loaded shared library C:\Users\PC\.gradle\native\c067742578af261105cb4f569cf0c3c89f3d7b1fecec35dd04571415982c5e48\windows-amd64\native-platform.dll
Event: 2.847 Loaded shared library C:\Users\PC\.gradle\native\38dada09dfb8b06ba9b0570ebf7e218e3eb74d4ef43ca46872605cf95ebc2f47\windows-amd64\native-platform-file-events.dll
Event: 11.594 Loaded shared library C:\Program Files\Java\jdk-17.0.9.9-hotspot\bin\management.dll
Event: 11.608 Loaded shared library C:\Program Files\Java\jdk-17.0.9.9-hotspot\bin\management_ext.dll
Event: 15.053 Loaded shared library C:\Program Files\Java\jdk-17.0.9.9-hotspot\bin\sunmscapi.dll

Deoptimization events (20 events):
Event: 109.531 Thread 0x000001ccfe040ad0 Uncommon trap: trap_request=0xffffff45 fr.pc=0x000001ccdd5ca6ec relative=0x000000000000178c
Event: 109.532 Thread 0x000001ccfe040ad0 Uncommon trap: reason=unstable_if action=reinterpret pc=0x000001ccdd5ca6ec method=org.objectweb.asm.Type.getArgumentsAndReturnSizes(Ljava/lang/String;)I @ 117 c2
Event: 109.532 Thread 0x000001ccfe040ad0 DEOPT PACKING pc=0x000001ccdd5ca6ec sp=0x0000007e1a4f7a90
Event: 109.532 Thread 0x000001ccfe040ad0 DEOPT UNPACKING pc=0x000001ccdcf669a3 sp=0x0000007e1a4f7948 mode 2
Event: 109.532 Thread 0x000001ccfe040ad0 Uncommon trap: trap_request=0xffffff45 fr.pc=0x000001ccdd5e16dc relative=0x0000000000000a3c
Event: 109.532 Thread 0x000001ccfe040ad0 Uncommon trap: reason=unstable_if action=reinterpret pc=0x000001ccdd5e16dc method=org.objectweb.asm.Frame.getAbstractTypeFromDescriptor(Lorg/objectweb/asm/SymbolTable;Ljava/lang/String;I)I @ 5 c2
Event: 109.532 Thread 0x000001ccfe040ad0 DEOPT PACKING pc=0x000001ccdd5e16dc sp=0x0000007e1a4f7900
Event: 109.532 Thread 0x000001ccfe040ad0 DEOPT UNPACKING pc=0x000001ccdcf669a3 sp=0x0000007e1a4f78d0 mode 2
Event: 109.532 Thread 0x000001ccfe040ad0 Uncommon trap: trap_request=0xffffff45 fr.pc=0x000001ccdd4f905c relative=0x000000000000039c
Event: 109.532 Thread 0x000001ccfe040ad0 Uncommon trap: reason=unstable_if action=reinterpret pc=0x000001ccdd4f905c method=org.objectweb.asm.MethodWriter.visitVarInsn(II)V @ 224 c2
Event: 109.532 Thread 0x000001ccfe040ad0 DEOPT PACKING pc=0x000001ccdd4f905c sp=0x0000007e1a4f7cd0
Event: 109.532 Thread 0x000001ccfe040ad0 DEOPT UNPACKING pc=0x000001ccdcf669a3 sp=0x0000007e1a4f7c78 mode 2
Event: 109.532 Thread 0x000001ccfe040ad0 Uncommon trap: trap_request=0xffffff45 fr.pc=0x000001ccdd6103e4 relative=0x00000000000036c4
Event: 109.532 Thread 0x000001ccfe040ad0 Uncommon trap: reason=unstable_if action=reinterpret pc=0x000001ccdd6103e4 method=org.objectweb.asm.Type.getTypeInternal(Ljava/lang/String;II)Lorg/objectweb/asm/Type; @ 5 c2
Event: 109.532 Thread 0x000001ccfe040ad0 DEOPT PACKING pc=0x000001ccdd6103e4 sp=0x0000007e1a4f7e50
Event: 109.532 Thread 0x000001ccfe040ad0 DEOPT UNPACKING pc=0x000001ccdcf669a3 sp=0x0000007e1a4f7c80 mode 2
Event: 109.532 Thread 0x000001ccfe040ad0 Uncommon trap: trap_request=0xffffff45 fr.pc=0x000001ccdd548410 relative=0x0000000000000930
Event: 109.532 Thread 0x000001ccfe040ad0 Uncommon trap: reason=unstable_if action=reinterpret pc=0x000001ccdd548410 method=org.objectweb.asm.Frame.accept(Lorg/objectweb/asm/MethodWriter;)V @ 32 c2
Event: 109.532 Thread 0x000001ccfe040ad0 DEOPT PACKING pc=0x000001ccdd548410 sp=0x0000007e1a4f7dd0
Event: 109.532 Thread 0x000001ccfe040ad0 DEOPT UNPACKING pc=0x000001ccdcf669a3 sp=0x0000007e1a4f7d80 mode 2

Classes unloaded (0 events):
No events

Classes redefined (0 events):
No events

Internal exceptions (20 events):
Event: 58.383 Thread 0x000001ccfe040ad0 Exception <a 'java/lang/IncompatibleClassChangeError'{0x00000000e94c0600}: Found class java.lang.Object, but interface was expected> (0x00000000e94c0600) 
thrown [s\src\hotspot\share\interpreter\linkResolver.cpp, line 826]
Event: 58.810 Thread 0x000001ccfe040ad0 Implicit null exception at 0x000001ccdd734359 to 0x000001ccdd7344f8
Event: 58.810 Thread 0x000001ccfe040ad0 Implicit null exception at 0x000001ccdd7264e1 to 0x000001ccdd7273a8
Event: 61.213 Thread 0x000001ccfe040ad0 Exception <a 'java/lang/NoSuchMethodError'{0x00000000ec963fb8}: 'int java.lang.invoke.DirectMethodHandle$Holder.invokeSpecialIFC(java.lang.Object, java.lang.Object, java.lang.Object, java.lang.Object, java.lang.Object)'> (0x00000000ec963fb8) 
thrown [s\src\hotspot\share\interpreter\linkResolver.cpp, line 759]
Event: 61.322 Thread 0x000001ccfe040ad0 Exception <a 'java/lang/NoSuchMethodError'{0x00000000ec42f5e8}: 'int java.lang.invoke.DirectMethodHandle$Holder.invokeInterface(java.lang.Object, java.lang.Object, java.lang.Object, java.lang.Object)'> (0x00000000ec42f5e8) 
thrown [s\src\hotspot\share\interpreter\linkResolver.cpp, line 759]
Event: 61.491 Thread 0x000001ccfe040ad0 Exception <a 'java/lang/ClassNotFoundException'{0x00000000eba15688}: org/jetbrains/kotlin/gradle/targets/js/npm/DefaultNpmDependencyExtensionBeanInfo> (0x00000000eba15688) 
thrown [s\src\hotspot\share\classfile\systemDictionary.cpp, line 256]
Event: 61.491 Thread 0x000001ccfe040ad0 Exception <a 'java/lang/ClassNotFoundException'{0x00000000eba1f948}: org/jetbrains/kotlin/gradle/targets/js/npm/DefaultNpmDependencyExtensionCustomizer> (0x00000000eba1f948) 
thrown [s\src\hotspot\share\classfile\systemDictionary.cpp, line 256]
Event: 61.498 Thread 0x000001ccfe040ad0 Exception <a 'java/lang/ClassNotFoundException'{0x00000000ebaafc40}: org/jetbrains/kotlin/gradle/targets/js/npm/NpmDependencyExtensionKt$defaultNpmDependencyDelegate$1BeanInfo> (0x00000000ebaafc40) 
thrown [s\src\hotspot\share\classfile\systemDictionary.cpp, line 256]
Event: 61.499 Thread 0x000001ccfe040ad0 Exception <a 'java/lang/ClassNotFoundException'{0x00000000ebab9f40}: org/jetbrains/kotlin/gradle/targets/js/npm/NpmDependencyExtensionDelegateBeanInfo> (0x00000000ebab9f40) 
thrown [s\src\hotspot\share\classfile\systemDictionary.cpp, line 256]
Event: 61.499 Thread 0x000001ccfe040ad0 Exception <a 'java/lang/ClassNotFoundException'{0x00000000ebac4210}: org/jetbrains/kotlin/gradle/targets/js/npm/NpmDependencyExtensionDelegateCustomizer> (0x00000000ebac4210) 
thrown [s\src\hotspot\share\classfile\systemDictionary.cpp, line 256]
Event: 61.501 Thread 0x000001ccfe040ad0 Exception <a 'java/lang/ClassNotFoundException'{0x00000000ebaf1108}: org/jetbrains/kotlin/gradle/targets/js/npm/NpmDependencyExtensionKt$defaultNpmDependencyDelegate$1Customizer> (0x00000000ebaf1108) 
thrown [s\src\hotspot\share\classfile\systemDictionary.cpp, line 256]
Event: 61.509 Thread 0x000001ccfe040ad0 Exception <a 'java/lang/ClassNotFoundException'{0x00000000eb9328b8}: org/jetbrains/kotlin/gradle/targets/js/npm/DefaultDevNpmDependencyExtensionBeanInfo> (0x00000000eb9328b8) 
thrown [s\src\hotspot\share\classfile\systemDictionary.cpp, line 256]
Event: 61.510 Thread 0x000001ccfe040ad0 Exception <a 'java/lang/ClassNotFoundException'{0x00000000eb93cb90}: org/jetbrains/kotlin/gradle/targets/js/npm/DefaultDevNpmDependencyExtensionCustomizer> (0x00000000eb93cb90) 
thrown [s\src\hotspot\share\classfile\systemDictionary.cpp, line 256]
Event: 61.516 Thread 0x000001ccfe040ad0 Exception <a 'java/lang/ClassNotFoundException'{0x00000000eb985f40}: org/jetbrains/kotlin/gradle/targets/js/npm/DefaultPeerNpmDependencyExtensionBeanInfo> (0x00000000eb985f40) 
thrown [s\src\hotspot\share\classfile\systemDictionary.cpp, line 256]
Event: 61.517 Thread 0x000001ccfe040ad0 Exception <a 'java/lang/ClassNotFoundException'{0x00000000eb990220}: org/jetbrains/kotlin/gradle/targets/js/npm/DefaultPeerNpmDependencyExtensionCustomizer> (0x00000000eb990220) 
thrown [s\src\hotspot\share\classfile\systemDictionary.cpp, line 256]
Event: 61.521 Thread 0x000001ccfe040ad0 Exception <a 'java/lang/ClassNotFoundException'{0x00000000eb9e6fd8}: org/jetbrains/kotlin/gradle/targets/js/npm/DefaultPeerNpmDependencyExtension$delegate$1BeanInfo> (0x00000000eb9e6fd8) 
thrown [s\src\hotspot\share\classfile\systemDictionary.cpp, line 256]
Event: 61.522 Thread 0x000001ccfe040ad0 Exception <a 'java/lang/ClassNotFoundException'{0x00000000eb9f13e8}: org/jetbrains/kotlin/gradle/targets/js/npm/DefaultPeerNpmDependencyExtension$delegate$1Customizer> (0x00000000eb9f13e8) 
thrown [s\src\hotspot\share\classfile\systemDictionary.cpp, line 256]
Event: 61.543 Thread 0x000001ccfe040ad0 Exception <a 'java/lang/NoSuchMethodError'{0x00000000eb716a08}: static Lorg/jetbrains/kotlin/gradle/plugin/internal/DefaultIdeaSyncDetector$createIdeaPropertiesEvaluator$1;.<clinit>()V> (0x00000000eb716a08) 
thrown [s\src\hotspot\share\prims\jni.cpp, line 1107]
Event: 85.549 Thread 0x000001cc87325bb0 Exception <a 'java/lang/NoSuchMethodError'{0x00000000e9f0a4d0}: static Lorg/gradle/launcher/daemon/protocol/Command;.<clinit>()V> (0x00000000e9f0a4d0) 
thrown [s\src\hotspot\share\prims\jni.cpp, line 1107]
Event: 85.553 Thread 0x000001cc87325bb0 Exception <a 'java/lang/NoSuchMethodError'{0x00000000e9f17558}: static Lorg/gradle/launcher/daemon/protocol/InvalidateVirtualFileSystem;.<clinit>()V> (0x00000000e9f17558) 
thrown [s\src\hotspot\share\prims\jni.cpp, line 1107]

VM Operations (20 events):
Event: 93.215 Executing VM operation: Cleanup
Event: 93.215 Executing VM operation: Cleanup done
Event: 96.216 Executing VM operation: Cleanup
Event: 96.216 Executing VM operation: Cleanup done
Event: 97.217 Executing VM operation: Cleanup
Event: 97.217 Executing VM operation: Cleanup done
Event: 101.226 Executing VM operation: Cleanup
Event: 101.226 Executing VM operation: Cleanup done
Event: 102.227 Executing VM operation: Cleanup
Event: 102.227 Executing VM operation: Cleanup done
Event: 107.229 Executing VM operation: Cleanup
Event: 107.324 Executing VM operation: Cleanup done
Event: 109.324 Executing VM operation: Cleanup
Event: 109.324 Executing VM operation: Cleanup done
Event: 109.342 Executing VM operation: CollectForMetadataAllocation
Event: 109.418 Executing VM operation: CollectForMetadataAllocation done
Event: 109.470 Executing VM operation: G1PauseRemark
Event: 109.493 Executing VM operation: G1PauseRemark done
Event: 109.504 Executing VM operation: G1PauseCleanup
Event: 109.504 Executing VM operation: G1PauseCleanup done

Events (20 events):
Event: 108.529 Thread 0x000001ccffa205c0 Thread added: 0x000001ccffa205c0
Event: 108.650 loading class java/util/concurrent/ConcurrentSkipListMap$KeySet
Event: 108.650 loading class java/util/concurrent/ConcurrentSkipListMap$KeySet done
Event: 108.651 loading class java/util/concurrent/ConcurrentSkipListMap$KeyIterator
Event: 108.651 loading class java/util/concurrent/ConcurrentSkipListMap$KeyIterator done
Event: 108.651 loading class java/net/InetAddress$NameServiceAddresses
Event: 108.651 loading class java/net/InetAddress$Addresses
Event: 108.651 loading class java/net/InetAddress$Addresses done
Event: 108.651 loading class java/net/InetAddress$NameServiceAddresses done
Event: 108.710 loading class sun/net/InetAddressCachePolicy
Event: 108.710 loading class sun/net/InetAddressCachePolicy done
Event: 108.711 loading class sun/net/InetAddressCachePolicy$1
Event: 108.711 loading class sun/net/InetAddressCachePolicy$1 done
Event: 108.711 loading class sun/net/InetAddressCachePolicy$2
Event: 108.711 loading class sun/net/InetAddressCachePolicy$2 done
Event: 108.711 loading class java/net/InetAddress$CachedAddresses
Event: 108.712 loading class java/net/InetAddress$CachedAddresses done
Event: 108.712 loading class java/net/InetAddress$CachedLocalHost
Event: 108.712 loading class java/net/InetAddress$CachedLocalHost done
Event: 109.101 Thread 0x000001ccffa205c0 Thread exited: 0x000001ccffa205c0


Dynamic libraries:
0x00007ff6d3b50000 - 0x00007ff6d3b5e000 	C:\Program Files\Java\jdk-17.0.9.9-hotspot\bin\java.exe
0x00007ffac0190000 - 0x00007ffac03a7000 	C:\WINDOWS\SYSTEM32\ntdll.dll
0x00007ffabec80000 - 0x00007ffabed44000 	C:\WINDOWS\System32\KERNEL32.DLL
0x00007ffabda10000 - 0x00007ffabddb6000 	C:\WINDOWS\System32\KERNELBASE.dll
0x00007ffabddc0000 - 0x00007ffabded1000 	C:\WINDOWS\System32\ucrtbase.dll
0x00007ffaadf30000 - 0x00007ffaadf4b000 	C:\Program Files\Java\jdk-17.0.9.9-hotspot\bin\VCRUNTIME140.dll
0x00007ffaadfa0000 - 0x00007ffaadfb7000 	C:\Program Files\Java\jdk-17.0.9.9-hotspot\bin\jli.dll
0x00007ffabdf90000 - 0x00007ffabe13e000 	C:\WINDOWS\System32\USER32.dll
0x00007ffabd870000 - 0x00007ffabd896000 	C:\WINDOWS\System32\win32u.dll
0x00007ffabe140000 - 0x00007ffabe169000 	C:\WINDOWS\System32\GDI32.dll
0x00007ffabd6b0000 - 0x00007ffabd7c8000 	C:\WINDOWS\System32\gdi32full.dll
0x00007ffabd7d0000 - 0x00007ffabd86a000 	C:\WINDOWS\System32\msvcp_win.dll
0x00007ffa89f00000 - 0x00007ffa8a193000 	C:\WINDOWS\WinSxS\amd64_microsoft.windows.common-controls_6595b64144ccf1df_6.0.22621.2506_none_270c5ae97388e100\COMCTL32.dll
0x00007ffabf360000 - 0x00007ffabf407000 	C:\WINDOWS\System32\msvcrt.dll
0x00007ffabe170000 - 0x00007ffabe1a1000 	C:\WINDOWS\System32\IMM32.DLL
0x00007ffaae0c0000 - 0x00007ffaae0cc000 	C:\Program Files\Java\jdk-17.0.9.9-hotspot\bin\vcruntime140_1.dll
0x00007ffaadea0000 - 0x00007ffaadf2d000 	C:\Program Files\Java\jdk-17.0.9.9-hotspot\bin\msvcp140.dll
0x00007ffa02450000 - 0x00007ffa030b1000 	C:\Program Files\Java\jdk-17.0.9.9-hotspot\bin\server\jvm.dll
0x00007ffabe410000 - 0x00007ffabe4c3000 	C:\WINDOWS\System32\ADVAPI32.dll
0x00007ffabdee0000 - 0x00007ffabdf88000 	C:\WINDOWS\System32\sechost.dll
0x00007ffabd8a0000 - 0x00007ffabd8c8000 	C:\WINDOWS\System32\bcrypt.dll
0x00007ffabfd80000 - 0x00007ffabfe97000 	C:\WINDOWS\System32\RPCRT4.dll
0x00007ffabd3a0000 - 0x00007ffabd3ed000 	C:\WINDOWS\SYSTEM32\POWRPROF.dll
0x00007ffa9c7a0000 - 0x00007ffa9c7a9000 	C:\WINDOWS\SYSTEM32\WSOCK32.dll
0x00007ffabeb20000 - 0x00007ffabeb91000 	C:\WINDOWS\System32\WS2_32.dll
0x00007ffab0750000 - 0x00007ffab0784000 	C:\WINDOWS\SYSTEM32\WINMM.dll
0x00007ffaa5ed0000 - 0x00007ffaa5eda000 	C:\WINDOWS\SYSTEM32\VERSION.dll
0x00007ffabd380000 - 0x00007ffabd393000 	C:\WINDOWS\SYSTEM32\UMPDC.dll
0x00007ffabc500000 - 0x00007ffabc518000 	C:\WINDOWS\SYSTEM32\kernel.appcore.dll
0x00007ffaadf90000 - 0x00007ffaadf9a000 	C:\Program Files\Java\jdk-17.0.9.9-hotspot\bin\jimage.dll
0x00007ffabad70000 - 0x00007ffabafa3000 	C:\WINDOWS\SYSTEM32\DBGHELP.DLL
0x00007ffabe5d0000 - 0x00007ffabe959000 	C:\WINDOWS\System32\combase.dll
0x00007ffac0060000 - 0x00007ffac0137000 	C:\WINDOWS\System32\OLEAUT32.dll
0x00007ffaa2390000 - 0x00007ffaa23c2000 	C:\WINDOWS\SYSTEM32\dbgcore.DLL
0x00007ffabd990000 - 0x00007ffabda0a000 	C:\WINDOWS\System32\bcryptPrimitives.dll
0x00007ffaade90000 - 0x00007ffaade9e000 	C:\Program Files\Java\jdk-17.0.9.9-hotspot\bin\instrument.dll
0x00007ffa8edf0000 - 0x00007ffa8ee15000 	C:\Program Files\Java\jdk-17.0.9.9-hotspot\bin\java.dll
0x00007ffa8eb80000 - 0x00007ffa8ec57000 	C:\Program Files\Java\jdk-17.0.9.9-hotspot\bin\jsvml.dll
0x00007ffabf410000 - 0x00007ffabfc6a000 	C:\WINDOWS\System32\SHELL32.dll
0x00007ffabb420000 - 0x00007ffabbd16000 	C:\WINDOWS\SYSTEM32\windows.storage.dll
0x00007ffabb2e0000 - 0x00007ffabb41e000 	C:\WINDOWS\SYSTEM32\wintypes.dll
0x00007ffabfc80000 - 0x00007ffabfd73000 	C:\WINDOWS\System32\SHCORE.dll
0x00007ffabec20000 - 0x00007ffabec7e000 	C:\WINDOWS\System32\shlwapi.dll
0x00007ffabd400000 - 0x00007ffabd426000 	C:\WINDOWS\SYSTEM32\profapi.dll
0x00007ffa8edd0000 - 0x00007ffa8ede8000 	C:\Program Files\Java\jdk-17.0.9.9-hotspot\bin\zip.dll
0x00007ffa8dd20000 - 0x00007ffa8dd39000 	C:\Program Files\Java\jdk-17.0.9.9-hotspot\bin\net.dll
0x00007ffab4910000 - 0x00007ffab4a47000 	C:\WINDOWS\SYSTEM32\WINHTTP.dll
0x00007ffabc980000 - 0x00007ffabc9e9000 	C:\WINDOWS\system32\mswsock.dll
0x00007ffa8dd00000 - 0x00007ffa8dd16000 	C:\Program Files\Java\jdk-17.0.9.9-hotspot\bin\nio.dll
0x00007ffaad840000 - 0x00007ffaad850000 	C:\Program Files\Java\jdk-17.0.9.9-hotspot\bin\verify.dll
0x00007ffa73c60000 - 0x00007ffa73c87000 	C:\Users\PC\.gradle\native\c067742578af261105cb4f569cf0c3c89f3d7b1fecec35dd04571415982c5e48\windows-amd64\native-platform.dll
0x00007ffa6c440000 - 0x00007ffa6c584000 	C:\Users\PC\.gradle\native\38dada09dfb8b06ba9b0570ebf7e218e3eb74d4ef43ca46872605cf95ebc2f47\windows-amd64\native-platform-file-events.dll
0x00007ffaad800000 - 0x00007ffaad809000 	C:\Program Files\Java\jdk-17.0.9.9-hotspot\bin\management.dll
0x00007ffa8eb70000 - 0x00007ffa8eb7b000 	C:\Program Files\Java\jdk-17.0.9.9-hotspot\bin\management_ext.dll
0x00007ffabe1b0000 - 0x00007ffabe1b8000 	C:\WINDOWS\System32\PSAPI.DLL
0x00007ffabcbe0000 - 0x00007ffabcbfb000 	C:\WINDOWS\SYSTEM32\CRYPTSP.dll
0x00007ffabc460000 - 0x00007ffabc495000 	C:\WINDOWS\system32\rsaenh.dll
0x00007ffabca70000 - 0x00007ffabca9c000 	C:\WINDOWS\SYSTEM32\USERENV.dll
0x00007ffabcbd0000 - 0x00007ffabcbdc000 	C:\WINDOWS\SYSTEM32\CRYPTBASE.dll
0x00007ffabbf80000 - 0x00007ffabbfad000 	C:\WINDOWS\SYSTEM32\IPHLPAPI.DLL
0x00007ffabfc70000 - 0x00007ffabfc79000 	C:\WINDOWS\System32\NSI.dll
0x00007ffab3be0000 - 0x00007ffab3bf9000 	C:\WINDOWS\SYSTEM32\dhcpcsvc6.DLL
0x00007ffab3bc0000 - 0x00007ffab3bdf000 	C:\WINDOWS\SYSTEM32\dhcpcsvc.DLL
0x00007ffabbfb0000 - 0x00007ffabc0a9000 	C:\WINDOWS\SYSTEM32\DNSAPI.dll
0x00007ffa8e8d0000 - 0x00007ffa8e8de000 	C:\Program Files\Java\jdk-17.0.9.9-hotspot\bin\sunmscapi.dll
0x00007ffabd4d0000 - 0x00007ffabd636000 	C:\WINDOWS\System32\CRYPT32.dll
0x00007ffabcd70000 - 0x00007ffabcd9e000 	C:\WINDOWS\SYSTEM32\ncrypt.dll
0x00007ffabcd30000 - 0x00007ffabcd67000 	C:\WINDOWS\SYSTEM32\NTASN1.dll
0x00007ffa861d0000 - 0x00007ffa861d8000 	C:\WINDOWS\system32\wshunix.dll
0x00007ffa94b20000 - 0x00007ffa94b37000 	C:\WINDOWS\system32\napinsp.dll
0x00007ffa94b00000 - 0x00007ffa94b1b000 	C:\WINDOWS\system32\pnrpnsp.dll
0x00007ffa94ae0000 - 0x00007ffa94af1000 	C:\WINDOWS\System32\winrnr.dll
0x00007ffa94ac0000 - 0x00007ffa94ad5000 	C:\WINDOWS\system32\wshbth.dll
0x00007ffa94a90000 - 0x00007ffa94ab1000 	C:\WINDOWS\system32\nlansp_c.dll
0x00007ffab0640000 - 0x00007ffab064a000 	C:\Windows\System32\rasadhlp.dll
0x00007ffab06c0000 - 0x00007ffab0743000 	C:\WINDOWS\System32\fwpuclnt.dll

dbghelp: loaded successfully - version: 4.0.5 - missing functions: none
symbol engine: initialized successfully - sym options: 0x614 - pdb path: .;C:\Program Files\Java\jdk-17.0.9.9-hotspot\bin;C:\WINDOWS\SYSTEM32;C:\WINDOWS\WinSxS\amd64_microsoft.windows.common-controls_6595b64144ccf1df_6.0.22621.2506_none_270c5ae97388e100;C:\Program Files\Java\jdk-17.0.9.9-hotspot\bin\server;C:\Users\PC\.gradle\native\c067742578af261105cb4f569cf0c3c89f3d7b1fecec35dd04571415982c5e48\windows-amd64;C:\Users\PC\.gradle\native\38dada09dfb8b06ba9b0570ebf7e218e3eb74d4ef43ca46872605cf95ebc2f47\windows-amd64

VM Arguments:
jvm_args: --add-opens=java.base/java.util=ALL-UNNAMED --add-opens=java.base/java.lang=ALL-UNNAMED --add-opens=java.base/java.lang.invoke=ALL-UNNAMED --add-opens=java.prefs/java.util.prefs=ALL-UNNAMED --add-opens=java.base/java.nio.charset=ALL-UNNAMED --add-opens=java.base/java.net=ALL-UNNAMED --add-opens=java.base/java.util.concurrent.atomic=ALL-UNNAMED -XX:MaxMetaspaceSize=384m -XX:+HeapDumpOnOutOfMemoryError -Xms256m -Xmx512m -Dfile.encoding=x-windows-949 -Duser.country=KR -Duser.language=ko -Duser.variant -javaagent:C:\Users\PC\.gradle\wrapper\dists\gradle-8.5-bin\5t9huq95ubn472n8rpzujfbqh\gradle-8.5\lib\agents\gradle-instrumentation-agent-8.5.jar 
java_command: org.gradle.launcher.daemon.bootstrap.GradleDaemon 8.5
java_class_path (initial): C:\Users\PC\.gradle\wrapper\dists\gradle-8.5-bin\5t9huq95ubn472n8rpzujfbqh\gradle-8.5\lib\gradle-launcher-8.5.jar
Launcher Type: SUN_STANDARD

[Global flags]
     intx CICompilerCount                          = 4                                         {product} {ergonomic}
   size_t CompressedClassSpaceSize                 = 335544320                                 {product} {ergonomic}
     uint ConcGCThreads                            = 3                                         {product} {ergonomic}
     uint G1ConcRefinementThreads                  = 10                                        {product} {ergonomic}
   size_t G1HeapRegionSize                         = 1048576                                   {product} {ergonomic}
    uintx GCDrainStackTargetSize                   = 64                                        {product} {ergonomic}
     bool HeapDumpOnOutOfMemoryError               = true                                   {manageable} {command line}
   size_t InitialHeapSize                          = 268435456                                 {product} {command line}
   size_t MarkStackSize                            = 4194304                                   {product} {ergonomic}
   size_t MaxHeapSize                              = 536870912                                 {product} {command line}
   size_t MaxMetaspaceSize                         = 402653184                                 {product} {command line}
   size_t MaxNewSize                               = 321912832                                 {product} {ergonomic}
   size_t MinHeapDeltaBytes                        = 1048576                                   {product} {ergonomic}
   size_t MinHeapSize                              = 268435456                                 {product} {command line}
    uintx NonNMethodCodeHeapSize                   = 5839372                                {pd product} {ergonomic}
    uintx NonProfiledCodeHeapSize                  = 122909434                              {pd product} {ergonomic}
    uintx ProfiledCodeHeapSize                     = 122909434                              {pd product} {ergonomic}
    uintx ReservedCodeCacheSize                    = 251658240                              {pd product} {ergonomic}
     bool SegmentedCodeCache                       = true                                      {product} {ergonomic}
   size_t SoftMaxHeapSize                          = 536870912                              {manageable} {ergonomic}
     bool UseCompressedClassPointers               = true                           {product lp64_product} {ergonomic}
     bool UseCompressedOops                        = true                           {product lp64_product} {ergonomic}
     bool UseG1GC                                  = true                                      {product} {ergonomic}
     bool UseLargePagesIndividualAllocation        = false                                  {pd product} {ergonomic}

Logging:
Log output configuration:
 #0: stdout all=warning uptime,level,tags
 #1: stderr all=off uptime,level,tags

Environment Variables:
JAVA_HOME=C:\Program Files\Java\jdk-17.0.9.9-hotspot\
CLASSPATH=C:\Program Files\Java\jdk-17.0.9.9-hotspot\\lib\;
PATH="C:\Program Files\Java\jdk-17.0.9.9-hotspot\bin;C:\Program Files\Java\jdk-17.0.9.9-hotspot\bin";C:\Program Files (x86)\NAT Service;C:\Program Files\Java\jdk-17.0.9.9-hotspot\\bin;C:\Program Files (x86)\Common Files\Oracle\Java\javapath;C:\app\PC\product\18.0.0\dbhomeXE\bin;C:\WINDOWS\system32;C:\WINDOWS;C:\WINDOWS\System32\Wbem;C:\WINDOWS\System32\WindowsPowerShell\v1.0\;C:\WINDOWS\System32\OpenSSH\;C:\Program Files\Bandizip\;C:\Program Files\Microsoft SQL Server\150\Tools\Binn\;C:\Program Files\Microsoft SQL Server\Client SDK\ODBC\170\Tools\Binn\;C:\Program Files\dotnet\;C:\Program Files\Git\cmd;C:\Program Files\PuTTY\;C:\Program Files\MySQL\MySQL Shell 8.0\bin\;C:\Program Files\Java\jdk-11\bin;C:\Users\PC\AppData\Local\Microsoft\WindowsApps;C:\Users\PC\AppData\Local\Programs\Microsoft VS Code\bin;C:\Users\PC\.dotnet\tools;C:\Users\PC\AppData\Local\afreeca;;C:\InteliJ\IntelliJ IDEA Community Edition 2023.2.5\bin;;C:\InteliJ\IntelliJ IDEA 2023.3.1\bin;
USERNAME=PC
OS=Windows_NT
PROCESSOR_IDENTIFIER=Intel64 Family 6 Model 154 Stepping 4, GenuineIntel
TMP=C:\Users\PC\AppData\Local\Temp
TEMP=C:\Users\PC\AppData\Local\Temp



Periodic native trim disabled


---------------  S Y S T E M  ---------------

OS:
 Windows 11 , 64 bit Build 22621 (10.0.22621.2506)
OS uptime: 0 days 15:11 hours

CPU: total 12 (initial active 12) (12 cores per cpu, 1 threads per core) family 6 model 154 stepping 4 microcode 0x41e, cx8, cmov, fxsr, mmx, 3dnowpref, sse, sse2, sse3, ssse3, sse4.1, sse4.2, popcnt, lzcnt, tsc, tscinvbit, avx, avx2, aes, erms, clmul, bmi1, bmi2, adx, sha, fma, vzeroupper, clflush, clflushopt, clwb
Processor Information for processor 0
  Max Mhz: 1700, Current Mhz: 1700, Mhz Limit: 1700
Processor Information for processor 1
  Max Mhz: 1700, Current Mhz: 1700, Mhz Limit: 1700
Processor Information for processor 2
  Max Mhz: 1700, Current Mhz: 1700, Mhz Limit: 1700
Processor Information for processor 3
  Max Mhz: 1700, Current Mhz: 1700, Mhz Limit: 1700
Processor Information for processor 4
  Max Mhz: 1700, Current Mhz: 1200, Mhz Limit: 1190
Processor Information for processor 5
  Max Mhz: 1700, Current Mhz: 1200, Mhz Limit: 1190
Processor Information for processor 6
  Max Mhz: 1700, Current Mhz: 1200, Mhz Limit: 1190
Processor Information for processor 7
  Max Mhz: 1700, Current Mhz: 1200, Mhz Limit: 1190
Processor Information for processor 8
  Max Mhz: 1700, Current Mhz: 1200, Mhz Limit: 1190
Processor Information for processor 9
  Max Mhz: 1700, Current Mhz: 1200, Mhz Limit: 1190
Processor Information for processor 10
  Max Mhz: 1700, Current Mhz: 1200, Mhz Limit: 1190
Processor Information for processor 11
  Max Mhz: 1700, Current Mhz: 1200, Mhz Limit: 1190

Memory: 4k page, system-wide physical 16083M (243M free)
TotalPageFile size 32375M (AvailPageFile size 2M)
current process WorkingSet (physical memory assigned to process): 208M, peak: 388M
current process commit charge ("private bytes"): 490M, peak: 491M

vm_info: OpenJDK 64-Bit Server VM (17.0.9+9) for windows-amd64 JRE (17.0.9+9), built on Oct 26 2023 14:01:42 by "admin" with MS VC++ 16.10 / 16.11 (VS2019)

END.
