#
# There is insufficient memory for the Java Runtime Environment to continue.
# Native memory allocation (malloc) failed to allocate 32784 bytes for Chunk::new
# Possible reasons:
#   The system is out of physical RAM or swap space
#   The process is running with CompressedOops enabled, and the Java Heap may be blocking the growth of the native heap
# Possible solutions:
#   Reduce memory load on the system
#   Increase physical memory or swap space
#   Check if swap backing store is full
#   Decrease Java heap size (-Xmx/-Xms)
#   Decrease number of Java threads
#   Decrease Java thread stack sizes (-Xss)
#   Set larger code cache with -XX:ReservedCodeCacheSize=
#   JVM is running with Unscaled Compressed Oops mode in which the Java heap is
#     placed in the first 4GB address space. The Java Heap base address is the
#     maximum limit for the native heap growth. Please use -XX:HeapBaseMinAddress
#     to set the Java Heap base and to place the Java Heap above 4GB virtual address.
# This output file may be truncated or incomplete.
#
#  Out of Memory Error (arena.cpp:191), pid=15508, tid=26132
#
# JRE version: OpenJDK Runtime Environment Temurin-17.0.9+9 (17.0.9+9) (build 17.0.9+9)
# Java VM: OpenJDK 64-Bit Server VM Temurin-17.0.9+9 (17.0.9+9, mixed mode, sharing, tiered, compressed oops, compressed class ptrs, g1 gc, windows-amd64)
# No core dump will be written. Minidumps are not enabled by default on client versions of Windows
#

---------------  S U M M A R Y ------------

Command Line: --add-opens=java.base/java.util=ALL-UNNAMED --add-opens=java.base/java.lang=ALL-UNNAMED --add-opens=java.base/java.lang.invoke=ALL-UNNAMED --add-opens=java.prefs/java.util.prefs=ALL-UNNAMED --add-opens=java.base/java.nio.charset=ALL-UNNAMED --add-opens=java.base/java.net=ALL-UNNAMED --add-opens=java.base/java.util.concurrent.atomic=ALL-UNNAMED -XX:MaxMetaspaceSize=384m -XX:+HeapDumpOnOutOfMemoryError -Xms256m -Xmx512m -Dfile.encoding=x-windows-949 -Duser.country=KR -Duser.language=ko -Duser.variant -javaagent:C:\Users\PC\.gradle\wrapper\dists\gradle-8.5-bin\5t9huq95ubn472n8rpzujfbqh\gradle-8.5\lib\agents\gradle-instrumentation-agent-8.5.jar org.gradle.launcher.daemon.bootstrap.GradleDaemon 8.5

Host: 12th Gen Intel(R) Core(TM) i7-1255U, 12 cores, 15G,  Windows 11 , 64 bit Build 22621 (10.0.22621.2506)
Time: Mon Jan 22 23:22:29 2024  Windows 11 , 64 bit Build 22621 (10.0.22621.2506) elapsed time: 68.475309 seconds (0d 0h 1m 8s)

---------------  T H R E A D  ---------------

Current thread (0x00000219257abe80):  JavaThread "C2 CompilerThread0" daemon [_thread_in_native, id=26132, stack(0x000000245e100000,0x000000245e200000)]


Current CompileTask:
C2:  68475 3320       4       java.io.DataInputStream::readUTF (501 bytes)

Stack: [0x000000245e100000,0x000000245e200000]
Native frames: (J=compiled Java code, j=interpreted, Vv=VM code, C=native code)
V  [jvm.dll+0x67cf49]
V  [jvm.dll+0x83478a]
V  [jvm.dll+0x83624e]
V  [jvm.dll+0x8368b3]
V  [jvm.dll+0x247f1f]
V  [jvm.dll+0xac43c]
V  [jvm.dll+0xaca8c]
V  [jvm.dll+0x6a0a73]
V  [jvm.dll+0x219192]
V  [jvm.dll+0x1a57cd]
V  [jvm.dll+0x2297ae]
V  [jvm.dll+0x22797c]
V  [jvm.dll+0x7e9877]
V  [jvm.dll+0x7e3c3a]
V  [jvm.dll+0x67be35]
C  [ucrtbase.dll+0x29363]
C  [KERNEL32.DLL+0x1257d]
C  [ntdll.dll+0x5aa58]


---------------  P R O C E S S  ---------------

Threads class SMR info:
_java_thread_list=0x0000021940dd5590, length=37, elements={
0x000002190889d660, 0x00000219257885e0, 0x0000021925789460, 0x00000219257a5310,
0x00000219257a6df0, 0x00000219257a97c0, 0x00000219257aa180, 0x00000219257abe80,
0x00000219257ac930, 0x00000219257af340, 0x0000021925770960, 0x00000219259c6080,
0x00000219406c6e80, 0x000002193fa7b3b0, 0x000002193fbff090, 0x00000219405089b0,
0x0000021925959010, 0x00000219403c9c90, 0x00000219403ca1a0, 0x00000219403c7410,
0x00000219403c9270, 0x00000219403c8d60, 0x00000219403c7920, 0x00000219403c8340,
0x00000219403c8850, 0x00000219403c69f0, 0x00000219403c6f00, 0x00000219403c7e30,
0x0000021940de1e00, 0x0000021940de69f0, 0x0000021940de8850, 0x0000021940de18f0,
0x0000021940de5ac0, 0x0000021940de8d60, 0x0000021940de7410, 0x0000021940de3240,
0x0000021940de3c60
}

Java Threads: ( => current thread )
  0x000002190889d660 JavaThread "main" [_thread_blocked, id=26024, stack(0x000000245d400000,0x000000245d500000)]
  0x00000219257885e0 JavaThread "Reference Handler" daemon [_thread_blocked, id=16496, stack(0x000000245db00000,0x000000245dc00000)]
  0x0000021925789460 JavaThread "Finalizer" daemon [_thread_blocked, id=26236, stack(0x000000245dc00000,0x000000245dd00000)]
  0x00000219257a5310 JavaThread "Signal Dispatcher" daemon [_thread_blocked, id=25932, stack(0x000000245dd00000,0x000000245de00000)]
  0x00000219257a6df0 JavaThread "Attach Listener" daemon [_thread_blocked, id=16716, stack(0x000000245de00000,0x000000245df00000)]
  0x00000219257a97c0 JavaThread "Service Thread" daemon [_thread_blocked, id=25752, stack(0x000000245df00000,0x000000245e000000)]
  0x00000219257aa180 JavaThread "Monitor Deflation Thread" daemon [_thread_blocked, id=25972, stack(0x000000245e000000,0x000000245e100000)]
=>0x00000219257abe80 JavaThread "C2 CompilerThread0" daemon [_thread_in_native, id=26132, stack(0x000000245e100000,0x000000245e200000)]
  0x00000219257ac930 JavaThread "C1 CompilerThread0" daemon [_thread_blocked, id=26344, stack(0x000000245e200000,0x000000245e300000)]
  0x00000219257af340 JavaThread "Sweeper thread" daemon [_thread_blocked, id=26252, stack(0x000000245e300000,0x000000245e400000)]
  0x0000021925770960 JavaThread "Common-Cleaner" daemon [_thread_blocked, id=25700, stack(0x000000245e400000,0x000000245e500000)]
  0x00000219259c6080 JavaThread "Notification Thread" daemon [_thread_blocked, id=25588, stack(0x000000245e500000,0x000000245e600000)]
  0x00000219406c6e80 JavaThread "Daemon health stats" [_thread_blocked, id=23712, stack(0x000000245ec00000,0x000000245ed00000)]
  0x000002193fa7b3b0 JavaThread "Incoming local TCP Connector on port 10466" [_thread_in_native, id=1148, stack(0x000000245ed00000,0x000000245ee00000)]
  0x000002193fbff090 JavaThread "Daemon periodic checks" [_thread_blocked, id=25372, stack(0x000000245ee00000,0x000000245ef00000)]
  0x00000219405089b0 JavaThread "Daemon" [_thread_blocked, id=19668, stack(0x000000245ef00000,0x000000245f000000)]
  0x0000021925959010 JavaThread "Handler for socket connection from /127.0.0.1:10466 to /127.0.0.1:10469" [_thread_in_native, id=25264, stack(0x000000245f000000,0x000000245f100000)]
  0x00000219403c9c90 JavaThread "Cancel handler" [_thread_blocked, id=6640, stack(0x000000245f100000,0x000000245f200000)]
  0x00000219403ca1a0 JavaThread "Daemon worker" [_thread_in_native, id=24500, stack(0x000000245f200000,0x000000245f300000)]
  0x00000219403c7410 JavaThread "Asynchronous log dispatcher for DefaultDaemonConnection: socket connection from /127.0.0.1:10466 to /127.0.0.1:10469" [_thread_blocked, id=13028, stack(0x000000245f300000,0x000000245f400000)]
  0x00000219403c9270 JavaThread "Stdin handler" [_thread_blocked, id=4244, stack(0x000000245f400000,0x000000245f500000)]
  0x00000219403c8d60 JavaThread "Daemon client event forwarder" [_thread_blocked, id=7224, stack(0x000000245f500000,0x000000245f600000)]
  0x00000219403c7920 JavaThread "Cache worker for journal cache (C:\Users\PC\.gradle\caches\journal-1)" [_thread_in_native, id=27024, stack(0x000000245f600000,0x000000245f700000)]
  0x00000219403c8340 JavaThread "File lock request listener" [_thread_in_native, id=24696, stack(0x000000245f700000,0x000000245f800000)]
  0x00000219403c8850 JavaThread "File lock release action executor" [_thread_blocked, id=23188, stack(0x000000245f800000,0x000000245f900000)]
  0x00000219403c69f0 JavaThread "Cache worker for file hash cache (C:\Users\PC\.gradle\caches\8.5\fileHashes)" [_thread_blocked, id=1696, stack(0x000000245f900000,0x000000245fa00000)]
  0x00000219403c6f00 JavaThread "File watcher server" daemon [_thread_in_native, id=19468, stack(0x000000245fa00000,0x000000245fb00000)]
  0x00000219403c7e30 JavaThread "File watcher consumer" daemon [_thread_blocked, id=20100, stack(0x000000245fb00000,0x000000245fc00000)]
  0x0000021940de1e00 JavaThread "Cache worker for checksums cache (C:\InteliJ\Works\spartabackoffice\.gradle\8.5\checksums)" [_thread_blocked, id=27680, stack(0x0000002460200000,0x0000002460300000)]
  0x0000021940de69f0 JavaThread "Cache worker for file hash cache (C:\InteliJ\Works\spartabackoffice\.gradle\8.5\fileHashes)" [_thread_blocked, id=27780, stack(0x0000002460300000,0x0000002460400000)]
  0x0000021940de8850 JavaThread "Cache worker for cache directory md-supplier (C:\Users\PC\.gradle\caches\8.5\md-supplier)" [_thread_blocked, id=27816, stack(0x0000002460400000,0x0000002460500000)]
  0x0000021940de18f0 JavaThread "Cache worker for cache directory md-rule (C:\Users\PC\.gradle\caches\8.5\md-rule)" [_thread_blocked, id=27828, stack(0x0000002460500000,0x0000002460600000)]
  0x0000021940de5ac0 JavaThread "Cache worker for file content cache (C:\Users\PC\.gradle\caches\8.5\fileContent)" [_thread_blocked, id=27928, stack(0x0000002460600000,0x0000002460700000)]
  0x0000021940de8d60 JavaThread "Cache worker for execution history cache (C:\Users\PC\.gradle\caches\8.5\executionHistory)" [_thread_blocked, id=28012, stack(0x0000002460700000,0x0000002460800000)]
  0x0000021940de7410 JavaThread "Daemon Thread 2" [_thread_blocked, id=29428, stack(0x0000002460800000,0x0000002460900000)]
  0x0000021940de3240 JavaThread "jar transforms" [_thread_blocked, id=30032, stack(0x0000002460b00000,0x0000002460c00000)]
  0x0000021940de3c60 JavaThread "jar transforms Thread 2" [_thread_blocked, id=29096, stack(0x000000245d100000,0x000000245d200000)]

Other Threads:
  0x0000021925783250 VMThread "VM Thread" [stack: 0x000000245da00000,0x000000245db00000] [id=26164]
  0x0000021925a29710 WatcherThread [stack: 0x000000245e600000,0x000000245e700000] [id=5432]
  0x00000219088cb530 GCTaskThread "GC Thread#0" [stack: 0x000000245d500000,0x000000245d600000] [id=3676]
  0x000002193f8b6bd0 GCTaskThread "GC Thread#1" [stack: 0x000000245e700000,0x000000245e800000] [id=27368]
  0x000002193f8b6e90 GCTaskThread "GC Thread#2" [stack: 0x000000245e800000,0x000000245e900000] [id=27372]
  0x000002193f8b76d0 GCTaskThread "GC Thread#3" [stack: 0x000000245e900000,0x000000245ea00000] [id=27376]
  0x000002193f8b6910 GCTaskThread "GC Thread#4" [stack: 0x000000245ea00000,0x000000245eb00000] [id=27380]
  0x000002193f8b6390 GCTaskThread "GC Thread#5" [stack: 0x000000245eb00000,0x000000245ec00000] [id=27384]
  0x00000219410bb5b0 GCTaskThread "GC Thread#6" [stack: 0x000000245fc00000,0x000000245fd00000] [id=25284]
  0x00000219410be730 GCTaskThread "GC Thread#7" [stack: 0x000000245fd00000,0x000000245fe00000] [id=2524]
  0x00000219410bdc30 GCTaskThread "GC Thread#8" [stack: 0x000000245fe00000,0x000000245ff00000] [id=2292]
  0x00000219410bd970 GCTaskThread "GC Thread#9" [stack: 0x000000245ff00000,0x0000002460000000] [id=22756]
  0x00000219088d0480 ConcurrentGCThread "G1 Main Marker" [stack: 0x000000245d600000,0x000000245d700000] [id=26232]
  0x00000219088d0ea0 ConcurrentGCThread "G1 Conc#0" [stack: 0x000000245d700000,0x000000245d800000] [id=26112]
  0x00000219410bb030 ConcurrentGCThread "G1 Conc#1" [stack: 0x0000002460000000,0x0000002460100000] [id=23148]
  0x00000219410bb870 ConcurrentGCThread "G1 Conc#2" [stack: 0x0000002460100000,0x0000002460200000] [id=27652]
  0x000002190894ec30 ConcurrentGCThread "G1 Refine#0" [stack: 0x000000245d800000,0x000000245d900000] [id=25736]
  0x00000219256468b0 ConcurrentGCThread "G1 Service" [stack: 0x000000245d900000,0x000000245da00000] [id=26168]

Threads with active compile tasks:
C2 CompilerThread0    68557 3320       4       java.io.DataInputStream::readUTF (501 bytes)
C1 CompilerThread0    68557 3325       1       java.util.stream.Collectors$CollectorImpl::supplier (5 bytes)

VM state: not at safepoint (normal execution)

VM Mutex/Monitor currently owned by a thread: None

Heap address: 0x00000000e0000000, size: 512 MB, Compressed Oops mode: 32-bit

CDS archive(s) mapped at: [0x0000021926000000-0x0000021926ba0000-0x0000021926ba0000), size 12189696, SharedBaseAddress: 0x0000021926000000, ArchiveRelocationMode: 1.
Compressed class space mapped at: 0x0000021927000000-0x000002193b000000, reserved size: 335544320
Narrow klass base: 0x0000021926000000, Narrow klass shift: 0, Narrow klass range: 0x100000000

GC Precious Log:
 CPUs: 12 total, 12 available
 Memory: 16083M
 Large Page Support: Disabled
 NUMA Support: Disabled
 Compressed Oops: Enabled (32-bit)
 Heap Region Size: 1M
 Heap Min Capacity: 256M
 Heap Initial Capacity: 256M
 Heap Max Capacity: 512M
 Pre-touch: Disabled
 Parallel Workers: 10
 Concurrent Workers: 3
 Concurrent Refinement Workers: 10
 Periodic GC: Disabled

Heap:
 garbage-first heap   total 262144K, used 69883K [0x00000000e0000000, 0x0000000100000000)
  region size 1024K, 59 young (60416K), 12 survivors (12288K)
 Metaspace       used 27136K, committed 27520K, reserved 393216K
  class space    used 4042K, committed 4224K, reserved 327680K

Heap Regions: E=young(eden), S=young(survivor), O=old, HS=humongous(starts), HC=humongous(continues), CS=collection set, F=free, OA=open archive, CA=closed archive, TAMS=top-at-mark-start (previous, next)
|   0|0x00000000e0000000, 0x00000000e0100000, 0x00000000e0100000|100%|HS|  |TAMS 0x00000000e0100000, 0x00000000e0000000| Complete 
|   1|0x00000000e0100000, 0x00000000e0200000, 0x00000000e0200000|100%|HC|  |TAMS 0x00000000e0200000, 0x00000000e0100000| Complete 
|   2|0x00000000e0200000, 0x00000000e0300000, 0x00000000e0300000|100%|HC|  |TAMS 0x00000000e0300000, 0x00000000e0200000| Complete 
|   3|0x00000000e0300000, 0x00000000e0400000, 0x00000000e0400000|100%|HC|  |TAMS 0x00000000e0400000, 0x00000000e0300000| Complete 
|   4|0x00000000e0400000, 0x00000000e0500000, 0x00000000e0500000|100%| O|  |TAMS 0x00000000e0500000, 0x00000000e0400000| Complete 
|   5|0x00000000e0500000, 0x00000000e0600000, 0x00000000e0600000|100%| O|  |TAMS 0x00000000e0600000, 0x00000000e0500000| Untracked 
|   6|0x00000000e0600000, 0x00000000e0700000, 0x00000000e0700000|100%| O|  |TAMS 0x00000000e0700000, 0x00000000e0600000| Untracked 
|   7|0x00000000e0700000, 0x00000000e0800000, 0x00000000e0800000|100%| O|  |TAMS 0x00000000e0800000, 0x00000000e0700000| Untracked 
|   8|0x00000000e0800000, 0x00000000e0900000, 0x00000000e0900000|100%| O|  |TAMS 0x00000000e0900000, 0x00000000e0800000| Untracked 
|   9|0x00000000e0900000, 0x00000000e0a00000, 0x00000000e0a00000|100%| O|  |TAMS 0x00000000e0a00000, 0x00000000e0900000| Untracked 
|  10|0x00000000e0a00000, 0x00000000e0ab4e00, 0x00000000e0b00000| 70%| O|  |TAMS 0x00000000e0ab4e00, 0x00000000e0a00000| Untracked 
|  11|0x00000000e0b00000, 0x00000000e0b00000, 0x00000000e0c00000|  0%| F|  |TAMS 0x00000000e0b00000, 0x00000000e0b00000| Untracked 
|  12|0x00000000e0c00000, 0x00000000e0c00000, 0x00000000e0d00000|  0%| F|  |TAMS 0x00000000e0c00000, 0x00000000e0c00000| Untracked 
|  13|0x00000000e0d00000, 0x00000000e0d00000, 0x00000000e0e00000|  0%| F|  |TAMS 0x00000000e0d00000, 0x00000000e0d00000| Untracked 
|  14|0x00000000e0e00000, 0x00000000e0e00000, 0x00000000e0f00000|  0%| F|  |TAMS 0x00000000e0e00000, 0x00000000e0e00000| Untracked 
|  15|0x00000000e0f00000, 0x00000000e0f00000, 0x00000000e1000000|  0%| F|  |TAMS 0x00000000e0f00000, 0x00000000e0f00000| Untracked 
|  16|0x00000000e1000000, 0x00000000e1000000, 0x00000000e1100000|  0%| F|  |TAMS 0x00000000e1000000, 0x00000000e1000000| Untracked 
|  17|0x00000000e1100000, 0x00000000e1100000, 0x00000000e1200000|  0%| F|  |TAMS 0x00000000e1100000, 0x00000000e1100000| Untracked 
|  18|0x00000000e1200000, 0x00000000e1200000, 0x00000000e1300000|  0%| F|  |TAMS 0x00000000e1200000, 0x00000000e1200000| Untracked 
|  19|0x00000000e1300000, 0x00000000e1300000, 0x00000000e1400000|  0%| F|  |TAMS 0x00000000e1300000, 0x00000000e1300000| Untracked 
|  20|0x00000000e1400000, 0x00000000e1400000, 0x00000000e1500000|  0%| F|  |TAMS 0x00000000e1400000, 0x00000000e1400000| Untracked 
|  21|0x00000000e1500000, 0x00000000e1500000, 0x00000000e1600000|  0%| F|  |TAMS 0x00000000e1500000, 0x00000000e1500000| Untracked 
|  22|0x00000000e1600000, 0x00000000e1600000, 0x00000000e1700000|  0%| F|  |TAMS 0x00000000e1600000, 0x00000000e1600000| Untracked 
|  23|0x00000000e1700000, 0x00000000e1700000, 0x00000000e1800000|  0%| F|  |TAMS 0x00000000e1700000, 0x00000000e1700000| Untracked 
|  24|0x00000000e1800000, 0x00000000e1800000, 0x00000000e1900000|  0%| F|  |TAMS 0x00000000e1800000, 0x00000000e1800000| Untracked 
|  25|0x00000000e1900000, 0x00000000e1900000, 0x00000000e1a00000|  0%| F|  |TAMS 0x00000000e1900000, 0x00000000e1900000| Untracked 
|  26|0x00000000e1a00000, 0x00000000e1a00000, 0x00000000e1b00000|  0%| F|  |TAMS 0x00000000e1a00000, 0x00000000e1a00000| Untracked 
|  27|0x00000000e1b00000, 0x00000000e1b00000, 0x00000000e1c00000|  0%| F|  |TAMS 0x00000000e1b00000, 0x00000000e1b00000| Untracked 
|  28|0x00000000e1c00000, 0x00000000e1c00000, 0x00000000e1d00000|  0%| F|  |TAMS 0x00000000e1c00000, 0x00000000e1c00000| Untracked 
|  29|0x00000000e1d00000, 0x00000000e1d00000, 0x00000000e1e00000|  0%| F|  |TAMS 0x00000000e1d00000, 0x00000000e1d00000| Untracked 
|  30|0x00000000e1e00000, 0x00000000e1e00000, 0x00000000e1f00000|  0%| F|  |TAMS 0x00000000e1e00000, 0x00000000e1e00000| Untracked 
|  31|0x00000000e1f00000, 0x00000000e1f00000, 0x00000000e2000000|  0%| F|  |TAMS 0x00000000e1f00000, 0x00000000e1f00000| Untracked 
|  32|0x00000000e2000000, 0x00000000e2000000, 0x00000000e2100000|  0%| F|  |TAMS 0x00000000e2000000, 0x00000000e2000000| Untracked 
|  33|0x00000000e2100000, 0x00000000e2100000, 0x00000000e2200000|  0%| F|  |TAMS 0x00000000e2100000, 0x00000000e2100000| Untracked 
|  34|0x00000000e2200000, 0x00000000e2200000, 0x00000000e2300000|  0%| F|  |TAMS 0x00000000e2200000, 0x00000000e2200000| Untracked 
|  35|0x00000000e2300000, 0x00000000e2300000, 0x00000000e2400000|  0%| F|  |TAMS 0x00000000e2300000, 0x00000000e2300000| Untracked 
|  36|0x00000000e2400000, 0x00000000e2400000, 0x00000000e2500000|  0%| F|  |TAMS 0x00000000e2400000, 0x00000000e2400000| Untracked 
|  37|0x00000000e2500000, 0x00000000e2500000, 0x00000000e2600000|  0%| F|  |TAMS 0x00000000e2500000, 0x00000000e2500000| Untracked 
|  38|0x00000000e2600000, 0x00000000e2600000, 0x00000000e2700000|  0%| F|  |TAMS 0x00000000e2600000, 0x00000000e2600000| Untracked 
|  39|0x00000000e2700000, 0x00000000e2700000, 0x00000000e2800000|  0%| F|  |TAMS 0x00000000e2700000, 0x00000000e2700000| Untracked 
|  40|0x00000000e2800000, 0x00000000e2800000, 0x00000000e2900000|  0%| F|  |TAMS 0x00000000e2800000, 0x00000000e2800000| Untracked 
|  41|0x00000000e2900000, 0x00000000e2900000, 0x00000000e2a00000|  0%| F|  |TAMS 0x00000000e2900000, 0x00000000e2900000| Untracked 
|  42|0x00000000e2a00000, 0x00000000e2a00000, 0x00000000e2b00000|  0%| F|  |TAMS 0x00000000e2a00000, 0x00000000e2a00000| Untracked 
|  43|0x00000000e2b00000, 0x00000000e2b00000, 0x00000000e2c00000|  0%| F|  |TAMS 0x00000000e2b00000, 0x00000000e2b00000| Untracked 
|  44|0x00000000e2c00000, 0x00000000e2c00000, 0x00000000e2d00000|  0%| F|  |TAMS 0x00000000e2c00000, 0x00000000e2c00000| Untracked 
|  45|0x00000000e2d00000, 0x00000000e2d00000, 0x00000000e2e00000|  0%| F|  |TAMS 0x00000000e2d00000, 0x00000000e2d00000| Untracked 
|  46|0x00000000e2e00000, 0x00000000e2e00000, 0x00000000e2f00000|  0%| F|  |TAMS 0x00000000e2e00000, 0x00000000e2e00000| Untracked 
|  47|0x00000000e2f00000, 0x00000000e2f00000, 0x00000000e3000000|  0%| F|  |TAMS 0x00000000e2f00000, 0x00000000e2f00000| Untracked 
|  48|0x00000000e3000000, 0x00000000e3000000, 0x00000000e3100000|  0%| F|  |TAMS 0x00000000e3000000, 0x00000000e3000000| Untracked 
|  49|0x00000000e3100000, 0x00000000e3100000, 0x00000000e3200000|  0%| F|  |TAMS 0x00000000e3100000, 0x00000000e3100000| Untracked 
|  50|0x00000000e3200000, 0x00000000e3200000, 0x00000000e3300000|  0%| F|  |TAMS 0x00000000e3200000, 0x00000000e3200000| Untracked 
|  51|0x00000000e3300000, 0x00000000e3300000, 0x00000000e3400000|  0%| F|  |TAMS 0x00000000e3300000, 0x00000000e3300000| Untracked 
|  52|0x00000000e3400000, 0x00000000e3400000, 0x00000000e3500000|  0%| F|  |TAMS 0x00000000e3400000, 0x00000000e3400000| Untracked 
|  53|0x00000000e3500000, 0x00000000e3500000, 0x00000000e3600000|  0%| F|  |TAMS 0x00000000e3500000, 0x00000000e3500000| Untracked 
|  54|0x00000000e3600000, 0x00000000e3600000, 0x00000000e3700000|  0%| F|  |TAMS 0x00000000e3600000, 0x00000000e3600000| Untracked 
|  55|0x00000000e3700000, 0x00000000e3700000, 0x00000000e3800000|  0%| F|  |TAMS 0x00000000e3700000, 0x00000000e3700000| Untracked 
|  56|0x00000000e3800000, 0x00000000e3800000, 0x00000000e3900000|  0%| F|  |TAMS 0x00000000e3800000, 0x00000000e3800000| Untracked 
|  57|0x00000000e3900000, 0x00000000e3900000, 0x00000000e3a00000|  0%| F|  |TAMS 0x00000000e3900000, 0x00000000e3900000| Untracked 
|  58|0x00000000e3a00000, 0x00000000e3a00000, 0x00000000e3b00000|  0%| F|  |TAMS 0x00000000e3a00000, 0x00000000e3a00000| Untracked 
|  59|0x00000000e3b00000, 0x00000000e3b00000, 0x00000000e3c00000|  0%| F|  |TAMS 0x00000000e3b00000, 0x00000000e3b00000| Untracked 
|  60|0x00000000e3c00000, 0x00000000e3c00000, 0x00000000e3d00000|  0%| F|  |TAMS 0x00000000e3c00000, 0x00000000e3c00000| Untracked 
|  61|0x00000000e3d00000, 0x00000000e3d00000, 0x00000000e3e00000|  0%| F|  |TAMS 0x00000000e3d00000, 0x00000000e3d00000| Untracked 
|  62|0x00000000e3e00000, 0x00000000e3e00000, 0x00000000e3f00000|  0%| F|  |TAMS 0x00000000e3e00000, 0x00000000e3e00000| Untracked 
|  63|0x00000000e3f00000, 0x00000000e3f00000, 0x00000000e4000000|  0%| F|  |TAMS 0x00000000e3f00000, 0x00000000e3f00000| Untracked 
|  64|0x00000000e4000000, 0x00000000e4000000, 0x00000000e4100000|  0%| F|  |TAMS 0x00000000e4000000, 0x00000000e4000000| Untracked 
|  65|0x00000000e4100000, 0x00000000e4100000, 0x00000000e4200000|  0%| F|  |TAMS 0x00000000e4100000, 0x00000000e4100000| Untracked 
|  66|0x00000000e4200000, 0x00000000e4200000, 0x00000000e4300000|  0%| F|  |TAMS 0x00000000e4200000, 0x00000000e4200000| Untracked 
|  67|0x00000000e4300000, 0x00000000e4300000, 0x00000000e4400000|  0%| F|  |TAMS 0x00000000e4300000, 0x00000000e4300000| Untracked 
|  68|0x00000000e4400000, 0x00000000e4400000, 0x00000000e4500000|  0%| F|  |TAMS 0x00000000e4400000, 0x00000000e4400000| Untracked 
|  69|0x00000000e4500000, 0x00000000e4500000, 0x00000000e4600000|  0%| F|  |TAMS 0x00000000e4500000, 0x00000000e4500000| Untracked 
|  70|0x00000000e4600000, 0x00000000e4600000, 0x00000000e4700000|  0%| F|  |TAMS 0x00000000e4600000, 0x00000000e4600000| Untracked 
|  71|0x00000000e4700000, 0x00000000e4700000, 0x00000000e4800000|  0%| F|  |TAMS 0x00000000e4700000, 0x00000000e4700000| Untracked 
|  72|0x00000000e4800000, 0x00000000e4800000, 0x00000000e4900000|  0%| F|  |TAMS 0x00000000e4800000, 0x00000000e4800000| Untracked 
|  73|0x00000000e4900000, 0x00000000e4900000, 0x00000000e4a00000|  0%| F|  |TAMS 0x00000000e4900000, 0x00000000e4900000| Untracked 
|  74|0x00000000e4a00000, 0x00000000e4a00000, 0x00000000e4b00000|  0%| F|  |TAMS 0x00000000e4a00000, 0x00000000e4a00000| Untracked 
|  75|0x00000000e4b00000, 0x00000000e4b00000, 0x00000000e4c00000|  0%| F|  |TAMS 0x00000000e4b00000, 0x00000000e4b00000| Untracked 
|  76|0x00000000e4c00000, 0x00000000e4c00000, 0x00000000e4d00000|  0%| F|  |TAMS 0x00000000e4c00000, 0x00000000e4c00000| Untracked 
|  77|0x00000000e4d00000, 0x00000000e4d00000, 0x00000000e4e00000|  0%| F|  |TAMS 0x00000000e4d00000, 0x00000000e4d00000| Untracked 
|  78|0x00000000e4e00000, 0x00000000e4e00000, 0x00000000e4f00000|  0%| F|  |TAMS 0x00000000e4e00000, 0x00000000e4e00000| Untracked 
|  79|0x00000000e4f00000, 0x00000000e4f00000, 0x00000000e5000000|  0%| F|  |TAMS 0x00000000e4f00000, 0x00000000e4f00000| Untracked 
|  80|0x00000000e5000000, 0x00000000e5000000, 0x00000000e5100000|  0%| F|  |TAMS 0x00000000e5000000, 0x00000000e5000000| Untracked 
|  81|0x00000000e5100000, 0x00000000e5100000, 0x00000000e5200000|  0%| F|  |TAMS 0x00000000e5100000, 0x00000000e5100000| Untracked 
|  82|0x00000000e5200000, 0x00000000e5200000, 0x00000000e5300000|  0%| F|  |TAMS 0x00000000e5200000, 0x00000000e5200000| Untracked 
|  83|0x00000000e5300000, 0x00000000e5300000, 0x00000000e5400000|  0%| F|  |TAMS 0x00000000e5300000, 0x00000000e5300000| Untracked 
|  84|0x00000000e5400000, 0x00000000e5400000, 0x00000000e5500000|  0%| F|  |TAMS 0x00000000e5400000, 0x00000000e5400000| Untracked 
|  85|0x00000000e5500000, 0x00000000e5500000, 0x00000000e5600000|  0%| F|  |TAMS 0x00000000e5500000, 0x00000000e5500000| Untracked 
|  86|0x00000000e5600000, 0x00000000e5600000, 0x00000000e5700000|  0%| F|  |TAMS 0x00000000e5600000, 0x00000000e5600000| Untracked 
|  87|0x00000000e5700000, 0x00000000e5700000, 0x00000000e5800000|  0%| F|  |TAMS 0x00000000e5700000, 0x00000000e5700000| Untracked 
|  88|0x00000000e5800000, 0x00000000e5800000, 0x00000000e5900000|  0%| F|  |TAMS 0x00000000e5800000, 0x00000000e5800000| Untracked 
|  89|0x00000000e5900000, 0x00000000e5900000, 0x00000000e5a00000|  0%| F|  |TAMS 0x00000000e5900000, 0x00000000e5900000| Untracked 
|  90|0x00000000e5a00000, 0x00000000e5a00000, 0x00000000e5b00000|  0%| F|  |TAMS 0x00000000e5a00000, 0x00000000e5a00000| Untracked 
|  91|0x00000000e5b00000, 0x00000000e5b00000, 0x00000000e5c00000|  0%| F|  |TAMS 0x00000000e5b00000, 0x00000000e5b00000| Untracked 
|  92|0x00000000e5c00000, 0x00000000e5c00000, 0x00000000e5d00000|  0%| F|  |TAMS 0x00000000e5c00000, 0x00000000e5c00000| Untracked 
|  93|0x00000000e5d00000, 0x00000000e5d00000, 0x00000000e5e00000|  0%| F|  |TAMS 0x00000000e5d00000, 0x00000000e5d00000| Untracked 
|  94|0x00000000e5e00000, 0x00000000e5e00000, 0x00000000e5f00000|  0%| F|  |TAMS 0x00000000e5e00000, 0x00000000e5e00000| Untracked 
|  95|0x00000000e5f00000, 0x00000000e5f00000, 0x00000000e6000000|  0%| F|  |TAMS 0x00000000e5f00000, 0x00000000e5f00000| Untracked 
|  96|0x00000000e6000000, 0x00000000e6000000, 0x00000000e6100000|  0%| F|  |TAMS 0x00000000e6000000, 0x00000000e6000000| Untracked 
|  97|0x00000000e6100000, 0x00000000e6100000, 0x00000000e6200000|  0%| F|  |TAMS 0x00000000e6100000, 0x00000000e6100000| Untracked 
|  98|0x00000000e6200000, 0x00000000e6200000, 0x00000000e6300000|  0%| F|  |TAMS 0x00000000e6200000, 0x00000000e6200000| Untracked 
|  99|0x00000000e6300000, 0x00000000e6300000, 0x00000000e6400000|  0%| F|  |TAMS 0x00000000e6300000, 0x00000000e6300000| Untracked 
| 100|0x00000000e6400000, 0x00000000e6400000, 0x00000000e6500000|  0%| F|  |TAMS 0x00000000e6400000, 0x00000000e6400000| Untracked 
| 101|0x00000000e6500000, 0x00000000e6500000, 0x00000000e6600000|  0%| F|  |TAMS 0x00000000e6500000, 0x00000000e6500000| Untracked 
| 102|0x00000000e6600000, 0x00000000e6600000, 0x00000000e6700000|  0%| F|  |TAMS 0x00000000e6600000, 0x00000000e6600000| Untracked 
| 103|0x00000000e6700000, 0x00000000e6700000, 0x00000000e6800000|  0%| F|  |TAMS 0x00000000e6700000, 0x00000000e6700000| Untracked 
| 104|0x00000000e6800000, 0x00000000e6800000, 0x00000000e6900000|  0%| F|  |TAMS 0x00000000e6800000, 0x00000000e6800000| Untracked 
| 105|0x00000000e6900000, 0x00000000e6900000, 0x00000000e6a00000|  0%| F|  |TAMS 0x00000000e6900000, 0x00000000e6900000| Untracked 
| 106|0x00000000e6a00000, 0x00000000e6a00000, 0x00000000e6b00000|  0%| F|  |TAMS 0x00000000e6a00000, 0x00000000e6a00000| Untracked 
| 107|0x00000000e6b00000, 0x00000000e6b00000, 0x00000000e6c00000|  0%| F|  |TAMS 0x00000000e6b00000, 0x00000000e6b00000| Untracked 
| 108|0x00000000e6c00000, 0x00000000e6c00000, 0x00000000e6d00000|  0%| F|  |TAMS 0x00000000e6c00000, 0x00000000e6c00000| Untracked 
| 109|0x00000000e6d00000, 0x00000000e6d00000, 0x00000000e6e00000|  0%| F|  |TAMS 0x00000000e6d00000, 0x00000000e6d00000| Untracked 
| 110|0x00000000e6e00000, 0x00000000e6e00000, 0x00000000e6f00000|  0%| F|  |TAMS 0x00000000e6e00000, 0x00000000e6e00000| Untracked 
| 111|0x00000000e6f00000, 0x00000000e6f00000, 0x00000000e7000000|  0%| F|  |TAMS 0x00000000e6f00000, 0x00000000e6f00000| Untracked 
| 112|0x00000000e7000000, 0x00000000e7000000, 0x00000000e7100000|  0%| F|  |TAMS 0x00000000e7000000, 0x00000000e7000000| Untracked 
| 113|0x00000000e7100000, 0x00000000e7100000, 0x00000000e7200000|  0%| F|  |TAMS 0x00000000e7100000, 0x00000000e7100000| Untracked 
| 114|0x00000000e7200000, 0x00000000e7200000, 0x00000000e7300000|  0%| F|  |TAMS 0x00000000e7200000, 0x00000000e7200000| Untracked 
| 115|0x00000000e7300000, 0x00000000e7300000, 0x00000000e7400000|  0%| F|  |TAMS 0x00000000e7300000, 0x00000000e7300000| Untracked 
| 116|0x00000000e7400000, 0x00000000e7400000, 0x00000000e7500000|  0%| F|  |TAMS 0x00000000e7400000, 0x00000000e7400000| Untracked 
| 117|0x00000000e7500000, 0x00000000e7500000, 0x00000000e7600000|  0%| F|  |TAMS 0x00000000e7500000, 0x00000000e7500000| Untracked 
| 118|0x00000000e7600000, 0x00000000e7600000, 0x00000000e7700000|  0%| F|  |TAMS 0x00000000e7600000, 0x00000000e7600000| Untracked 
| 119|0x00000000e7700000, 0x00000000e7700000, 0x00000000e7800000|  0%| F|  |TAMS 0x00000000e7700000, 0x00000000e7700000| Untracked 
| 120|0x00000000e7800000, 0x00000000e7800000, 0x00000000e7900000|  0%| F|  |TAMS 0x00000000e7800000, 0x00000000e7800000| Untracked 
| 121|0x00000000e7900000, 0x00000000e7900000, 0x00000000e7a00000|  0%| F|  |TAMS 0x00000000e7900000, 0x00000000e7900000| Untracked 
| 122|0x00000000e7a00000, 0x00000000e7a00000, 0x00000000e7b00000|  0%| F|  |TAMS 0x00000000e7a00000, 0x00000000e7a00000| Untracked 
| 123|0x00000000e7b00000, 0x00000000e7b00000, 0x00000000e7c00000|  0%| F|  |TAMS 0x00000000e7b00000, 0x00000000e7b00000| Untracked 
| 124|0x00000000e7c00000, 0x00000000e7c00000, 0x00000000e7d00000|  0%| F|  |TAMS 0x00000000e7c00000, 0x00000000e7c00000| Untracked 
| 125|0x00000000e7d00000, 0x00000000e7d00000, 0x00000000e7e00000|  0%| F|  |TAMS 0x00000000e7d00000, 0x00000000e7d00000| Untracked 
| 126|0x00000000e7e00000, 0x00000000e7e00000, 0x00000000e7f00000|  0%| F|  |TAMS 0x00000000e7e00000, 0x00000000e7e00000| Untracked 
| 127|0x00000000e7f00000, 0x00000000e7f8a010, 0x00000000e8000000| 53%| S|CS|TAMS 0x00000000e7f00000, 0x00000000e7f00000| Complete 
| 128|0x00000000e8000000, 0x00000000e8100000, 0x00000000e8100000|100%| S|CS|TAMS 0x00000000e8000000, 0x00000000e8000000| Complete 
| 129|0x00000000e8100000, 0x00000000e8200000, 0x00000000e8200000|100%| S|CS|TAMS 0x00000000e8100000, 0x00000000e8100000| Complete 
| 130|0x00000000e8200000, 0x00000000e8300000, 0x00000000e8300000|100%| S|CS|TAMS 0x00000000e8200000, 0x00000000e8200000| Complete 
| 131|0x00000000e8300000, 0x00000000e8400000, 0x00000000e8400000|100%| S|CS|TAMS 0x00000000e8300000, 0x00000000e8300000| Complete 
| 132|0x00000000e8400000, 0x00000000e8500000, 0x00000000e8500000|100%| S|CS|TAMS 0x00000000e8400000, 0x00000000e8400000| Complete 
| 133|0x00000000e8500000, 0x00000000e8600000, 0x00000000e8600000|100%| S|CS|TAMS 0x00000000e8500000, 0x00000000e8500000| Complete 
| 134|0x00000000e8600000, 0x00000000e8700000, 0x00000000e8700000|100%| S|CS|TAMS 0x00000000e8600000, 0x00000000e8600000| Complete 
| 135|0x00000000e8700000, 0x00000000e8800000, 0x00000000e8800000|100%| S|CS|TAMS 0x00000000e8700000, 0x00000000e8700000| Complete 
| 136|0x00000000e8800000, 0x00000000e8900000, 0x00000000e8900000|100%| S|CS|TAMS 0x00000000e8800000, 0x00000000e8800000| Complete 
| 137|0x00000000e8900000, 0x00000000e8a00000, 0x00000000e8a00000|100%| S|CS|TAMS 0x00000000e8900000, 0x00000000e8900000| Complete 
| 138|0x00000000e8a00000, 0x00000000e8b00000, 0x00000000e8b00000|100%| S|CS|TAMS 0x00000000e8a00000, 0x00000000e8a00000| Complete 
| 139|0x00000000e8b00000, 0x00000000e8b00000, 0x00000000e8c00000|  0%| F|  |TAMS 0x00000000e8b00000, 0x00000000e8b00000| Untracked 
| 140|0x00000000e8c00000, 0x00000000e8c00000, 0x00000000e8d00000|  0%| F|  |TAMS 0x00000000e8c00000, 0x00000000e8c00000| Untracked 
| 141|0x00000000e8d00000, 0x00000000e8d00000, 0x00000000e8e00000|  0%| F|  |TAMS 0x00000000e8d00000, 0x00000000e8d00000| Untracked 
| 142|0x00000000e8e00000, 0x00000000e8e00000, 0x00000000e8f00000|  0%| F|  |TAMS 0x00000000e8e00000, 0x00000000e8e00000| Untracked 
| 143|0x00000000e8f00000, 0x00000000e8f00000, 0x00000000e9000000|  0%| F|  |TAMS 0x00000000e8f00000, 0x00000000e8f00000| Untracked 
| 144|0x00000000e9000000, 0x00000000e9000000, 0x00000000e9100000|  0%| F|  |TAMS 0x00000000e9000000, 0x00000000e9000000| Untracked 
| 145|0x00000000e9100000, 0x00000000e9100000, 0x00000000e9200000|  0%| F|  |TAMS 0x00000000e9100000, 0x00000000e9100000| Untracked 
| 146|0x00000000e9200000, 0x00000000e9200000, 0x00000000e9300000|  0%| F|  |TAMS 0x00000000e9200000, 0x00000000e9200000| Untracked 
| 147|0x00000000e9300000, 0x00000000e9300000, 0x00000000e9400000|  0%| F|  |TAMS 0x00000000e9300000, 0x00000000e9300000| Untracked 
| 148|0x00000000e9400000, 0x00000000e9400000, 0x00000000e9500000|  0%| F|  |TAMS 0x00000000e9400000, 0x00000000e9400000| Untracked 
| 149|0x00000000e9500000, 0x00000000e9500000, 0x00000000e9600000|  0%| F|  |TAMS 0x00000000e9500000, 0x00000000e9500000| Untracked 
| 150|0x00000000e9600000, 0x00000000e9600000, 0x00000000e9700000|  0%| F|  |TAMS 0x00000000e9600000, 0x00000000e9600000| Untracked 
| 151|0x00000000e9700000, 0x00000000e9700000, 0x00000000e9800000|  0%| F|  |TAMS 0x00000000e9700000, 0x00000000e9700000| Untracked 
| 152|0x00000000e9800000, 0x00000000e9800000, 0x00000000e9900000|  0%| F|  |TAMS 0x00000000e9800000, 0x00000000e9800000| Untracked 
| 153|0x00000000e9900000, 0x00000000e9900000, 0x00000000e9a00000|  0%| F|  |TAMS 0x00000000e9900000, 0x00000000e9900000| Untracked 
| 154|0x00000000e9a00000, 0x00000000e9a00000, 0x00000000e9b00000|  0%| F|  |TAMS 0x00000000e9a00000, 0x00000000e9a00000| Untracked 
| 155|0x00000000e9b00000, 0x00000000e9b00000, 0x00000000e9c00000|  0%| F|  |TAMS 0x00000000e9b00000, 0x00000000e9b00000| Untracked 
| 156|0x00000000e9c00000, 0x00000000e9c00000, 0x00000000e9d00000|  0%| F|  |TAMS 0x00000000e9c00000, 0x00000000e9c00000| Untracked 
| 157|0x00000000e9d00000, 0x00000000e9d00000, 0x00000000e9e00000|  0%| F|  |TAMS 0x00000000e9d00000, 0x00000000e9d00000| Untracked 
| 158|0x00000000e9e00000, 0x00000000e9e00000, 0x00000000e9f00000|  0%| F|  |TAMS 0x00000000e9e00000, 0x00000000e9e00000| Untracked 
| 159|0x00000000e9f00000, 0x00000000e9f00000, 0x00000000ea000000|  0%| F|  |TAMS 0x00000000e9f00000, 0x00000000e9f00000| Untracked 
| 160|0x00000000ea000000, 0x00000000ea000000, 0x00000000ea100000|  0%| F|  |TAMS 0x00000000ea000000, 0x00000000ea000000| Untracked 
| 161|0x00000000ea100000, 0x00000000ea100000, 0x00000000ea200000|  0%| F|  |TAMS 0x00000000ea100000, 0x00000000ea100000| Untracked 
| 162|0x00000000ea200000, 0x00000000ea200000, 0x00000000ea300000|  0%| F|  |TAMS 0x00000000ea200000, 0x00000000ea200000| Untracked 
| 163|0x00000000ea300000, 0x00000000ea300000, 0x00000000ea400000|  0%| F|  |TAMS 0x00000000ea300000, 0x00000000ea300000| Untracked 
| 164|0x00000000ea400000, 0x00000000ea400000, 0x00000000ea500000|  0%| F|  |TAMS 0x00000000ea400000, 0x00000000ea400000| Untracked 
| 165|0x00000000ea500000, 0x00000000ea500000, 0x00000000ea600000|  0%| F|  |TAMS 0x00000000ea500000, 0x00000000ea500000| Untracked 
| 166|0x00000000ea600000, 0x00000000ea600000, 0x00000000ea700000|  0%| F|  |TAMS 0x00000000ea600000, 0x00000000ea600000| Untracked 
| 167|0x00000000ea700000, 0x00000000ea700000, 0x00000000ea800000|  0%| F|  |TAMS 0x00000000ea700000, 0x00000000ea700000| Untracked 
| 168|0x00000000ea800000, 0x00000000ea800000, 0x00000000ea900000|  0%| F|  |TAMS 0x00000000ea800000, 0x00000000ea800000| Untracked 
| 169|0x00000000ea900000, 0x00000000ea900000, 0x00000000eaa00000|  0%| F|  |TAMS 0x00000000ea900000, 0x00000000ea900000| Untracked 
| 170|0x00000000eaa00000, 0x00000000eaa00000, 0x00000000eab00000|  0%| F|  |TAMS 0x00000000eaa00000, 0x00000000eaa00000| Untracked 
| 171|0x00000000eab00000, 0x00000000eab00000, 0x00000000eac00000|  0%| F|  |TAMS 0x00000000eab00000, 0x00000000eab00000| Untracked 
| 172|0x00000000eac00000, 0x00000000eac00000, 0x00000000ead00000|  0%| F|  |TAMS 0x00000000eac00000, 0x00000000eac00000| Untracked 
| 173|0x00000000ead00000, 0x00000000ead00000, 0x00000000eae00000|  0%| F|  |TAMS 0x00000000ead00000, 0x00000000ead00000| Untracked 
| 174|0x00000000eae00000, 0x00000000eae00000, 0x00000000eaf00000|  0%| F|  |TAMS 0x00000000eae00000, 0x00000000eae00000| Untracked 
| 175|0x00000000eaf00000, 0x00000000eaf00000, 0x00000000eb000000|  0%| F|  |TAMS 0x00000000eaf00000, 0x00000000eaf00000| Untracked 
| 176|0x00000000eb000000, 0x00000000eb000000, 0x00000000eb100000|  0%| F|  |TAMS 0x00000000eb000000, 0x00000000eb000000| Untracked 
| 177|0x00000000eb100000, 0x00000000eb100000, 0x00000000eb200000|  0%| F|  |TAMS 0x00000000eb100000, 0x00000000eb100000| Untracked 
| 178|0x00000000eb200000, 0x00000000eb200000, 0x00000000eb300000|  0%| F|  |TAMS 0x00000000eb200000, 0x00000000eb200000| Untracked 
| 179|0x00000000eb300000, 0x00000000eb300000, 0x00000000eb400000|  0%| F|  |TAMS 0x00000000eb300000, 0x00000000eb300000| Untracked 
| 180|0x00000000eb400000, 0x00000000eb400000, 0x00000000eb500000|  0%| F|  |TAMS 0x00000000eb400000, 0x00000000eb400000| Untracked 
| 181|0x00000000eb500000, 0x00000000eb500000, 0x00000000eb600000|  0%| F|  |TAMS 0x00000000eb500000, 0x00000000eb500000| Untracked 
| 182|0x00000000eb600000, 0x00000000eb600000, 0x00000000eb700000|  0%| F|  |TAMS 0x00000000eb600000, 0x00000000eb600000| Untracked 
| 183|0x00000000eb700000, 0x00000000eb700000, 0x00000000eb800000|  0%| F|  |TAMS 0x00000000eb700000, 0x00000000eb700000| Untracked 
| 184|0x00000000eb800000, 0x00000000eb800000, 0x00000000eb900000|  0%| F|  |TAMS 0x00000000eb800000, 0x00000000eb800000| Untracked 
| 185|0x00000000eb900000, 0x00000000eb900000, 0x00000000eba00000|  0%| F|  |TAMS 0x00000000eb900000, 0x00000000eb900000| Untracked 
| 186|0x00000000eba00000, 0x00000000eba00000, 0x00000000ebb00000|  0%| F|  |TAMS 0x00000000eba00000, 0x00000000eba00000| Untracked 
| 187|0x00000000ebb00000, 0x00000000ebb00000, 0x00000000ebc00000|  0%| F|  |TAMS 0x00000000ebb00000, 0x00000000ebb00000| Untracked 
| 188|0x00000000ebc00000, 0x00000000ebc00000, 0x00000000ebd00000|  0%| F|  |TAMS 0x00000000ebc00000, 0x00000000ebc00000| Untracked 
| 189|0x00000000ebd00000, 0x00000000ebd00000, 0x00000000ebe00000|  0%| F|  |TAMS 0x00000000ebd00000, 0x00000000ebd00000| Untracked 
| 190|0x00000000ebe00000, 0x00000000ebe00000, 0x00000000ebf00000|  0%| F|  |TAMS 0x00000000ebe00000, 0x00000000ebe00000| Untracked 
| 191|0x00000000ebf00000, 0x00000000ebf00000, 0x00000000ec000000|  0%| F|  |TAMS 0x00000000ebf00000, 0x00000000ebf00000| Untracked 
| 192|0x00000000ec000000, 0x00000000ec000000, 0x00000000ec100000|  0%| F|  |TAMS 0x00000000ec000000, 0x00000000ec000000| Untracked 
| 193|0x00000000ec100000, 0x00000000ec100000, 0x00000000ec200000|  0%| F|  |TAMS 0x00000000ec100000, 0x00000000ec100000| Untracked 
| 194|0x00000000ec200000, 0x00000000ec200000, 0x00000000ec300000|  0%| F|  |TAMS 0x00000000ec200000, 0x00000000ec200000| Untracked 
| 195|0x00000000ec300000, 0x00000000ec300000, 0x00000000ec400000|  0%| F|  |TAMS 0x00000000ec300000, 0x00000000ec300000| Untracked 
| 196|0x00000000ec400000, 0x00000000ec400000, 0x00000000ec500000|  0%| F|  |TAMS 0x00000000ec400000, 0x00000000ec400000| Untracked 
| 197|0x00000000ec500000, 0x00000000ec500000, 0x00000000ec600000|  0%| F|  |TAMS 0x00000000ec500000, 0x00000000ec500000| Untracked 
| 198|0x00000000ec600000, 0x00000000ec600000, 0x00000000ec700000|  0%| F|  |TAMS 0x00000000ec600000, 0x00000000ec600000| Untracked 
| 199|0x00000000ec700000, 0x00000000ec700000, 0x00000000ec800000|  0%| F|  |TAMS 0x00000000ec700000, 0x00000000ec700000| Untracked 
| 200|0x00000000ec800000, 0x00000000ec800000, 0x00000000ec900000|  0%| F|  |TAMS 0x00000000ec800000, 0x00000000ec800000| Untracked 
| 201|0x00000000ec900000, 0x00000000ec900000, 0x00000000eca00000|  0%| F|  |TAMS 0x00000000ec900000, 0x00000000ec900000| Untracked 
| 202|0x00000000eca00000, 0x00000000eca00000, 0x00000000ecb00000|  0%| F|  |TAMS 0x00000000eca00000, 0x00000000eca00000| Untracked 
| 203|0x00000000ecb00000, 0x00000000ecb00000, 0x00000000ecc00000|  0%| F|  |TAMS 0x00000000ecb00000, 0x00000000ecb00000| Untracked 
| 204|0x00000000ecc00000, 0x00000000ecc00000, 0x00000000ecd00000|  0%| F|  |TAMS 0x00000000ecc00000, 0x00000000ecc00000| Untracked 
| 205|0x00000000ecd00000, 0x00000000ecd00000, 0x00000000ece00000|  0%| F|  |TAMS 0x00000000ecd00000, 0x00000000ecd00000| Untracked 
| 206|0x00000000ece00000, 0x00000000ece00000, 0x00000000ecf00000|  0%| F|  |TAMS 0x00000000ece00000, 0x00000000ece00000| Untracked 
| 207|0x00000000ecf00000, 0x00000000ecf00000, 0x00000000ed000000|  0%| F|  |TAMS 0x00000000ecf00000, 0x00000000ecf00000| Untracked 
| 208|0x00000000ed000000, 0x00000000ed000000, 0x00000000ed100000|  0%| F|  |TAMS 0x00000000ed000000, 0x00000000ed000000| Untracked 
| 209|0x00000000ed100000, 0x00000000ed200000, 0x00000000ed200000|100%| E|  |TAMS 0x00000000ed100000, 0x00000000ed100000| Complete 
| 210|0x00000000ed200000, 0x00000000ed300000, 0x00000000ed300000|100%| E|CS|TAMS 0x00000000ed200000, 0x00000000ed200000| Complete 
| 211|0x00000000ed300000, 0x00000000ed400000, 0x00000000ed400000|100%| E|CS|TAMS 0x00000000ed300000, 0x00000000ed300000| Complete 
| 212|0x00000000ed400000, 0x00000000ed500000, 0x00000000ed500000|100%| E|CS|TAMS 0x00000000ed400000, 0x00000000ed400000| Complete 
| 213|0x00000000ed500000, 0x00000000ed600000, 0x00000000ed600000|100%| E|CS|TAMS 0x00000000ed500000, 0x00000000ed500000| Complete 
| 214|0x00000000ed600000, 0x00000000ed700000, 0x00000000ed700000|100%| E|CS|TAMS 0x00000000ed600000, 0x00000000ed600000| Complete 
| 215|0x00000000ed700000, 0x00000000ed800000, 0x00000000ed800000|100%| E|CS|TAMS 0x00000000ed700000, 0x00000000ed700000| Complete 
| 216|0x00000000ed800000, 0x00000000ed900000, 0x00000000ed900000|100%| E|CS|TAMS 0x00000000ed800000, 0x00000000ed800000| Complete 
| 217|0x00000000ed900000, 0x00000000eda00000, 0x00000000eda00000|100%| E|CS|TAMS 0x00000000ed900000, 0x00000000ed900000| Complete 
| 218|0x00000000eda00000, 0x00000000edb00000, 0x00000000edb00000|100%| E|CS|TAMS 0x00000000eda00000, 0x00000000eda00000| Complete 
| 219|0x00000000edb00000, 0x00000000edc00000, 0x00000000edc00000|100%| E|CS|TAMS 0x00000000edb00000, 0x00000000edb00000| Complete 
| 220|0x00000000edc00000, 0x00000000edd00000, 0x00000000edd00000|100%| E|CS|TAMS 0x00000000edc00000, 0x00000000edc00000| Complete 
| 221|0x00000000edd00000, 0x00000000ede00000, 0x00000000ede00000|100%| E|CS|TAMS 0x00000000edd00000, 0x00000000edd00000| Complete 
| 222|0x00000000ede00000, 0x00000000edf00000, 0x00000000edf00000|100%| E|CS|TAMS 0x00000000ede00000, 0x00000000ede00000| Complete 
| 223|0x00000000edf00000, 0x00000000ee000000, 0x00000000ee000000|100%| E|CS|TAMS 0x00000000edf00000, 0x00000000edf00000| Complete 
| 224|0x00000000ee000000, 0x00000000ee100000, 0x00000000ee100000|100%| E|CS|TAMS 0x00000000ee000000, 0x00000000ee000000| Complete 
| 225|0x00000000ee100000, 0x00000000ee200000, 0x00000000ee200000|100%| E|CS|TAMS 0x00000000ee100000, 0x00000000ee100000| Complete 
| 226|0x00000000ee200000, 0x00000000ee300000, 0x00000000ee300000|100%| E|CS|TAMS 0x00000000ee200000, 0x00000000ee200000| Complete 
| 227|0x00000000ee300000, 0x00000000ee400000, 0x00000000ee400000|100%| E|CS|TAMS 0x00000000ee300000, 0x00000000ee300000| Complete 
| 228|0x00000000ee400000, 0x00000000ee500000, 0x00000000ee500000|100%| E|CS|TAMS 0x00000000ee400000, 0x00000000ee400000| Complete 
| 229|0x00000000ee500000, 0x00000000ee600000, 0x00000000ee600000|100%| E|CS|TAMS 0x00000000ee500000, 0x00000000ee500000| Complete 
| 230|0x00000000ee600000, 0x00000000ee700000, 0x00000000ee700000|100%| E|CS|TAMS 0x00000000ee600000, 0x00000000ee600000| Complete 
| 231|0x00000000ee700000, 0x00000000ee800000, 0x00000000ee800000|100%| E|CS|TAMS 0x00000000ee700000, 0x00000000ee700000| Complete 
| 232|0x00000000ee800000, 0x00000000ee900000, 0x00000000ee900000|100%| E|CS|TAMS 0x00000000ee800000, 0x00000000ee800000| Complete 
| 233|0x00000000ee900000, 0x00000000eea00000, 0x00000000eea00000|100%| E|CS|TAMS 0x00000000ee900000, 0x00000000ee900000| Complete 
| 234|0x00000000eea00000, 0x00000000eeb00000, 0x00000000eeb00000|100%| E|CS|TAMS 0x00000000eea00000, 0x00000000eea00000| Complete 
| 235|0x00000000eeb00000, 0x00000000eec00000, 0x00000000eec00000|100%| E|CS|TAMS 0x00000000eeb00000, 0x00000000eeb00000| Complete 
| 236|0x00000000eec00000, 0x00000000eed00000, 0x00000000eed00000|100%| E|CS|TAMS 0x00000000eec00000, 0x00000000eec00000| Complete 
| 237|0x00000000eed00000, 0x00000000eee00000, 0x00000000eee00000|100%| E|CS|TAMS 0x00000000eed00000, 0x00000000eed00000| Complete 
| 238|0x00000000eee00000, 0x00000000eef00000, 0x00000000eef00000|100%| E|CS|TAMS 0x00000000eee00000, 0x00000000eee00000| Complete 
| 239|0x00000000eef00000, 0x00000000ef000000, 0x00000000ef000000|100%| E|CS|TAMS 0x00000000eef00000, 0x00000000eef00000| Complete 
| 240|0x00000000ef000000, 0x00000000ef100000, 0x00000000ef100000|100%| E|CS|TAMS 0x00000000ef000000, 0x00000000ef000000| Complete 
| 241|0x00000000ef100000, 0x00000000ef200000, 0x00000000ef200000|100%| E|CS|TAMS 0x00000000ef100000, 0x00000000ef100000| Complete 
| 242|0x00000000ef200000, 0x00000000ef300000, 0x00000000ef300000|100%| E|CS|TAMS 0x00000000ef200000, 0x00000000ef200000| Complete 
| 243|0x00000000ef300000, 0x00000000ef400000, 0x00000000ef400000|100%| E|CS|TAMS 0x00000000ef300000, 0x00000000ef300000| Complete 
| 244|0x00000000ef400000, 0x00000000ef500000, 0x00000000ef500000|100%| E|CS|TAMS 0x00000000ef400000, 0x00000000ef400000| Complete 
| 245|0x00000000ef500000, 0x00000000ef600000, 0x00000000ef600000|100%| E|CS|TAMS 0x00000000ef500000, 0x00000000ef500000| Complete 
| 246|0x00000000ef600000, 0x00000000ef700000, 0x00000000ef700000|100%| E|CS|TAMS 0x00000000ef600000, 0x00000000ef600000| Complete 
| 247|0x00000000ef700000, 0x00000000ef800000, 0x00000000ef800000|100%| E|CS|TAMS 0x00000000ef700000, 0x00000000ef700000| Complete 
| 248|0x00000000ef800000, 0x00000000ef900000, 0x00000000ef900000|100%| E|CS|TAMS 0x00000000ef800000, 0x00000000ef800000| Complete 
| 249|0x00000000ef900000, 0x00000000efa00000, 0x00000000efa00000|100%| E|CS|TAMS 0x00000000ef900000, 0x00000000ef900000| Complete 
| 250|0x00000000efa00000, 0x00000000efb00000, 0x00000000efb00000|100%| E|CS|TAMS 0x00000000efa00000, 0x00000000efa00000| Complete 
| 251|0x00000000efb00000, 0x00000000efc00000, 0x00000000efc00000|100%| E|CS|TAMS 0x00000000efb00000, 0x00000000efb00000| Complete 
| 252|0x00000000efc00000, 0x00000000efd00000, 0x00000000efd00000|100%| E|CS|TAMS 0x00000000efc00000, 0x00000000efc00000| Complete 
| 253|0x00000000efd00000, 0x00000000efe00000, 0x00000000efe00000|100%| E|CS|TAMS 0x00000000efd00000, 0x00000000efd00000| Complete 
| 254|0x00000000efe00000, 0x00000000eff00000, 0x00000000eff00000|100%| E|CS|TAMS 0x00000000efe00000, 0x00000000efe00000| Complete 
| 255|0x00000000eff00000, 0x00000000f0000000, 0x00000000f0000000|100%| E|CS|TAMS 0x00000000eff00000, 0x00000000eff00000| Complete 

Card table byte_map: [0x0000021921910000,0x0000021921a10000] _byte_map_base: 0x0000021921210000

Marking Bits (Prev, Next): (CMBitMap*) 0x00000219088cbb90, (CMBitMap*) 0x00000219088cbb50
 Prev Bits: [0x0000021922310000, 0x0000021922b10000)
 Next Bits: [0x0000021921b10000, 0x0000021922310000)

Polling page: 0x0000021911b60000

Metaspace:

Usage:
  Non-class:     22.58 MB used.
      Class:      3.95 MB used.
       Both:     26.53 MB used.

Virtual space:
  Non-class space:       64.00 MB reserved,      22.75 MB ( 36%) committed,  1 nodes.
      Class space:      320.00 MB reserved,       4.12 MB (  1%) committed,  1 nodes.
             Both:      384.00 MB reserved,      26.88 MB (  7%) committed. 

Chunk freelists:
   Non-Class:  8.77 MB
       Class:  11.85 MB
        Both:  20.62 MB

MaxMetaspaceSize: 384.00 MB
CompressedClassSpaceSize: 320.00 MB
Initial GC threshold: 21.00 MB
Current GC threshold: 35.12 MB
CDS: on
MetaspaceReclaimPolicy: balanced
 - commit_granule_bytes: 65536.
 - commit_granule_words: 8192.
 - virtual_space_node_default_size: 8388608.
 - enlarge_chunks_in_place: 1.
 - new_chunks_are_fully_committed: 0.
 - uncommit_free_chunks: 1.
 - use_allocation_guard: 0.
 - handle_deallocations: 1.


Internal statistics:

num_allocs_failed_limit: 3.
num_arena_births: 294.
num_arena_deaths: 0.
num_vsnodes_births: 2.
num_vsnodes_deaths: 0.
num_space_committed: 430.
num_space_uncommitted: 0.
num_chunks_returned_to_freelist: 3.
num_chunks_taken_from_freelist: 1279.
num_chunk_merges: 3.
num_chunk_splits: 871.
num_chunks_enlarged: 624.
num_inconsistent_stats: 0.

CodeHeap 'non-profiled nmethods': size=120000Kb used=1761Kb max_used=1761Kb free=118238Kb
 bounds [0x0000021919650000, 0x00000219198c0000, 0x0000021920b80000]
CodeHeap 'profiled nmethods': size=120000Kb used=7171Kb max_used=7171Kb free=112828Kb
 bounds [0x0000021911b80000, 0x0000021912290000, 0x00000219190b0000]
CodeHeap 'non-nmethods': size=5760Kb used=1246Kb max_used=1288Kb free=4514Kb
 bounds [0x00000219190b0000, 0x0000021919320000, 0x0000021919650000]
 total_blobs=3887 nmethods=3331 adapters=468
 compilation: enabled
              stopped_count=0, restarted_count=0
 full_count=0

Compilation events (20 events):
Event: 68.116 Thread 0x00000219257ac930 nmethod 3310 0x0000021912276f90 code [0x0000021912277140, 0x0000021912277378]
Event: 68.132 Thread 0x00000219257ac930 3311       1       org.gradle.internal.instantiation.generator.AbstractClassGenerator$PropertyMetadata::getOverridableSetters (5 bytes)
Event: 68.132 Thread 0x00000219257ac930 nmethod 3311 0x0000021919805890 code [0x0000021919805a20, 0x0000021919805af8]
Event: 68.132 Thread 0x00000219257ac930 3312       1       org.slf4j.impl.StaticLoggerBinder::getLoggerFactory (5 bytes)
Event: 68.132 Thread 0x00000219257ac930 nmethod 3312 0x0000021919805b90 code [0x0000021919805d20, 0x0000021919805df8]
Event: 68.153 Thread 0x00000219257ac930 3313       3       java.lang.ClassLoader::getClassLoadingLock (35 bytes)
Event: 68.154 Thread 0x00000219257ac930 nmethod 3313 0x0000021912277490 code [0x0000021912277640, 0x0000021912277928]
Event: 68.328 Thread 0x00000219257ac930 3314       1       java.util.stream.ReduceOps$Box::get (5 bytes)
Event: 68.329 Thread 0x00000219257ac930 nmethod 3314 0x0000021919805e90 code [0x0000021919806020, 0x00000219198060f8]
Event: 68.372 Thread 0x00000219257abe80 3315       4       java.lang.Integer::valueOf (32 bytes)
Event: 68.373 Thread 0x00000219257abe80 nmethod 3315 0x0000021919806190 code [0x0000021919806320, 0x00000219198063f8]
Event: 68.461 Thread 0x00000219257ac930 3316       3       org.codehaus.groovy.reflection.GeneratedMetaMethod$DgmMethodRecord::<init> (5 bytes)
Event: 68.461 Thread 0x00000219257ac930 nmethod 3316 0x0000021912277a90 code [0x0000021912277c20, 0x0000021912277d78]
Event: 68.462 Thread 0x00000219257abe80 3317       4       java.io.DataInputStream::readUTF (5 bytes)
Event: 68.462 Thread 0x00000219257abe80 nmethod 3317 0x0000021919806490 code [0x0000021919806620, 0x00000219198066c8]
Event: 68.462 Thread 0x00000219257abe80 3318       4       java.lang.Integer::hashCode (8 bytes)
Event: 68.463 Thread 0x00000219257abe80 nmethod 3318 0x0000021919806790 code [0x0000021919806900, 0x0000021919806978]
Event: 68.463 Thread 0x00000219257abe80 3319       4       java.util.HashMap::get (19 bytes)
Event: 68.469 Thread 0x00000219257abe80 nmethod 3319 0x0000021919806a90 code [0x0000021919806c20, 0x0000021919806ed8]
Event: 68.469 Thread 0x00000219257abe80 3320       4       java.io.DataInputStream::readUTF (501 bytes)

GC Heap History (6 events):
Event: 6.542 GC heap before
{Heap before GC invocations=0 (full 0):
 garbage-first heap   total 262144K, used 26624K [0x00000000e0000000, 0x0000000100000000)
  region size 1024K, 23 young (23552K), 0 survivors (0K)
 Metaspace       used 3058K, committed 3200K, reserved 393216K
  class space    used 390K, committed 448K, reserved 327680K
}
Event: 6.565 GC heap after
{Heap after GC invocations=1 (full 0):
 garbage-first heap   total 262144K, used 10666K [0x00000000e0000000, 0x0000000100000000)
  region size 1024K, 3 young (3072K), 3 survivors (3072K)
 Metaspace       used 3058K, committed 3200K, reserved 393216K
  class space    used 390K, committed 448K, reserved 327680K
}
Event: 15.666 GC heap before
{Heap before GC invocations=1 (full 0):
 garbage-first heap   total 262144K, used 38314K [0x00000000e0000000, 0x0000000100000000)
  region size 1024K, 30 young (30720K), 3 survivors (3072K)
 Metaspace       used 4066K, committed 4224K, reserved 393216K
  class space    used 497K, committed 576K, reserved 327680K
}
Event: 15.669 GC heap after
{Heap after GC invocations=2 (full 0):
 garbage-first heap   total 262144K, used 11775K [0x00000000e0000000, 0x0000000100000000)
  region size 1024K, 1 young (1024K), 1 survivors (1024K)
 Metaspace       used 4066K, committed 4224K, reserved 393216K
  class space    used 497K, committed 576K, reserved 327680K
}
Event: 32.944 GC heap before
{Heap before GC invocations=2 (full 0):
 garbage-first heap   total 262144K, used 130559K [0x00000000e0000000, 0x0000000100000000)
  region size 1024K, 117 young (119808K), 1 survivors (1024K)
 Metaspace       used 21223K, committed 21504K, reserved 393216K
  class space    used 3109K, committed 3264K, reserved 327680K
}
Event: 33.028 GC heap after
{Heap after GC invocations=3 (full 0):
 garbage-first heap   total 262144K, used 22779K [0x00000000e0000000, 0x0000000100000000)
  region size 1024K, 12 young (12288K), 12 survivors (12288K)
 Metaspace       used 21223K, committed 21504K, reserved 393216K
  class space    used 3109K, committed 3264K, reserved 327680K
}

Dll operation events (14 events):
Event: 0.056 Loaded shared library C:\Program Files\Java\jdk-17.0.9.9-hotspot\bin\java.dll
Event: 0.140 Loaded shared library C:\Program Files\Java\jdk-17.0.9.9-hotspot\bin\jsvml.dll
Event: 0.554 Loaded shared library C:\Program Files\Java\jdk-17.0.9.9-hotspot\bin\zip.dll
Event: 0.564 Loaded shared library C:\Program Files\Java\jdk-17.0.9.9-hotspot\bin\instrument.dll
Event: 0.579 Loaded shared library C:\Program Files\Java\jdk-17.0.9.9-hotspot\bin\net.dll
Event: 0.590 Loaded shared library C:\Program Files\Java\jdk-17.0.9.9-hotspot\bin\nio.dll
Event: 0.599 Loaded shared library C:\Program Files\Java\jdk-17.0.9.9-hotspot\bin\zip.dll
Event: 5.172 Loaded shared library C:\Program Files\Java\jdk-17.0.9.9-hotspot\bin\jimage.dll
Event: 5.864 Loaded shared library C:\Program Files\Java\jdk-17.0.9.9-hotspot\bin\verify.dll
Event: 6.379 Loaded shared library C:\Users\PC\.gradle\native\c067742578af261105cb4f569cf0c3c89f3d7b1fecec35dd04571415982c5e48\windows-amd64\native-platform.dll
Event: 6.393 Loaded shared library C:\Users\PC\.gradle\native\38dada09dfb8b06ba9b0570ebf7e218e3eb74d4ef43ca46872605cf95ebc2f47\windows-amd64\native-platform-file-events.dll
Event: 18.992 Loaded shared library C:\Program Files\Java\jdk-17.0.9.9-hotspot\bin\management.dll
Event: 19.015 Loaded shared library C:\Program Files\Java\jdk-17.0.9.9-hotspot\bin\management_ext.dll
Event: 26.012 Loaded shared library C:\Program Files\Java\jdk-17.0.9.9-hotspot\bin\sunmscapi.dll

Deoptimization events (20 events):
Event: 68.082 Thread 0x00000219403ca1a0 Uncommon trap: trap_request=0xffffff45 fr.pc=0x0000021919796b20 relative=0x00000000000006e0
Event: 68.082 Thread 0x00000219403ca1a0 Uncommon trap: reason=unstable_if action=reinterpret pc=0x0000021919796b20 method=java.lang.Class.getPackageName()Ljava/lang/String; @ 55 c2
Event: 68.082 Thread 0x00000219403ca1a0 DEOPT PACKING pc=0x0000021919796b20 sp=0x000000245f2fa220
Event: 68.082 Thread 0x00000219403ca1a0 DEOPT UNPACKING pc=0x00000219191069a3 sp=0x000000245f2fa1e0 mode 2
Event: 68.461 Thread 0x00000219403ca1a0 Uncommon trap: trap_request=0xffffffde fr.pc=0x00000219197e405c relative=0x000000000000233c
Event: 68.461 Thread 0x00000219403ca1a0 Uncommon trap: reason=class_check action=maybe_recompile pc=0x00000219197e405c method=java.io.BufferedInputStream.read([BII)I @ 101 c2
Event: 68.461 Thread 0x00000219403ca1a0 DEOPT PACKING pc=0x00000219197e405c sp=0x000000245f2f7f90
Event: 68.461 Thread 0x00000219403ca1a0 DEOPT UNPACKING pc=0x00000219191069a3 sp=0x000000245f2f7e40 mode 2
Event: 68.461 Thread 0x00000219403ca1a0 Uncommon trap: trap_request=0xffffffde fr.pc=0x00000219197e405c relative=0x000000000000233c
Event: 68.461 Thread 0x00000219403ca1a0 Uncommon trap: reason=class_check action=maybe_recompile pc=0x00000219197e405c method=java.io.BufferedInputStream.read([BII)I @ 101 c2
Event: 68.461 Thread 0x00000219403ca1a0 DEOPT PACKING pc=0x00000219197e405c sp=0x000000245f2f7f90
Event: 68.461 Thread 0x00000219403ca1a0 DEOPT UNPACKING pc=0x00000219191069a3 sp=0x000000245f2f7e40 mode 2
Event: 68.461 Thread 0x00000219403ca1a0 Uncommon trap: trap_request=0xffffffde fr.pc=0x00000219197e405c relative=0x000000000000233c
Event: 68.461 Thread 0x00000219403ca1a0 Uncommon trap: reason=class_check action=maybe_recompile pc=0x00000219197e405c method=java.io.BufferedInputStream.read([BII)I @ 101 c2
Event: 68.461 Thread 0x00000219403ca1a0 DEOPT PACKING pc=0x00000219197e405c sp=0x000000245f2f7f90
Event: 68.461 Thread 0x00000219403ca1a0 DEOPT UNPACKING pc=0x00000219191069a3 sp=0x000000245f2f7e40 mode 2
Event: 68.462 Thread 0x00000219403ca1a0 Uncommon trap: trap_request=0xffffffde fr.pc=0x00000219197e405c relative=0x000000000000233c
Event: 68.462 Thread 0x00000219403ca1a0 Uncommon trap: reason=class_check action=maybe_recompile pc=0x00000219197e405c method=java.io.BufferedInputStream.read([BII)I @ 101 c2
Event: 68.463 Thread 0x00000219403ca1a0 DEOPT PACKING pc=0x00000219197e405c sp=0x000000245f2f7fb0
Event: 68.463 Thread 0x00000219403ca1a0 DEOPT UNPACKING pc=0x00000219191069a3 sp=0x000000245f2f7e60 mode 2

Classes unloaded (0 events):
No events

Classes redefined (0 events):
No events

Internal exceptions (20 events):
Event: 33.347 Thread 0x00000219403ca1a0 Exception <a 'java/lang/NoSuchMethodError'{0x00000000efa57328}: 'java.lang.Object java.lang.invoke.DirectMethodHandle$Holder.newInvokeSpecial(java.lang.Object, java.lang.Object, java.lang.Object, java.lang.Object, java.lang.Object, java.lang.Object, java.lang.Object, java.lang.Object, java.lang.Object, java.lang.Object)'> (0x00000000efa57328) 
thrown [s\src\hotspot\share\interpreter\linkResolver.cpp, line 759]
Event: 33.348 Thread 0x00000219403ca1a0 Exception <a 'java/lang/NoSuchMethodError'{0x00000000efa5c210}: 'java.lang.Object java.lang.invoke.Invokers$Holder.linkToTargetMethod(java.lang.Object, java.lang.Object, java.lang.Object, java.lang.Object, java.lang.Object, java.lang.Object, java.lang.Object, java.lang.Object, java.lang.Object, java.lang.Object)'> (0x00000000efa5c210) 
thrown [s\src\hotspot\share\interpreter\linkResolver.cpp, line 759]
Event: 33.355 Thread 0x00000219403ca1a0 Exception <a 'java/lang/NoSuchMethodError'{0x00000000efad0ff8}: 'java.lang.Object java.lang.invoke.DirectMethodHandle$Holder.newInvokeSpecial(java.lang.Object, java.lang.Object, java.lang.Object, java.lang.Object, java.lang.Object, java.lang.Object, java.lang.Object, java.lang.Object, java.lang.Object, java.lang.Object, java.lang.Object)'> (0x00000000efad0ff8) 
thrown [s\src\hotspot\share\interpreter\linkResolver.cpp, line 759]
Event: 33.356 Thread 0x00000219403ca1a0 Exception <a 'java/lang/NoSuchMethodError'{0x00000000efad6b30}: 'java.lang.Object java.lang.invoke.DirectMethodHandle$Holder.invokeSpecial(java.lang.Object, java.lang.Object, java.lang.Object, java.lang.Object, java.lang.Object, java.lang.Object, java.lang.Object, java.lang.Object, java.lang.Object, java.lang.Object, java.lang.Object, java.lang.Object)'> (0x00000000efad6b30) 
thrown [s\src\hotspot\share\interpreter\linkResolver.cpp, line 759]
Event: 33.356 Thread 0x00000219403ca1a0 Exception <a 'java/lang/NoSuchMethodError'{0x00000000efadc1c8}: 'java.lang.Object java.lang.invoke.Invokers$Holder.linkToTargetMethod(java.lang.Object, java.lang.Object, java.lang.Object, java.lang.Object, java.lang.Object, java.lang.Object, java.lang.Object, java.lang.Object, java.lang.Object, java.lang.Object, java.lang.Object)'> (0x00000000efadc1c8) 
thrown [s\src\hotspot\share\interpreter\linkResolver.cpp, line 759]
Event: 33.477 Thread 0x00000219403ca1a0 Exception <a 'java/lang/NoSuchMethodError'{0x00000000ef979148}: 'java.lang.Object java.lang.invoke.DirectMethodHandle$Holder.invokeStaticInit(java.lang.Object, java.lang.Object, java.lang.Object, java.lang.Object)'> (0x00000000ef979148) 
thrown [s\src\hotspot\share\interpreter\linkResolver.cpp, line 759]
Event: 33.920 Thread 0x00000219403ca1a0 Implicit null exception at 0x000002191969588f to 0x0000021919695dd0
Event: 34.468 Thread 0x00000219403ca1a0 Exception <a 'java/lang/NoSuchMethodError'{0x00000000ee65d4d0}: 'java.lang.Object java.lang.invoke.DirectMethodHandle$Holder.newInvokeSpecial(java.lang.Object, java.lang.Object, java.lang.Object, java.lang.Object, java.lang.Object, java.lang.Object, java.lang.Object, java.lang.Object)'> (0x00000000ee65d4d0) 
thrown [s\src\hotspot\share\interpreter\linkResolver.cpp, line 759]
Event: 34.469 Thread 0x00000219403ca1a0 Exception <a 'java/lang/NoSuchMethodError'{0x00000000ee663180}: 'java.lang.Object java.lang.invoke.DirectMethodHandle$Holder.invokeSpecial(java.lang.Object, java.lang.Object, java.lang.Object, java.lang.Object, java.lang.Object, java.lang.Object, java.lang.Object, java.lang.Object, java.lang.Object)'> (0x00000000ee663180) 
thrown [s\src\hotspot\share\interpreter\linkResolver.cpp, line 759]
Event: 34.469 Thread 0x00000219403ca1a0 Exception <a 'java/lang/NoSuchMethodError'{0x00000000ee6687d8}: 'java.lang.Object java.lang.invoke.Invokers$Holder.linkToTargetMethod(java.lang.Object, java.lang.Object, java.lang.Object, java.lang.Object, java.lang.Object, java.lang.Object, java.lang.Object, java.lang.Object)'> (0x00000000ee6687d8) 
thrown [s\src\hotspot\share\interpreter\linkResolver.cpp, line 759]
Event: 34.480 Thread 0x00000219403ca1a0 Exception <a 'java/lang/IncompatibleClassChangeError'{0x00000000ee6d6450}: Found class java.lang.Object, but interface was expected> (0x00000000ee6d6450) 
thrown [s\src\hotspot\share\interpreter\linkResolver.cpp, line 826]
Event: 46.612 Thread 0x0000021940de3750 Exception <a 'java/lang/NoSuchMethodError'{0x00000000edb26e90}: static Lorg/gradle/launcher/daemon/protocol/Command;.<clinit>()V> (0x00000000edb26e90) 
thrown [s\src\hotspot\share\prims\jni.cpp, line 1107]
Event: 46.613 Thread 0x0000021940de3750 Exception <a 'java/lang/NoSuchMethodError'{0x00000000edb31ec0}: static Lorg/gradle/launcher/daemon/protocol/InvalidateVirtualFileSystem;.<clinit>()V> (0x00000000edb31ec0) 
thrown [s\src\hotspot\share\prims\jni.cpp, line 1107]
Event: 46.651 Thread 0x0000021940de7410 Exception <a 'java/lang/NoSuchMethodError'{0x00000000edcb87a0}: 'int java.lang.invoke.DirectMethodHandle$Holder.invokeStaticInit(java.lang.Object, java.lang.Object, java.lang.Object)'> (0x00000000edcb87a0) 
thrown [s\src\hotspot\share\interpreter\linkResolver.cpp, line 759]
Event: 58.485 Thread 0x00000219403ca1a0 Exception <a 'java/lang/NoSuchMethodError'{0x00000000eda4f840}: 'java.lang.Object java.lang.invoke.DirectMethodHandle$Holder.newInvokeSpecial(java.lang.Object, java.lang.Object, long)'> (0x00000000eda4f840) 
thrown [s\src\hotspot\share\interpreter\linkResolver.cpp, line 759]
Event: 58.485 Thread 0x00000219403ca1a0 Exception <a 'java/lang/NoSuchMethodError'{0x00000000eda53eb0}: 'java.lang.Object java.lang.invoke.Invokers$Holder.linkToTargetMethod(java.lang.Object, long, java.lang.Object)'> (0x00000000eda53eb0) 
thrown [s\src\hotspot\share\interpreter\linkResolver.cpp, line 759]
Event: 58.547 Thread 0x00000219403ca1a0 Exception <a 'java/lang/NoSuchMethodError'{0x00000000ed942578}: 'int java.lang.invoke.DirectMethodHandle$Holder.invokeInterface(java.lang.Object, java.lang.Object)'> (0x00000000ed942578) 
thrown [s\src\hotspot\share\interpreter\linkResolver.cpp, line 759]
Event: 58.550 Thread 0x00000219403ca1a0 Exception <a 'java/lang/NoSuchMethodError'{0x00000000ed96ba58}: 'java.lang.Object java.lang.invoke.DirectMethodHandle$Holder.invokeStatic(java.lang.Object, java.lang.Object, int, java.lang.Object)'> (0x00000000ed96ba58) 
thrown [s\src\hotspot\share\interpreter\linkResolver.cpp, line 759]
Event: 58.551 Thread 0x00000219403ca1a0 Exception <a 'java/lang/NoSuchMethodError'{0x00000000ed9737f8}: 'java.lang.Object java.lang.invoke.DirectMethodHandle$Holder.newInvokeSpecial(java.lang.Object, java.lang.Object, int, java.lang.Object)'> (0x00000000ed9737f8) 
thrown [s\src\hotspot\share\interpreter\linkResolver.cpp, line 759]
Event: 58.551 Thread 0x00000219403ca1a0 Exception <a 'java/lang/NoSuchMethodError'{0x00000000ed9780e0}: 'java.lang.Object java.lang.invoke.DirectMethodHandle$Holder.invokeSpecial(java.lang.Object, java.lang.Object, java.lang.Object, int, java.lang.Object)'> (0x00000000ed9780e0) 
thrown [s\src\hotspot\share\interpreter\linkResolver.cpp, line 759]

VM Operations (20 events):
Event: 58.904 Executing VM operation: Cleanup
Event: 58.904 Executing VM operation: Cleanup done
Event: 60.285 Executing VM operation: HandshakeAllThreads
Event: 60.285 Executing VM operation: HandshakeAllThreads done
Event: 60.285 Executing VM operation: Cleanup
Event: 60.285 Executing VM operation: Cleanup done
Event: 61.285 Executing VM operation: Cleanup
Event: 61.285 Executing VM operation: Cleanup done
Event: 62.259 Executing VM operation: HandshakeAllThreads
Event: 62.259 Executing VM operation: HandshakeAllThreads done
Event: 62.261 Executing VM operation: HandshakeAllThreads
Event: 62.261 Executing VM operation: HandshakeAllThreads done
Event: 63.261 Executing VM operation: Cleanup
Event: 63.261 Executing VM operation: Cleanup done
Event: 64.262 Executing VM operation: Cleanup
Event: 64.262 Executing VM operation: Cleanup done
Event: 66.262 Executing VM operation: Cleanup
Event: 66.262 Executing VM operation: Cleanup done
Event: 68.263 Executing VM operation: Cleanup
Event: 68.263 Executing VM operation: Cleanup done

Events (20 events):
Event: 68.113 loading class java/beans/Transient
Event: 68.113 loading class java/beans/Transient done
Event: 68.133 loading class java/util/stream/Streams$RangeIntSpliterator
Event: 68.135 loading class java/util/stream/Streams$RangeIntSpliterator done
Event: 68.138 loading class java/util/stream/IntPipeline$1
Event: 68.138 loading class java/util/stream/IntPipeline$1 done
Event: 68.139 loading class java/util/stream/Nodes$FixedNodeBuilder
Event: 68.139 loading class java/util/stream/Nodes$ArrayNode
Event: 68.140 loading class java/util/stream/Nodes$ArrayNode done
Event: 68.140 loading class java/util/stream/Nodes$FixedNodeBuilder done
Event: 68.140 loading class java/util/stream/IntPipeline$1$1
Event: 68.140 loading class java/util/stream/IntPipeline$1$1 done
Event: 68.157 loading class java/util/EventListener
Event: 68.158 loading class java/util/EventListener done
Event: 68.346 loading class java/util/BitSet
Event: 68.348 loading class java/util/BitSet done
Event: 68.446 loading class java/util/TimerTask
Event: 68.447 loading class java/util/TimerTask done
Event: 68.447 loading class java/util/Timer
Event: 68.448 loading class java/util/Timer done


Dynamic libraries:
0x00007ff6d3b50000 - 0x00007ff6d3b5e000 	C:\Program Files\Java\jdk-17.0.9.9-hotspot\bin\java.exe
0x00007ffac0190000 - 0x00007ffac03a7000 	C:\WINDOWS\SYSTEM32\ntdll.dll
0x00007ffabec80000 - 0x00007ffabed44000 	C:\WINDOWS\System32\KERNEL32.DLL
0x00007ffabda10000 - 0x00007ffabddb6000 	C:\WINDOWS\System32\KERNELBASE.dll
0x00007ffabddc0000 - 0x00007ffabded1000 	C:\WINDOWS\System32\ucrtbase.dll
0x00007ffaadfa0000 - 0x00007ffaadfb7000 	C:\Program Files\Java\jdk-17.0.9.9-hotspot\bin\jli.dll
0x00007ffabdf90000 - 0x00007ffabe13e000 	C:\WINDOWS\System32\USER32.dll
0x00007ffabd870000 - 0x00007ffabd896000 	C:\WINDOWS\System32\win32u.dll
0x00007ffabe140000 - 0x00007ffabe169000 	C:\WINDOWS\System32\GDI32.dll
0x00007ffabd6b0000 - 0x00007ffabd7c8000 	C:\WINDOWS\System32\gdi32full.dll
0x00007ffabd7d0000 - 0x00007ffabd86a000 	C:\WINDOWS\System32\msvcp_win.dll
0x00007ffaadf30000 - 0x00007ffaadf4b000 	C:\Program Files\Java\jdk-17.0.9.9-hotspot\bin\VCRUNTIME140.dll
0x00007ffa89f00000 - 0x00007ffa8a193000 	C:\WINDOWS\WinSxS\amd64_microsoft.windows.common-controls_6595b64144ccf1df_6.0.22621.2506_none_270c5ae97388e100\COMCTL32.dll
0x00007ffabf360000 - 0x00007ffabf407000 	C:\WINDOWS\System32\msvcrt.dll
0x00007ffabe170000 - 0x00007ffabe1a1000 	C:\WINDOWS\System32\IMM32.DLL
0x00007ffaae0c0000 - 0x00007ffaae0cc000 	C:\Program Files\Java\jdk-17.0.9.9-hotspot\bin\vcruntime140_1.dll
0x00007ffaadea0000 - 0x00007ffaadf2d000 	C:\Program Files\Java\jdk-17.0.9.9-hotspot\bin\msvcp140.dll
0x00007ffa02450000 - 0x00007ffa030b1000 	C:\Program Files\Java\jdk-17.0.9.9-hotspot\bin\server\jvm.dll
0x00007ffabe410000 - 0x00007ffabe4c3000 	C:\WINDOWS\System32\ADVAPI32.dll
0x00007ffabdee0000 - 0x00007ffabdf88000 	C:\WINDOWS\System32\sechost.dll
0x00007ffabd8a0000 - 0x00007ffabd8c8000 	C:\WINDOWS\System32\bcrypt.dll
0x00007ffabfd80000 - 0x00007ffabfe97000 	C:\WINDOWS\System32\RPCRT4.dll
0x00007ffa9c7a0000 - 0x00007ffa9c7a9000 	C:\WINDOWS\SYSTEM32\WSOCK32.dll
0x00007ffabeb20000 - 0x00007ffabeb91000 	C:\WINDOWS\System32\WS2_32.dll
0x00007ffabd3a0000 - 0x00007ffabd3ed000 	C:\WINDOWS\SYSTEM32\POWRPROF.dll
0x00007ffaa5ed0000 - 0x00007ffaa5eda000 	C:\WINDOWS\SYSTEM32\VERSION.dll
0x00007ffab0750000 - 0x00007ffab0784000 	C:\WINDOWS\SYSTEM32\WINMM.dll
0x00007ffabd380000 - 0x00007ffabd393000 	C:\WINDOWS\SYSTEM32\UMPDC.dll
0x00007ffabc500000 - 0x00007ffabc518000 	C:\WINDOWS\SYSTEM32\kernel.appcore.dll
0x00007ffaadf90000 - 0x00007ffaadf9a000 	C:\Program Files\Java\jdk-17.0.9.9-hotspot\bin\jimage.dll
0x00007ffabad70000 - 0x00007ffabafa3000 	C:\WINDOWS\SYSTEM32\DBGHELP.DLL
0x00007ffabe5d0000 - 0x00007ffabe959000 	C:\WINDOWS\System32\combase.dll
0x00007ffac0060000 - 0x00007ffac0137000 	C:\WINDOWS\System32\OLEAUT32.dll
0x00007ffaa2390000 - 0x00007ffaa23c2000 	C:\WINDOWS\SYSTEM32\dbgcore.DLL
0x00007ffabd990000 - 0x00007ffabda0a000 	C:\WINDOWS\System32\bcryptPrimitives.dll
0x00007ffaade90000 - 0x00007ffaade9e000 	C:\Program Files\Java\jdk-17.0.9.9-hotspot\bin\instrument.dll
0x00007ffa8edf0000 - 0x00007ffa8ee15000 	C:\Program Files\Java\jdk-17.0.9.9-hotspot\bin\java.dll
0x00007ffa8eb80000 - 0x00007ffa8ec57000 	C:\Program Files\Java\jdk-17.0.9.9-hotspot\bin\jsvml.dll
0x00007ffabf410000 - 0x00007ffabfc6a000 	C:\WINDOWS\System32\SHELL32.dll
0x00007ffabb420000 - 0x00007ffabbd16000 	C:\WINDOWS\SYSTEM32\windows.storage.dll
0x00007ffabb2e0000 - 0x00007ffabb41e000 	C:\WINDOWS\SYSTEM32\wintypes.dll
0x00007ffabfc80000 - 0x00007ffabfd73000 	C:\WINDOWS\System32\SHCORE.dll
0x00007ffabec20000 - 0x00007ffabec7e000 	C:\WINDOWS\System32\shlwapi.dll
0x00007ffabd400000 - 0x00007ffabd426000 	C:\WINDOWS\SYSTEM32\profapi.dll
0x00007ffa8edd0000 - 0x00007ffa8ede8000 	C:\Program Files\Java\jdk-17.0.9.9-hotspot\bin\zip.dll
0x00007ffa8dd20000 - 0x00007ffa8dd39000 	C:\Program Files\Java\jdk-17.0.9.9-hotspot\bin\net.dll
0x00007ffab4910000 - 0x00007ffab4a47000 	C:\WINDOWS\SYSTEM32\WINHTTP.dll
0x00007ffabc980000 - 0x00007ffabc9e9000 	C:\WINDOWS\system32\mswsock.dll
0x00007ffa8dd00000 - 0x00007ffa8dd16000 	C:\Program Files\Java\jdk-17.0.9.9-hotspot\bin\nio.dll
0x00007ffaad840000 - 0x00007ffaad850000 	C:\Program Files\Java\jdk-17.0.9.9-hotspot\bin\verify.dll
0x00007ffa73c60000 - 0x00007ffa73c87000 	C:\Users\PC\.gradle\native\c067742578af261105cb4f569cf0c3c89f3d7b1fecec35dd04571415982c5e48\windows-amd64\native-platform.dll
0x00007ffa6c440000 - 0x00007ffa6c584000 	C:\Users\PC\.gradle\native\38dada09dfb8b06ba9b0570ebf7e218e3eb74d4ef43ca46872605cf95ebc2f47\windows-amd64\native-platform-file-events.dll
0x00007ffaad800000 - 0x00007ffaad809000 	C:\Program Files\Java\jdk-17.0.9.9-hotspot\bin\management.dll
0x00007ffa8eb70000 - 0x00007ffa8eb7b000 	C:\Program Files\Java\jdk-17.0.9.9-hotspot\bin\management_ext.dll
0x00007ffabe1b0000 - 0x00007ffabe1b8000 	C:\WINDOWS\System32\PSAPI.DLL
0x00007ffabcbe0000 - 0x00007ffabcbfb000 	C:\WINDOWS\SYSTEM32\CRYPTSP.dll
0x00007ffabc460000 - 0x00007ffabc495000 	C:\WINDOWS\system32\rsaenh.dll
0x00007ffabca70000 - 0x00007ffabca9c000 	C:\WINDOWS\SYSTEM32\USERENV.dll
0x00007ffabcbd0000 - 0x00007ffabcbdc000 	C:\WINDOWS\SYSTEM32\CRYPTBASE.dll
0x00007ffabbf80000 - 0x00007ffabbfad000 	C:\WINDOWS\SYSTEM32\IPHLPAPI.DLL
0x00007ffabfc70000 - 0x00007ffabfc79000 	C:\WINDOWS\System32\NSI.dll
0x00007ffab3be0000 - 0x00007ffab3bf9000 	C:\WINDOWS\SYSTEM32\dhcpcsvc6.DLL
0x00007ffab3bc0000 - 0x00007ffab3bdf000 	C:\WINDOWS\SYSTEM32\dhcpcsvc.DLL
0x00007ffabbfb0000 - 0x00007ffabc0a9000 	C:\WINDOWS\SYSTEM32\DNSAPI.dll
0x00007ffa8e8d0000 - 0x00007ffa8e8de000 	C:\Program Files\Java\jdk-17.0.9.9-hotspot\bin\sunmscapi.dll
0x00007ffabd4d0000 - 0x00007ffabd636000 	C:\WINDOWS\System32\CRYPT32.dll
0x00007ffabcd70000 - 0x00007ffabcd9e000 	C:\WINDOWS\SYSTEM32\ncrypt.dll
0x00007ffabcd30000 - 0x00007ffabcd67000 	C:\WINDOWS\SYSTEM32\NTASN1.dll
0x00007ffa861d0000 - 0x00007ffa861d8000 	C:\WINDOWS\system32\wshunix.dll

dbghelp: loaded successfully - version: 4.0.5 - missing functions: none
symbol engine: initialized successfully - sym options: 0x614 - pdb path: .;C:\Program Files\Java\jdk-17.0.9.9-hotspot\bin;C:\WINDOWS\SYSTEM32;C:\WINDOWS\WinSxS\amd64_microsoft.windows.common-controls_6595b64144ccf1df_6.0.22621.2506_none_270c5ae97388e100;C:\Program Files\Java\jdk-17.0.9.9-hotspot\bin\server;C:\Users\PC\.gradle\native\c067742578af261105cb4f569cf0c3c89f3d7b1fecec35dd04571415982c5e48\windows-amd64;C:\Users\PC\.gradle\native\38dada09dfb8b06ba9b0570ebf7e218e3eb74d4ef43ca46872605cf95ebc2f47\windows-amd64

VM Arguments:
jvm_args: --add-opens=java.base/java.util=ALL-UNNAMED --add-opens=java.base/java.lang=ALL-UNNAMED --add-opens=java.base/java.lang.invoke=ALL-UNNAMED --add-opens=java.prefs/java.util.prefs=ALL-UNNAMED --add-opens=java.base/java.nio.charset=ALL-UNNAMED --add-opens=java.base/java.net=ALL-UNNAMED --add-opens=java.base/java.util.concurrent.atomic=ALL-UNNAMED -XX:MaxMetaspaceSize=384m -XX:+HeapDumpOnOutOfMemoryError -Xms256m -Xmx512m -Dfile.encoding=x-windows-949 -Duser.country=KR -Duser.language=ko -Duser.variant -javaagent:C:\Users\PC\.gradle\wrapper\dists\gradle-8.5-bin\5t9huq95ubn472n8rpzujfbqh\gradle-8.5\lib\agents\gradle-instrumentation-agent-8.5.jar 
java_command: org.gradle.launcher.daemon.bootstrap.GradleDaemon 8.5
java_class_path (initial): C:\Users\PC\.gradle\wrapper\dists\gradle-8.5-bin\5t9huq95ubn472n8rpzujfbqh\gradle-8.5\lib\gradle-launcher-8.5.jar
Launcher Type: SUN_STANDARD

[Global flags]
     intx CICompilerCount                          = 4                                         {product} {ergonomic}
   size_t CompressedClassSpaceSize                 = 335544320                                 {product} {ergonomic}
     uint ConcGCThreads                            = 3                                         {product} {ergonomic}
     uint G1ConcRefinementThreads                  = 10                                        {product} {ergonomic}
   size_t G1HeapRegionSize                         = 1048576                                   {product} {ergonomic}
    uintx GCDrainStackTargetSize                   = 64                                        {product} {ergonomic}
     bool HeapDumpOnOutOfMemoryError               = true                                   {manageable} {command line}
   size_t InitialHeapSize                          = 268435456                                 {product} {command line}
   size_t MarkStackSize                            = 4194304                                   {product} {ergonomic}
   size_t MaxHeapSize                              = 536870912                                 {product} {command line}
   size_t MaxMetaspaceSize                         = 402653184                                 {product} {command line}
   size_t MaxNewSize                               = 321912832                                 {product} {ergonomic}
   size_t MinHeapDeltaBytes                        = 1048576                                   {product} {ergonomic}
   size_t MinHeapSize                              = 268435456                                 {product} {command line}
    uintx NonNMethodCodeHeapSize                   = 5839372                                {pd product} {ergonomic}
    uintx NonProfiledCodeHeapSize                  = 122909434                              {pd product} {ergonomic}
    uintx ProfiledCodeHeapSize                     = 122909434                              {pd product} {ergonomic}
    uintx ReservedCodeCacheSize                    = 251658240                              {pd product} {ergonomic}
     bool SegmentedCodeCache                       = true                                      {product} {ergonomic}
   size_t SoftMaxHeapSize                          = 536870912                              {manageable} {ergonomic}
     bool UseCompressedClassPointers               = true                           {product lp64_product} {ergonomic}
     bool UseCompressedOops                        = true                           {product lp64_product} {ergonomic}
     bool UseG1GC                                  = true                                      {product} {ergonomic}
     bool UseLargePagesIndividualAllocation        = false                                  {pd product} {ergonomic}

Logging:
Log output configuration:
 #0: stdout all=warning uptime,level,tags
 #1: stderr all=off uptime,level,tags

Environment Variables:
JAVA_HOME=C:\Program Files\Java\jdk-17.0.9.9-hotspot\
CLASSPATH=C:\Program Files\Java\jdk-17.0.9.9-hotspot\\lib\;
PATH="C:\Program Files\Java\jdk-17.0.9.9-hotspot\bin;C:\Program Files\Java\jdk-17.0.9.9-hotspot\bin";C:\Program Files (x86)\NAT Service;C:\Program Files\Java\jdk-17.0.9.9-hotspot\\bin;C:\Program Files (x86)\Common Files\Oracle\Java\javapath;C:\app\PC\product\18.0.0\dbhomeXE\bin;C:\WINDOWS\system32;C:\WINDOWS;C:\WINDOWS\System32\Wbem;C:\WINDOWS\System32\WindowsPowerShell\v1.0\;C:\WINDOWS\System32\OpenSSH\;C:\Program Files\Bandizip\;C:\Program Files\Microsoft SQL Server\150\Tools\Binn\;C:\Program Files\Microsoft SQL Server\Client SDK\ODBC\170\Tools\Binn\;C:\Program Files\dotnet\;C:\Program Files\Git\cmd;C:\Program Files\PuTTY\;C:\Program Files\MySQL\MySQL Shell 8.0\bin\;C:\Program Files\Java\jdk-11\bin;C:\Users\PC\AppData\Local\Microsoft\WindowsApps;C:\Users\PC\AppData\Local\Programs\Microsoft VS Code\bin;C:\Users\PC\.dotnet\tools;C:\Users\PC\AppData\Local\afreeca;;C:\InteliJ\IntelliJ IDEA Community Edition 2023.2.5\bin;;C:\InteliJ\IntelliJ IDEA 2023.3.1\bin;
USERNAME=PC
OS=Windows_NT
PROCESSOR_IDENTIFIER=Intel64 Family 6 Model 154 Stepping 4, GenuineIntel
TMP=C:\Users\PC\AppData\Local\Temp
TEMP=C:\Users\PC\AppData\Local\Temp



Periodic native trim disabled


---------------  S Y S T E M  ---------------

OS:
 Windows 11 , 64 bit Build 22621 (10.0.22621.2506)
OS uptime: 0 days 15:11 hours

CPU: total 12 (initial active 12) (12 cores per cpu, 1 threads per core) family 6 model 154 stepping 4 microcode 0x41e, cx8, cmov, fxsr, mmx, 3dnowpref, sse, sse2, sse3, ssse3, sse4.1, sse4.2, popcnt, lzcnt, tsc, tscinvbit, avx, avx2, aes, erms, clmul, bmi1, bmi2, adx, sha, fma, vzeroupper, clflush, clflushopt, clwb
Processor Information for processor 0
  Max Mhz: 1700, Current Mhz: 1700, Mhz Limit: 1700
Processor Information for processor 1
  Max Mhz: 1700, Current Mhz: 1700, Mhz Limit: 1700
Processor Information for processor 2
  Max Mhz: 1700, Current Mhz: 1700, Mhz Limit: 1700
Processor Information for processor 3
  Max Mhz: 1700, Current Mhz: 1700, Mhz Limit: 1700
Processor Information for processor 4
  Max Mhz: 1700, Current Mhz: 1200, Mhz Limit: 1190
Processor Information for processor 5
  Max Mhz: 1700, Current Mhz: 1200, Mhz Limit: 1190
Processor Information for processor 6
  Max Mhz: 1700, Current Mhz: 1200, Mhz Limit: 1190
Processor Information for processor 7
  Max Mhz: 1700, Current Mhz: 1200, Mhz Limit: 1190
Processor Information for processor 8
  Max Mhz: 1700, Current Mhz: 1200, Mhz Limit: 1190
Processor Information for processor 9
  Max Mhz: 1700, Current Mhz: 1200, Mhz Limit: 1190
Processor Information for processor 10
  Max Mhz: 1700, Current Mhz: 1200, Mhz Limit: 1190
Processor Information for processor 11
  Max Mhz: 1700, Current Mhz: 1200, Mhz Limit: 1190

Memory: 4k page, system-wide physical 16083M (248M free)
TotalPageFile size 32375M (AvailPageFile size 4M)
current process WorkingSet (physical memory assigned to process): 207M, peak: 252M
current process commit charge ("private bytes"): 414M, peak: 427M

vm_info: OpenJDK 64-Bit Server VM (17.0.9+9) for windows-amd64 JRE (17.0.9+9), built on Oct 26 2023 14:01:42 by "admin" with MS VC++ 16.10 / 16.11 (VS2019)

END.
